10/06/2023, 17:20:23.885078   freeze begin, value - 24.848575193898935
10/06/2023, 17:20:23.914280   freeze finish - f 1, value - 24.848575193898935
10/06/2023, 17:22:35.616219   freeze begin, value - 24.545196275412103
10/06/2023, 17:22:35.649021   freeze finish - f 1, value - 24.545196275412103
10/06/2023, 17:27:56.449078   freeze begin, value - 24.66947523062631
10/06/2023, 17:27:56.480705   freeze finish - f 1, value - 24.66947523062631
10/06/2023, 17:41:08.890739   freeze begin, value - 23.16818977250632
10/06/2023, 17:41:08.943164   freeze finish - f 1, value - 23.16818977250632
10/06/2023, 17:48:40.057207   freeze begin, value - 9.622021301877417
10/06/2023, 17:48:40.094437   freeze finish - f 1, value - 9.622021301877417
10/06/2023, 17:50:44.190603   freeze begin, value - 9.638019314278306
10/06/2023, 17:50:44.224718   freeze finish - f 1, value - 9.638019314278306
10/06/2023, 17:52:44.535752   freeze begin, value - 9.35790826798021
10/06/2023, 17:52:44.561636   freeze finish - f 1, value - 9.35790826798021
10/06/2023, 17:53:10.985224   freeze begin, value - 9.457558277702162
10/06/2023, 17:53:11.015971   freeze finish - f 1, value - 9.457558277702162
10/06/2023, 17:53:18.788295   freeze begin, value - 9.402132348175513
10/06/2023, 17:53:18.812633   freeze finish - f 1, value - 9.402132348175513
10/06/2023, 17:54:25.707227   freeze begin, value - 3.9838183507248255
10/06/2023, 17:54:25.733571   freeze finish - f 1, value - 3.9838183507248255
10/06/2023, 17:55:00.297626   freeze begin, value - 3.8883919891114136
10/06/2023, 17:55:02.255819   freeze finish - f 58, value - 3.8883919891114136
10/06/2023, 17:56:21.088243   freeze begin, value - 4.019163047940026
10/06/2023, 17:56:21.133171   freeze finish - f 1, value - 4.019163047940026
10/06/2023, 17:56:30.381536   freeze begin, value - 4.132585823233305
10/06/2023, 17:56:30.405758   freeze finish - f 1, value - 4.132585823233305
10/06/2023, 18:00:07.228842   freeze begin, value - 17.61700909542636
10/06/2023, 18:00:07.295212   freeze finish - f 2, value - 17.61700909542636
10/18/2023, 10:57:22.037604   freeze begin, value - 3.8883919891114136
10/18/2023, 12:54:03.164205   freeze begin, value - 3.8883919891114136
10/18/2023, 12:54:09.873854   freeze begin, value - 3.8883919891114136
10/18/2023, 12:54:25.267103   freeze begin, value - 3.8883919891114136
10/18/2023, 12:54:31.974483   freeze begin, value - 3.8883919891114136
10/18/2023, 12:54:44.309221   freeze begin, value - 3.8883919891114136
10/18/2023, 12:56:57.491868   freeze begin, value - 3.8883919891114136
10/18/2023, 12:57:01.212101   freeze begin, value - 3.8883919891114136
10/18/2023, 12:57:34.409104   freeze begin, value - 3.8883919891114136
10/18/2023, 12:57:40.882188   freeze begin, value - 3.8883919891114136
10/18/2023, 13:00:38.646631   freeze begin, value - 3.8883919891114136
10/18/2023, 13:01:08.488949   freeze begin, value - 3.8883919891114136
10/18/2023, 13:01:18.371580   freeze begin, value - 3.8883919891114136
10/18/2023, 13:09:07.958834   freeze begin, value - 3.8883919891114136
10/18/2023, 13:09:44.612579   freeze begin, value - 3.8883919891114136
10/18/2023, 13:10:00.268298   freeze begin, value - 3.8883919891114136
10/18/2023, 13:10:04.763161   freeze begin, value - 3.8883919891114136
10/18/2023, 13:10:19.011779   freeze begin, value - 3.8883919891114136
10/18/2023, 13:10:29.454640   freeze begin, value - 3.8883919891114136
10/18/2023, 13:10:46.703780   freeze begin, value - 3.8883919891114136
10/18/2023, 13:12:41.400073   freeze begin, value - 3.8883919891114136
10/18/2023, 13:12:44.667039   freeze begin, value - 3.8883919891114136
10/18/2023, 13:12:51.047844   freeze begin, value - 3.8883919891114136
10/18/2023, 13:13:10.195449   freeze begin, value - 3.8883919891114136
10/18/2023, 13:13:24.746881   freeze begin, value - 3.8883919891114136
10/18/2023, 13:13:40.394096   freeze begin, value - 3.8883919891114136
10/18/2023, 13:13:53.104465   freeze begin, value - 3.8883919891114136
10/18/2023, 13:21:24.027047   freeze begin, value - 3.8883919891114136
10/18/2023, 13:21:29.661618   freeze begin, value - 3.8883919891114136
10/18/2023, 13:21:33.762657   freeze begin, value - 3.8883919891114136
10/18/2023, 13:21:42.695512   freeze begin, value - 3.8883919891114136
10/18/2023, 13:33:15.119888   freeze begin, value - 3.8883919891114136
10/18/2023, 13:33:39.919702   freeze begin, value - 3.8883919891114136
10/18/2023, 13:34:39.286894   freeze begin, value - 3.8883919891114136
10/18/2023, 13:36:39.767364   freeze begin, value - 3.8883919891114136
10/18/2023, 15:26:46.971848   freeze begin, value - 0
10/18/2023, 15:26:46.972360   black begin
10/18/2023, 15:29:17.484085   freeze begin, value - 0
10/18/2023, 15:29:17.485102   black begin
10/18/2023, 15:30:54.720452   freeze begin, value - 0
10/18/2023, 15:30:54.721458   black begin
10/18/2023, 15:31:26.297393   freeze begin, value - 0
10/18/2023, 15:31:26.297393   black begin
10/18/2023, 15:32:58.056540   freeze begin, value - 0
10/18/2023, 15:32:58.056540   black begin
10/18/2023, 15:34:14.211760   freeze begin, value - 0
10/18/2023, 15:34:14.212770   black begin
10/18/2023, 15:34:44.359886   freeze begin, value - 0
10/18/2023, 15:34:44.360893   black begin
10/18/2023, 15:36:23.615320   freeze begin, value - 0
10/18/2023, 15:36:23.616337   black begin
10/18/2023, 15:37:07.878172   freeze begin, value - 0
10/18/2023, 15:37:07.878692   black begin
10/18/2023, 15:38:46.527068   freeze begin, value - 0
10/18/2023, 15:38:46.527579   black begin
10/18/2023, 15:40:51.841269   freeze begin, value - 0.0
10/18/2023, 15:40:51.841269   black begin
10/18/2023, 15:41:41.672589   freeze begin, value - 0
10/18/2023, 15:41:41.673607   black begin
10/18/2023, 15:43:49.907902   black begin
 value - 0
10/18/2023, 15:43:50.658017   freeze finish - f 11, value - 0.0
10/18/2023, 15:43:50.658530   black finish - 11
10/18/2023, 15:44:10.600334   freeze begin, value - 96.37170263788968
10/18/2023, 15:44:10.662754   freeze finish - f 1, value - 96.37170263788968
10/18/2023, 15:44:46.618436   freeze begin, value - 96.37170263788968
10/18/2023, 15:44:46.690887   freeze finish - f 1, value - 96.37170263788968
10/18/2023, 15:44:50.617996   freeze begin, value - 96.37170263788968
10/18/2023, 15:44:50.691159   freeze finish - f 1, value - 96.37170263788968
10/18/2023, 15:46:02.708561   freeze begin, value - 96.37170263788968
10/18/2023, 15:46:02.773854   freeze finish - f 1, value - 96.37170263788968
10/18/2023, 15:46:10.721485   freeze begin, value - 34.0599520383693
10/18/2023, 15:46:10.789365   freeze finish - f 1, value - 34.0599520383693
10/18/2023, 15:46:14.698754   freeze begin, value - 96.37170263788968
10/18/2023, 15:46:14.771358   freeze finish - f 1, value - 96.37170263788968
10/18/2023, 15:46:37.065013   freeze begin, value - 0
10/18/2023, 15:46:37.066031   black begin
10/18/2023, 15:46:37.567265   freeze finish - f 7, value - 0.0
10/18/2023, 15:46:37.567785   black finish - 7
10/18/2023, 15:46:54.744430   freeze begin, value - 96.37170263788968
10/18/2023, 15:46:54.812254   freeze finish - f 1, value - 96.37170263788968
10/18/2023, 15:47:14.759525   freeze begin, value - 96.37170263788968
10/18/2023, 15:47:14.844356   freeze finish - f 1, value - 96.37170263788968
10/18/2023, 15:47:22.766113   freeze begin, value - 34.0599520383693
10/18/2023, 15:47:22.839621   freeze finish - f 1, value - 34.0599520383693
10/18/2023, 15:47:46.819470   freeze begin, value - 96.37170263788968
10/18/2023, 15:47:46.884587   freeze finish - f 1, value - 96.37170263788968
10/18/2023, 15:47:50.793553   freeze begin, value - 96.37170263788968
10/18/2023, 15:47:50.864601   freeze finish - f 1, value - 96.37170263788968
10/18/2023, 15:47:58.830761   freeze begin, value - 34.0599520383693
10/18/2023, 15:47:58.895243   freeze finish - f 1, value - 34.0599520383693
10/18/2023, 15:48:02.813467   freeze begin, value - 96.37170263788968
10/18/2023, 15:48:02.880181   freeze finish - f 1, value - 96.37170263788968
10/18/2023, 15:48:26.842048   freeze begin, value - 96.37170263788968
10/18/2023, 15:48:26.912349   freeze finish - f 1, value - 96.37170263788968
10/18/2023, 15:48:38.868940   freeze begin, value - 96.37170263788968
10/18/2023, 15:48:38.936761   freeze finish - f 1, value - 96.37170263788968
10/18/2023, 15:48:42.850986   freeze begin, value - 96.37170263788968
10/18/2023, 15:48:42.922002   freeze finish - f 1, value - 96.37170263788968
10/18/2023, 15:49:14.892463   freeze begin, value - 96.37170263788968
10/18/2023, 15:49:14.968097   freeze finish - f 1, value - 96.37170263788968
10/18/2023, 15:49:38.906360   freeze begin, value - 96.37170263788968
10/18/2023, 15:49:38.977857   freeze finish - f 1, value - 96.37170263788968
10/18/2023, 15:49:46.914945   freeze begin, value - 34.0599520383693
10/18/2023, 15:49:46.985587   freeze finish - f 1, value - 34.0599520383693
10/18/2023, 15:53:30.244983   black begin
10/18/2023, 15:53:30.244983   freeze begin, value - 0
10/18/2023, 15:53:30.736341   freeze finish - f 7, value - 0.0
10/18/2023, 15:53:30.736341   black finish - 7
10/18/2023, 15:54:45.650540   freeze begin, value - 0
10/18/2023, 15:54:45.651045   black begin
10/18/2023, 15:54:46.132315   freeze finish - f 7, value - 0.0
10/18/2023, 15:54:46.133329   black finish - 7
10/18/2023, 15:55:17.925495   freeze begin, value - 0
10/18/2023, 15:55:17.925495   black begin
10/18/2023, 15:55:18.402386   freeze finish - f 7, value - 0.0
10/18/2023, 15:55:18.402386   black finish - 7
10/18/2023, 15:55:47.181977   freeze begin, value - 34.0599520383693
10/18/2023, 15:55:47.252215   freeze finish - f 1, value - 34.0599520383693
10/18/2023, 15:55:51.174427   freeze begin, value - 96.37170263788968
10/18/2023, 15:55:51.242982   freeze finish - f 1, value - 96.37170263788968
