10/06/2023, 17:17:27.295723   freeze begin, value - 66.36167822498757
10/06/2023, 17:17:27.329557   freeze finish - f 1, value - 66.36167822498757
10/06/2023, 17:18:27.158091   freeze begin, value - 66.371032903407
10/06/2023, 17:18:27.199169   freeze finish - f 1, value - 66.371032903407
10/06/2023, 17:19:50.448103   freeze begin, value - 66.37258841575388
10/06/2023, 17:19:50.476078   freeze finish - f 1, value - 66.37258841575388
10/06/2023, 17:19:51.118877   freeze begin, value - 66.36894808477543
10/06/2023, 17:19:51.146486   freeze finish - f 1, value - 66.36894808477543
10/06/2023, 17:19:53.155006   freeze begin, value - 66.37044958627692
10/06/2023, 17:19:53.180927   freeze finish - f 1, value - 66.37044958627692
10/06/2023, 17:20:41.205811   freeze begin, value - 66.3778382699246
10/06/2023, 17:20:41.231871   freeze finish - f 1, value - 66.3778382699246
10/06/2023, 17:21:12.903810   freeze begin, value - 66.3672737485687
10/06/2023, 17:21:12.931480   freeze finish - f 1, value - 66.3672737485687
10/06/2023, 17:22:18.130136   freeze begin, value - 66.37211312031457
10/06/2023, 17:22:18.149523   freeze finish - f 1, value - 66.37211312031457
10/06/2023, 17:22:39.198943   freeze begin, value - 66.36431395424201
10/06/2023, 17:22:39.233545   freeze finish - f 1, value - 66.36431395424201
10/06/2023, 17:22:56.939525   freeze begin, value - 66.3782811588567
10/06/2023, 17:22:56.981862   freeze finish - f 1, value - 66.3782811588567
10/06/2023, 17:25:09.719716   freeze begin, value - 66.3646704258215
10/06/2023, 17:25:09.741421   freeze finish - f 1, value - 66.3646704258215
10/06/2023, 17:25:40.139554   freeze begin, value - 66.36217512476506
10/06/2023, 17:25:40.176880   freeze finish - f 1, value - 66.36217512476506
10/06/2023, 17:26:16.694376   freeze begin, value - 66.36051159072741
10/06/2023, 17:26:16.724239   freeze finish - f 1, value - 66.36051159072741
10/06/2023, 17:26:36.998874   freeze begin, value - 66.36161341197312
10/06/2023, 17:26:37.029994   freeze finish - f 1, value - 66.36161341197312
10/06/2023, 17:27:08.465161   freeze begin, value - 66.37232916369607
10/06/2023, 17:27:08.493258   freeze finish - f 1, value - 66.37232916369607
10/06/2023, 17:28:02.572187   freeze begin, value - 66.36088966664506
10/06/2023, 17:28:02.592361   freeze finish - f 1, value - 66.36088966664506
10/06/2023, 17:29:24.207509   freeze begin, value - 66.35511050618965
10/06/2023, 17:29:24.237845   freeze finish - f 1, value - 66.35511050618965
10/06/2023, 17:30:04.183902   freeze begin, value - 66.35257199645689
10/06/2023, 17:30:04.222544   freeze finish - f 1, value - 66.35257199645689
10/06/2023, 17:30:54.031116   freeze begin, value - 66.35726013783568
10/06/2023, 17:30:54.063066   freeze finish - f 1, value - 66.35726013783568
10/06/2023, 17:31:10.545052   freeze begin, value - 66.37003910385205
10/06/2023, 17:31:10.576449   freeze finish - f 1, value - 66.37003910385205
10/06/2023, 17:32:40.870545   freeze begin, value - 66.36661481625511
10/06/2023, 17:32:40.901977   freeze finish - f 1, value - 66.36661481625511
10/06/2023, 17:32:57.082620   freeze begin, value - 66.37360381964699
10/06/2023, 17:32:57.115278   freeze finish - f 1, value - 66.37360381964699
10/06/2023, 17:32:59.684271   freeze begin, value - 66.36728455073779
10/06/2023, 17:32:59.718061   freeze finish - f 1, value - 66.36728455073779
10/06/2023, 17:33:43.978989   freeze begin, value - 66.36080324929246
10/06/2023, 17:33:44.004074   freeze finish - f 1, value - 66.36080324929246
10/06/2023, 17:34:41.458230   freeze begin, value - 66.36322293516538
10/06/2023, 17:34:41.488972   freeze finish - f 1, value - 66.36322293516538
10/06/2023, 17:35:16.885295   freeze begin, value - 66.36341737420874
10/06/2023, 17:35:16.910029   freeze finish - f 1, value - 66.36341737420874
10/06/2023, 17:36:31.101330   freeze begin, value - 66.36706850735628
10/06/2023, 17:36:31.142055   freeze finish - f 1, value - 66.36706850735628
10/06/2023, 17:37:17.549118   freeze begin, value - 66.36554540151663
10/06/2023, 17:37:17.588653   freeze finish - f 1, value - 66.36554540151663
10/06/2023, 17:37:49.681937   freeze begin, value - 66.3694017758766
10/06/2023, 17:37:49.716424   freeze finish - f 1, value - 66.3694017758766
10/06/2023, 17:38:46.475318   freeze begin, value - 66.35104889061724
10/06/2023, 17:38:46.506854   freeze finish - f 1, value - 66.35104889061724
10/06/2023, 17:38:50.477403   freeze begin, value - 66.37995549506341
10/06/2023, 17:38:50.510474   freeze finish - f 1, value - 66.37995549506341
10/06/2023, 17:39:48.104650   freeze begin, value - 66.37807591764427
10/06/2023, 17:39:48.166355   freeze finish - f 1, value - 66.37807591764427
10/06/2023, 17:40:22.540667   freeze begin, value - 66.3672305398924
10/06/2023, 17:40:22.573222   freeze finish - f 1, value - 66.3672305398924
10/06/2023, 17:40:47.431087   freeze begin, value - 66.37101129906885
10/06/2023, 17:40:47.475016   freeze finish - f 1, value - 66.37101129906885
10/06/2023, 17:40:57.116356   freeze begin, value - 66.37479205824529
10/06/2023, 17:40:57.145622   freeze finish - f 1, value - 66.37479205824529
10/06/2023, 17:40:59.261222   freeze begin, value - 66.37266403093741
10/06/2023, 17:40:59.285007   freeze finish - f 1, value - 66.37266403093741
10/06/2023, 17:41:20.309627   freeze begin, value - 66.36167822498757
10/06/2023, 17:41:20.334960   freeze finish - f 1, value - 66.36167822498757
10/06/2023, 17:41:42.891271   freeze begin, value - 66.37009311469743
10/06/2023, 17:41:42.940945   freeze finish - f 1, value - 66.37009311469743
10/06/2023, 17:41:51.262347   freeze begin, value - 66.3694449845529
10/06/2023, 17:41:51.300489   freeze finish - f 1, value - 66.3694449845529
10/06/2023, 17:42:14.756099   freeze begin, value - 66.37524574934646
10/06/2023, 17:42:14.822279   freeze finish - f 1, value - 66.37524574934646
10/06/2023, 17:43:04.909453   freeze begin, value - 66.36962862142718
10/06/2023, 17:43:04.941779   freeze finish - f 1, value - 66.36962862142718
10/06/2023, 17:45:08.476565   freeze begin, value - 66.34914770885995
10/06/2023, 17:45:08.509189   freeze finish - f 1, value - 66.34914770885995
10/06/2023, 17:45:45.406514   freeze begin, value - 66.35135135135135
10/06/2023, 17:45:45.449941   freeze finish - f 1, value - 66.35135135135135
10/06/2023, 17:46:26.249111   freeze begin, value - 66.33881003305464
10/06/2023, 17:46:26.292385   freeze finish - f 1, value - 66.33881003305464
10/06/2023, 17:46:45.011566   freeze begin, value - 66.3471817140882
10/06/2023, 17:46:45.066411   freeze finish - f 1, value - 66.3471817140882
10/06/2023, 17:47:13.572651   freeze begin, value - 66.35179424028345
10/06/2023, 17:47:13.602642   freeze finish - f 1, value - 66.35179424028345
10/06/2023, 17:47:15.915520   freeze begin, value - 66.35373863071705
10/06/2023, 17:47:15.942091   freeze finish - f 1, value - 66.35373863071705
10/06/2023, 17:47:27.291875   freeze begin, value - 66.36141897292977
10/06/2023, 17:47:27.319250   freeze finish - f 1, value - 66.36141897292977
10/06/2023, 17:48:00.075663   freeze begin, value - 66.36527534728974
10/06/2023, 17:48:00.098271   freeze finish - f 1, value - 66.36527534728974
10/06/2023, 17:48:28.457079   freeze begin, value - 66.34457839134099
10/06/2023, 17:48:28.504495   freeze finish - f 1, value - 66.34457839134099
10/06/2023, 17:49:53.464984   freeze begin, value - 66.3719186812712
10/06/2023, 17:49:53.506902   freeze finish - f 1, value - 66.3719186812712
10/06/2023, 17:49:56.204695   freeze begin, value - 66.36155940112775
10/06/2023, 17:49:56.244234   freeze finish - f 1, value - 66.36155940112775
10/06/2023, 17:49:56.787419   freeze begin, value - 66.36321213299631
10/06/2023, 17:49:56.819704   freeze finish - f 1, value - 66.36321213299631
10/06/2023, 17:50:16.295914   freeze begin, value - 66.34511849979476
10/06/2023, 17:50:16.317633   freeze finish - f 1, value - 66.34511849979476
10/06/2023, 17:51:09.845743   freeze begin, value - 66.36218592693413
10/06/2023, 17:51:09.905493   freeze finish - f 1, value - 66.36218592693413
10/06/2023, 17:51:53.150514   freeze begin, value - 66.35054118867069
10/06/2023, 17:51:53.176320   freeze finish - f 1, value - 66.35054118867069
10/06/2023, 17:51:55.678274   freeze begin, value - 66.35231274439907
10/06/2023, 17:51:55.731104   freeze finish - f 1, value - 66.35231274439907
10/06/2023, 17:52:30.948826   freeze begin, value - 66.33254477499082
10/06/2023, 17:52:30.982303   freeze finish - f 1, value - 66.33254477499082
10/06/2023, 17:52:54.131189   freeze begin, value - 66.36155940112775
10/06/2023, 17:52:54.172824   freeze finish - f 1, value - 66.36155940112775
10/06/2023, 17:53:34.878861   freeze begin, value - 66.35947458249616
10/06/2023, 17:53:34.906269   freeze finish - f 1, value - 66.35947458249616
10/06/2023, 17:53:35.764926   freeze begin, value - 66.35499168232981
10/06/2023, 17:53:35.808898   freeze finish - f 1, value - 66.35499168232981
10/06/2023, 17:54:21.386245   freeze begin, value - 66.26577656793484
10/06/2023, 17:54:21.426477   freeze finish - f 1, value - 66.26577656793484
10/06/2023, 17:57:02.041068   freeze begin, value - 66.36592347743427
10/06/2023, 17:57:02.062628   freeze finish - f 1, value - 66.36592347743427
10/06/2023, 17:57:13.814905   freeze begin, value - 66.35890206753515
10/06/2023, 17:57:13.856210   freeze finish - f 1, value - 66.35890206753515
10/06/2023, 17:57:42.287914   freeze begin, value - 66.35758420290794
10/06/2023, 17:57:42.315227   freeze finish - f 1, value - 66.35758420290794
10/06/2023, 17:58:10.832327   freeze begin, value - 66.38239678527448
10/06/2023, 17:58:10.867712   freeze finish - f 1, value - 66.38239678527448
10/06/2023, 17:58:13.317880   freeze begin, value - 66.3907360598008
10/06/2023, 17:58:13.341387   freeze finish - f 1, value - 66.3907360598008
10/06/2023, 17:58:51.247698   freeze begin, value - 66.37148659450818
10/06/2023, 17:58:51.275190   freeze finish - f 1, value - 66.37148659450818
10/06/2023, 18:00:07.230060   freeze begin, value - 66.37602350551991
10/06/2023, 18:00:07.297412   freeze finish - f 2, value - 66.37602350551991
10/06/2023, 18:00:20.700871   freeze begin, value - 66.36100849050489
10/06/2023, 18:00:20.733175   freeze finish - f 1, value - 66.36100849050489
10/06/2023, 18:01:26.838746   freeze begin, value - 66.36858081102686
10/06/2023, 18:01:26.898156   freeze finish - f 1, value - 66.36858081102686
10/06/2023, 18:02:47.216123   freeze begin, value - 66.3375893879491
10/06/2023, 18:02:47.253440   freeze finish - f 1, value - 66.3375893879491
10/06/2023, 18:02:55.404015   freeze begin, value - 66.34457839134099
10/06/2023, 18:02:55.426375   freeze finish - f 1, value - 66.34457839134099
10/06/2023, 18:03:28.948533   freeze begin, value - 66.35957180201784
10/06/2023, 18:03:28.967847   freeze finish - f 1, value - 66.35957180201784
10/06/2023, 18:05:51.920720   freeze begin, value - 66.35643917298593
10/06/2023, 18:05:51.947664   freeze finish - f 1, value - 66.35643917298593
10/06/2023, 18:06:42.079252   freeze begin, value - 66.34447036965022
10/06/2023, 18:06:42.138110   freeze finish - f 1, value - 66.34447036965022
10/06/2023, 18:07:02.839234   freeze begin, value - 66.3419210577484
10/06/2023, 18:07:02.879342   freeze finish - f 1, value - 66.3419210577484
10/06/2023, 18:07:52.435673   freeze begin, value - 66.36136496208438
10/06/2023, 18:07:52.451033   freeze finish - f 1, value - 66.36136496208438
10/06/2023, 18:08:35.874701   freeze begin, value - 66.3522155248774
10/06/2023, 18:08:35.895699   freeze finish - f 1, value - 66.3522155248774
10/06/2023, 18:08:46.929749   freeze begin, value - 66.37808671981334
10/06/2023, 18:08:46.972129   freeze finish - f 1, value - 66.37808671981334
10/06/2023, 18:08:48.205277   freeze begin, value - 66.36645278371897
10/06/2023, 18:08:48.251355   freeze finish - f 1, value - 66.36645278371897
10/06/2023, 18:08:58.793589   freeze begin, value - 66.3509300667574
10/06/2023, 18:08:58.820419   freeze finish - f 1, value - 66.3509300667574
10/10/2023, 10:18:59.062723   freeze begin, value - 7.162486227234429
10/10/2023, 10:20:43.084093   freeze begin, value - 7.162486227234429
10/18/2023, 10:57:22.042722   freeze begin, value - 7.162486227234429
10/18/2023, 12:54:03.168736   freeze begin, value - 7.162486227234429
10/18/2023, 12:54:09.875914   freeze begin, value - 7.162486227234429
10/18/2023, 12:54:25.268675   freeze begin, value - 7.162486227234429
10/18/2023, 12:54:31.976055   freeze begin, value - 7.162486227234429
10/18/2023, 12:54:44.311447   freeze begin, value - 7.162486227234429
10/18/2023, 12:56:57.493995   freeze begin, value - 7.162486227234429
10/18/2023, 12:57:01.217366   freeze begin, value - 7.162486227234429
10/18/2023, 12:57:34.411723   freeze begin, value - 7.162486227234429
10/18/2023, 12:57:40.884769   freeze begin, value - 7.162486227234429
10/18/2023, 13:00:38.648728   freeze begin, value - 7.162486227234429
10/18/2023, 13:01:08.491504   freeze begin, value - 7.162486227234429
10/18/2023, 13:01:18.373963   freeze begin, value - 7.162486227234429
10/18/2023, 13:09:07.961364   freeze begin, value - 7.162486227234429
10/18/2023, 13:09:44.613689   freeze begin, value - 7.162486227234429
10/18/2023, 13:10:00.269812   freeze begin, value - 7.162486227234429
10/18/2023, 13:10:04.765271   freeze begin, value - 7.162486227234429
10/18/2023, 13:10:19.012775   freeze begin, value - 7.162486227234429
10/18/2023, 13:10:29.456271   freeze begin, value - 7.162486227234429
10/18/2023, 13:10:46.705829   freeze begin, value - 7.162486227234429
10/18/2023, 13:12:41.402748   freeze begin, value - 7.162486227234429
10/18/2023, 13:12:44.669635   freeze begin, value - 7.162486227234429
10/18/2023, 13:12:51.049830   freeze begin, value - 7.162486227234429
10/18/2023, 13:13:10.197293   freeze begin, value - 7.162486227234429
10/18/2023, 13:13:24.749047   freeze begin, value - 7.162486227234429
10/18/2023, 13:13:40.395622   freeze begin, value - 7.162486227234429
10/18/2023, 13:13:53.106602   freeze begin, value - 7.162486227234429
10/18/2023, 13:21:24.028938   freeze begin, value - 7.162486227234429
10/18/2023, 13:21:29.663444   freeze begin, value - 7.162486227234429
10/18/2023, 13:21:33.764328   freeze begin, value - 7.162486227234429
10/18/2023, 13:21:42.701967   freeze begin, value - 7.162486227234429
10/18/2023, 13:33:15.122048   freeze begin, value - 7.162486227234429
10/18/2023, 13:33:39.921867   freeze begin, value - 7.162486227234429
10/18/2023, 13:34:39.289005   freeze begin, value - 7.162486227234429
10/18/2023, 13:36:39.769534   freeze begin, value - 7.162486227234429
10/18/2023, 15:26:46.976428   black begin
10/18/2023, 15:26:46.975415   freeze begin, value - 0
10/18/2023, 15:29:17.487149   freeze begin, value - 0
10/18/2023, 15:29:17.487149   black begin
10/18/2023, 15:30:54.724992   freeze begin, value - 0
10/18/2023, 15:30:54.725998   black begin
10/18/2023, 15:31:26.299910   freeze begin, value - 0
10/18/2023, 15:31:26.299910   black begin
10/18/2023, 15:32:58.056540   freeze begin, value - 0
10/18/2023, 15:32:58.056540   black begin
10/18/2023, 15:34:14.215825   freeze begin, value - 0
10/18/2023, 15:34:14.216334   black begin
10/18/2023, 15:34:44.362908   freeze begin, value - 0
10/18/2023, 15:34:44.362908   black begin
10/18/2023, 15:36:23.618389   freeze begin, value - 0
10/18/2023, 15:36:23.619402   black begin
10/18/2023, 15:37:07.880229   freeze begin, value - 0
10/18/2023, 15:37:07.881250   black begin
10/18/2023, 15:38:46.530103   freeze begin, value - 0
10/18/2023, 15:38:46.530103   black begin
10/18/2023, 15:40:51.843311   freeze begin, value - 0.0
10/18/2023, 15:40:51.843311   black begin
10/18/2023, 15:41:41.675663   freeze begin, value - 0
10/18/2023, 15:41:41.676679   black begin
10/18/2023, 15:43:49.910006   freeze begin, value - 0
10/18/2023, 15:43:49.910006   black begin
10/18/2023, 15:43:50.661074   freeze finish - f 11, value - 0.0
10/18/2023, 15:43:50.661593   black finish - 11
10/18/2023, 15:44:03.652578   freeze begin, value - 96.37170263788968
10/18/2023, 15:44:03.666841   freeze finish - f 1, value - 96.37170263788968
10/18/2023, 15:44:13.305376   freeze begin, value - 1.4460431654676258
10/18/2023, 15:44:13.650534   freeze finish - f 5, value - 1.4460431654676258
10/18/2023, 15:44:38.647091   freeze begin, value - 96.37170263788968
10/18/2023, 15:44:38.732852   freeze finish - f 1, value - 96.37170263788968
10/18/2023, 15:44:49.357321   freeze begin, value - 1.4460431654676258
10/18/2023, 15:44:49.707731   freeze finish - f 5, value - 1.4460431654676258
10/18/2023, 15:44:54.626056   freeze begin, value - 96.37170263788968
10/18/2023, 15:44:54.697639   freeze finish - f 1, value - 96.37170263788968
10/18/2023, 15:45:25.439697   freeze begin, value - 1.4460431654676258
10/18/2023, 15:45:25.736216   freeze finish - f 4, value - 1.4460431654676258
10/18/2023, 15:46:01.441387   freeze begin, value - 1.4460431654676258
10/18/2023, 15:46:01.725159   freeze finish - f 4, value - 1.4460431654676258
10/18/2023, 15:46:06.690357   freeze begin, value - 96.37170263788968
10/18/2023, 15:46:06.758151   freeze finish - f 1, value - 96.37170263788968
10/18/2023, 15:46:10.722481   freeze begin, value - 96.37170263788968
10/18/2023, 15:46:10.790363   freeze finish - f 1, value - 96.37170263788968
10/18/2023, 15:46:26.735150   freeze begin, value - 96.37170263788968
10/18/2023, 15:46:26.797473   freeze finish - f 1, value - 96.37170263788968
10/18/2023, 15:46:37.068073   freeze begin, value - 0
10/18/2023, 15:46:37.069091   black begin
10/18/2023, 15:46:37.570025   freeze finish - f 7, value - 0.0
10/18/2023, 15:46:37.570540   black finish - 7
10/18/2023, 15:46:37.633749   freeze begin, value - 1.4460431654676258
10/18/2023, 15:46:37.762700   freeze finish - f 2, value - 1.4460431654676258
10/18/2023, 15:46:42.744454   freeze begin, value - 96.37170263788968
10/18/2023, 15:46:42.809569   freeze finish - f 1, value - 96.37170263788968
10/18/2023, 15:47:13.474644   freeze begin, value - 1.4460431654676258
10/18/2023, 15:47:13.841796   freeze finish - f 5, value - 1.4460431654676258
10/18/2023, 15:47:22.768715   freeze begin, value - 96.37170263788968
10/18/2023, 15:47:22.842678   freeze finish - f 1, value - 96.37170263788968
10/18/2023, 15:47:49.539783   freeze begin, value - 1.4460431654676258
10/18/2023, 15:47:49.884934   freeze finish - f 5, value - 1.4460431654676258
10/18/2023, 15:47:54.808845   freeze begin, value - 96.37170263788968
10/18/2023, 15:47:54.879034   freeze finish - f 1, value - 96.37170263788968
10/18/2023, 15:47:58.833671   freeze begin, value - 96.37170263788968
10/18/2023, 15:47:58.896125   freeze finish - f 1, value - 96.37170263788968
10/18/2023, 15:48:25.581820   freeze begin, value - 1.4460431654676258
10/18/2023, 15:48:25.862547   freeze finish - f 4, value - 1.4460431654676258
10/18/2023, 15:48:30.840086   freeze begin, value - 96.37170263788968
10/18/2023, 15:48:30.908853   freeze finish - f 1, value - 96.37170263788968
10/18/2023, 15:49:01.566332   freeze begin, value - 1.4460431654676258
10/18/2023, 15:49:01.925905   freeze finish - f 5, value - 1.4460431654676258
10/18/2023, 15:49:26.906543   freeze begin, value - 96.37170263788968
10/18/2023, 15:49:26.971524   freeze finish - f 1, value - 96.37170263788968
10/18/2023, 15:49:37.633728   freeze begin, value - 1.4460431654676258
10/18/2023, 15:49:37.981604   freeze finish - f 5, value - 1.4460431654676258
10/18/2023, 15:49:42.912034   freeze begin, value - 96.37170263788968
10/18/2023, 15:49:42.981323   freeze finish - f 1, value - 96.37170263788968
10/18/2023, 15:49:46.916471   freeze begin, value - 96.37170263788968
10/18/2023, 15:49:46.988652   freeze finish - f 1, value - 96.37170263788968
10/18/2023, 15:53:30.250052   black begin
 value - 0
10/18/2023, 15:53:30.738878   freeze finish - f 7, value - 0.0
10/18/2023, 15:53:30.739389   black finish - 7
10/18/2023, 15:54:45.652741   freeze begin, value - 0
10/18/2023, 15:54:45.652741   black begin
10/18/2023, 15:54:46.136386   freeze finish - f 7, value - 0.0
10/18/2023, 15:54:46.136386   black finish - 7
10/18/2023, 15:55:17.928541   freeze begin, value - 0
10/18/2023, 15:55:17.928541   black begin
10/18/2023, 15:55:18.405426   freeze finish - f 7, value - 0.0
10/18/2023, 15:55:18.406438   black finish - 7
10/18/2023, 15:55:37.880622   freeze begin, value - 1.4460431654676258
10/18/2023, 15:55:38.231759   freeze finish - f 5, value - 1.4460431654676258
10/18/2023, 15:55:47.185164   freeze begin, value - 96.37170263788968
10/18/2023, 15:55:47.254210   freeze finish - f 1, value - 96.37170263788968
10/18/2023, 16:24:01.971414   freeze begin, value - 0
10/18/2023, 16:24:01.971420   black begin
10/18/2023, 16:24:02.402244   freeze finish - f 7, value - 0.0
10/18/2023, 16:24:02.402244   black finish - 7
10/18/2023, 16:26:45.784082   freeze begin, value - 0
10/18/2023, 16:26:45.785096   black begin
10/18/2023, 16:26:46.662650   freeze finish - f 12, value - 0.0
10/18/2023, 16:26:46.662650   black finish - 12
10/18/2023, 16:39:08.188184   freeze begin, value - 0
10/18/2023, 16:39:08.188702   black begin
10/18/2023, 16:39:08.682430   freeze finish - f 7, value - 0.0
10/18/2023, 16:39:08.682430   black finish - 7
10/18/2023, 16:43:39.195333   freeze begin, value - 0
10/18/2023, 16:43:39.195333   black begin
10/18/2023, 16:43:40.034635   freeze finish - f 12, value - 0.0
10/18/2023, 16:43:40.034635   black finish - 12
10/18/2023, 16:46:27.799110   freeze begin, value - 0
10/18/2023, 16:46:27.799110   black begin
10/18/2023, 16:46:28.149375   freeze finish - f 6, value - 0.0
10/18/2023, 16:46:28.149883   black finish - 6
10/18/2023, 16:50:32.590954   black begin
10/18/2023, 16:50:32.663330   freeze begin, value - 0.0
10/18/2023, 16:50:32.883913   freeze finish - f 3, value - 0.0
10/18/2023, 16:50:32.883913   black finish - 4
