10/06/2023, 17:26:06.675313   freeze begin, value - 80.9174714282628
10/06/2023, 17:26:06.707547   freeze finish - f 1, value - 80.9174714282628
10/06/2023, 17:29:14.698761   freeze begin, value - 81.13363363363364
10/06/2023, 17:29:14.731821   freeze finish - f 1, value - 81.13363363363364
10/06/2023, 17:43:03.740589   freeze begin, value - 80.536316892432
10/06/2023, 17:43:03.775132   freeze finish - f 1, value - 80.536316892432
10/06/2023, 18:00:07.232583   freeze begin, value - 70.89986389266964
10/06/2023, 18:00:07.299669   freeze finish - f 2, value - 70.89986389266964
10/06/2023, 18:03:10.947701   freeze begin, value - 91.17520038023635
10/06/2023, 18:03:11.002528   freeze finish - f 1, value - 91.17520038023635
10/06/2023, 18:03:27.029040   freeze begin, value - 91.10170242184631
10/06/2023, 18:03:27.070680   freeze finish - f 1, value - 91.10170242184631
10/06/2023, 18:04:23.852398   freeze begin, value - 91.12071423941927
10/06/2023, 18:04:23.890443   freeze finish - f 1, value - 91.12071423941927
10/18/2023, 10:57:22.046061   freeze begin, value - 7.145235163220775
10/18/2023, 12:54:03.172507   freeze begin, value - 7.145235163220775
10/18/2023, 12:54:09.879016   freeze begin, value - 7.145235163220775
10/18/2023, 12:54:25.271730   freeze begin, value - 7.145235163220775
10/18/2023, 12:54:31.979253   freeze begin, value - 7.145235163220775
10/18/2023, 12:54:44.314609   freeze begin, value - 7.145235163220775
10/18/2023, 12:56:57.496712   freeze begin, value - 7.145235163220775
10/18/2023, 12:57:01.219546   freeze begin, value - 7.145235163220775
10/18/2023, 12:57:34.414342   freeze begin, value - 7.145235163220775
10/18/2023, 12:57:40.887351   freeze begin, value - 7.145235163220775
10/18/2023, 13:00:38.650846   freeze begin, value - 7.145235163220775
10/18/2023, 13:01:08.495105   freeze begin, value - 7.145235163220775
10/18/2023, 13:01:18.379464   freeze begin, value - 7.145235163220775
10/18/2023, 13:09:07.964478   freeze begin, value - 7.145235163220775
10/18/2023, 13:09:44.616469   freeze begin, value - 7.145235163220775
10/18/2023, 13:10:00.272952   freeze begin, value - 7.145235163220775
10/18/2023, 13:10:04.767897   freeze begin, value - 7.145235163220775
10/18/2023, 13:10:19.016347   freeze begin, value - 7.145235163220775
10/18/2023, 13:10:29.460044   freeze begin, value - 7.145235163220775
10/18/2023, 13:10:46.709297   freeze begin, value - 7.145235163220775
10/18/2023, 13:12:41.405493   freeze begin, value - 7.145235163220775
10/18/2023, 13:12:44.672699   freeze begin, value - 7.145235163220775
10/18/2023, 13:12:51.059699   freeze begin, value - 7.145235163220775
10/18/2023, 13:13:10.200536   freeze begin, value - 7.145235163220775
10/18/2023, 13:13:24.751831   freeze begin, value - 7.145235163220775
10/18/2023, 13:13:40.398862   freeze begin, value - 7.145235163220775
10/18/2023, 13:13:53.108875   freeze begin, value - 7.145235163220775
10/18/2023, 13:21:24.031985   freeze begin, value - 7.145235163220775
10/18/2023, 13:21:29.666643   freeze begin, value - 7.145235163220775
10/18/2023, 13:21:33.767427   freeze begin, value - 7.145235163220775
10/18/2023, 13:21:42.703995   freeze begin, value - 7.145235163220775
10/18/2023, 13:33:15.125300   freeze begin, value - 7.145235163220775
10/18/2023, 13:33:39.925059   freeze begin, value - 7.145235163220775
10/18/2023, 13:34:39.295142   freeze begin, value - 7.145235163220775
10/18/2023, 13:36:39.772164   freeze begin, value - 7.145235163220775
10/18/2023, 15:26:46.981025   black begin
 value - 0
10/18/2023, 15:29:17.491228   freeze begin, value - 0
10/18/2023, 15:29:17.491228   black begin
10/18/2023, 15:30:54.729526   freeze begin, value - 0
10/18/2023, 15:30:54.729526   black begin
10/18/2023, 15:31:26.304448   freeze begin, value - 0
10/18/2023, 15:31:26.304448   black begin
10/18/2023, 15:32:58.056540   freeze begin, value - 0
10/18/2023, 15:32:58.056540   black begin
10/18/2023, 15:34:14.219375   freeze begin, value - 0
10/18/2023, 15:34:14.220385   black begin
10/18/2023, 15:34:44.368449   freeze begin, value - 0
10/18/2023, 15:34:44.368953   black begin
10/18/2023, 15:36:23.622999   freeze begin, value - 0
10/18/2023, 15:36:23.624019   black begin
10/18/2023, 15:37:07.884823   freeze begin, value - 0
10/18/2023, 15:37:07.885840   black begin
10/18/2023, 15:38:46.533660   freeze begin, value - 0
10/18/2023, 15:38:46.534694   black begin
10/18/2023, 15:40:51.845231   freeze begin, value - 0.0
10/18/2023, 15:40:51.845231   black begin
10/18/2023, 15:41:41.681787   freeze begin, value - 0
10/18/2023, 15:41:41.681787   black begin
10/18/2023, 15:43:49.914061   freeze begin, value - 0
10/18/2023, 15:43:49.914574   black begin
10/18/2023, 15:43:50.664646   freeze finish - f 11, value - 0.0
10/18/2023, 15:43:50.665665   black finish - 11
10/18/2023, 15:44:00.809496   freeze begin, value - 1.2506319268909196
10/18/2023, 15:44:00.835626   freeze finish - f 1, value - 1.2506319268909196
10/18/2023, 15:44:17.595760   freeze begin, value - 29.457255816968047
10/18/2023, 15:44:17.660530   freeze finish - f 1, value - 29.457255816968047
10/18/2023, 15:44:25.592370   freeze begin, value - 83.3484995787154
10/18/2023, 15:44:25.657320   freeze finish - f 1, value - 83.3484995787154
10/18/2023, 15:44:36.355344   freeze begin, value - 1.2506319268909196
10/18/2023, 15:44:36.425688   freeze finish - f 1, value - 1.2506319268909196
10/18/2023, 15:44:41.636606   freeze begin, value - 83.3484995787154
10/18/2023, 15:44:41.698491   freeze finish - f 1, value - 83.3484995787154
10/18/2023, 15:44:57.637216   freeze begin, value - 83.3484995787154
10/18/2023, 15:44:57.710926   freeze finish - f 1, value - 83.3484995787154
10/18/2023, 15:45:01.640227   freeze begin, value - 83.3484995787154
10/18/2023, 15:45:01.708756   freeze finish - f 1, value - 83.3484995787154
10/18/2023, 15:45:12.365540   freeze begin, value - 1.2506319268909196
10/18/2023, 15:45:12.436804   freeze finish - f 1, value - 1.2506319268909196
10/18/2023, 15:45:21.678470   freeze begin, value - 83.3484995787154
10/18/2023, 15:45:21.752901   freeze finish - f 1, value - 83.3484995787154
10/18/2023, 15:45:33.680689   freeze begin, value - 83.3484995787154
10/18/2023, 15:45:33.749887   freeze finish - f 1, value - 83.3484995787154
10/18/2023, 15:45:48.408218   freeze begin, value - 1.2506319268909196
10/18/2023, 15:45:48.476161   freeze finish - f 1, value - 1.2506319268909196
10/18/2023, 15:46:05.708898   freeze begin, value - 29.457255816968047
10/18/2023, 15:46:05.782617   freeze finish - f 1, value - 29.457255816968047
10/18/2023, 15:46:13.720039   freeze begin, value - 83.3484995787154
10/18/2023, 15:46:13.789899   freeze finish - f 1, value - 83.3484995787154
10/18/2023, 15:46:24.418051   freeze begin, value - 1.2506319268909196
10/18/2023, 15:46:24.479400   freeze finish - f 1, value - 1.2506319268909196
10/18/2023, 15:46:37.072163   freeze begin, value - 0
10/18/2023, 15:46:37.072677   black begin
10/18/2023, 15:46:37.574107   freeze finish - f 7, value - 0.0
10/18/2023, 15:46:37.574107   black finish - 7
10/18/2023, 15:46:45.738425   freeze begin, value - 83.3484995787154
10/18/2023, 15:46:45.807592   freeze finish - f 1, value - 83.3484995787154
10/18/2023, 15:47:05.752623   freeze begin, value - 83.3484995787154
10/18/2023, 15:47:05.828058   freeze finish - f 1, value - 83.3484995787154
10/18/2023, 15:47:17.760377   freeze begin, value - 29.457255816968047
10/18/2023, 15:47:17.831989   freeze finish - f 1, value - 29.457255816968047
10/18/2023, 15:47:21.781504   freeze begin, value - 83.3484995787154
10/18/2023, 15:47:21.852639   freeze finish - f 1, value - 83.3484995787154
10/18/2023, 15:47:25.795796   freeze begin, value - 83.3484995787154
10/18/2023, 15:47:25.870627   freeze finish - f 1, value - 83.3484995787154
10/18/2023, 15:47:36.515822   freeze begin, value - 1.2506319268909196
10/18/2023, 15:47:36.592850   freeze finish - f 1, value - 1.2506319268909196
10/18/2023, 15:47:57.834270   freeze begin, value - 83.3484995787154
10/18/2023, 15:47:57.896874   freeze finish - f 1, value - 83.3484995787154
10/18/2023, 15:48:01.829824   freeze begin, value - 83.3484995787154
10/18/2023, 15:48:01.900308   freeze finish - f 1, value - 83.3484995787154
10/18/2023, 15:48:12.561516   freeze begin, value - 1.2506319268909196
10/18/2023, 15:48:12.629515   freeze finish - f 1, value - 1.2506319268909196
10/18/2023, 15:48:29.858740   freeze begin, value - 29.457255816968047
10/18/2023, 15:48:29.929624   freeze finish - f 1, value - 29.457255816968047
10/18/2023, 15:48:33.846612   freeze begin, value - 83.3484995787154
10/18/2023, 15:48:33.916611   freeze finish - f 1, value - 83.3484995787154
10/18/2023, 15:48:48.581095   freeze begin, value - 1.2506319268909196
10/18/2023, 15:48:48.652527   freeze finish - f 1, value - 1.2506319268909196
10/18/2023, 15:48:53.876655   freeze begin, value - 83.3484995787154
10/18/2023, 15:48:53.955020   freeze finish - f 1, value - 83.3484995787154
10/18/2023, 15:49:09.872113   freeze begin, value - 83.3484995787154
10/18/2023, 15:49:09.944206   freeze finish - f 1, value - 83.3484995787154
10/18/2023, 15:49:24.605515   freeze begin, value - 1.2506319268909196
10/18/2023, 15:49:24.680671   freeze finish - f 1, value - 1.2506319268909196
10/18/2023, 15:49:29.902178   freeze begin, value - 83.3484995787154
10/18/2023, 15:49:29.977662   freeze finish - f 1, value - 83.3484995787154
10/18/2023, 15:49:41.934521   freeze begin, value - 29.457255816968047
10/18/2023, 15:49:42.004482   freeze finish - f 1, value - 29.457255816968047
10/18/2023, 15:49:49.913364   freeze begin, value - 83.3484995787154
10/18/2023, 15:49:49.986982   freeze finish - f 1, value - 83.3484995787154
10/18/2023, 15:53:30.253729   freeze begin, value - 0
10/18/2023, 15:53:30.253729   black begin
10/18/2023, 15:53:30.742481   freeze finish - f 7, value - 0.0
10/18/2023, 15:53:30.742481   black finish - 7
10/18/2023, 15:53:49.888595   freeze begin, value - 1.2506319268909196
10/18/2023, 15:53:49.901319   freeze finish - f 1, value - 1.2506319268909196
10/18/2023, 15:54:45.658312   freeze begin, value - 0
10/18/2023, 15:54:45.658828   black begin
10/18/2023, 15:54:46.141520   freeze finish - f 7, value - 0.0
10/18/2023, 15:54:46.143228   black finish - 7
10/18/2023, 15:55:17.933104   freeze begin, value - 0
10/18/2023, 15:55:17.934116   black begin
10/18/2023, 15:55:18.409988   freeze finish - f 7, value - 0.0
10/18/2023, 15:55:18.409988   black finish - 7
10/18/2023, 15:55:28.475165   freeze begin, value - 1.2506319268909196
10/18/2023, 15:55:28.496486   freeze finish - f 1, value - 1.2506319268909196
10/18/2023, 15:55:34.150268   freeze begin, value - 83.3484995787154
10/18/2023, 15:55:34.222301   freeze finish - f 1, value - 83.3484995787154
10/18/2023, 15:56:00.911448   freeze begin, value - 1.2506319268909196
10/18/2023, 15:56:00.982294   freeze finish - f 1, value - 1.2506319268909196
