10/19/2023, 09:40:35.369028   black begin
10/19/2023, 09:40:35.441718   black finish - 1
10/19/2023, 09:40:35.512202   freeze begin, value - 111.12519713958562
10/19/2023, 09:40:35.584874   freeze finish - f 1, value - 111.12519713958562
10/19/2023, 09:40:35.728357   freeze begin, value - 111.0217771728563
10/19/2023, 09:40:35.799899   freeze finish - f 1, value - 111.0217771728563
10/19/2023, 09:41:06.022130   freeze begin, value - 0
10/19/2023, 09:41:06.022130   black begin
10/19/2023, 09:41:06.808434   freeze finish - f 11, value - 0.0
10/19/2023, 09:41:06.808434   black finish - 11
10/19/2023, 09:43:14.081621   freeze begin, value - 0
10/19/2023, 09:43:14.081621   black begin
10/19/2023, 09:43:15.038071   freeze finish - f 13, value - 0.0
10/19/2023, 09:43:15.038071   black finish - 13
10/19/2023, 09:43:19.129405   freeze begin, value - 0
10/19/2023, 09:43:19.129911   black begin
10/19/2023, 09:43:19.763867   freeze finish - f 9, value - 0.0
10/19/2023, 09:43:19.764372   black finish - 9
10/19/2023, 09:45:06.034424   freeze begin, value - 0
10/19/2023, 09:45:06.034424   black begin
10/19/2023, 09:45:06.667436   freeze finish - f 9, value - 0.0
10/19/2023, 09:45:06.667436   black finish - 9
10/19/2023, 09:45:53.078872   freeze begin, value - 0
10/19/2023, 09:45:53.078872   black begin
10/19/2023, 09:45:53.574138   black finish - 7
10/19/2023, 09:45:53.574138   freeze finish - f 7, value - 0.0
10/19/2023, 09:47:43.165652   freeze begin, value - 205.70038023635146
10/19/2023, 09:47:43.236734   freeze finish - f 1, value - 205.70038023635146
10/19/2023, 09:47:50.432691   freeze begin, value - 196.0971114999892
10/19/2023, 09:47:50.873118   freeze finish - f 6, value - 196.0971114999892
10/19/2023, 09:47:50.947346   freeze begin, value - 196.09888305571758
10/19/2023, 09:47:51.019584   freeze finish - f 1, value - 196.09888305571758
10/19/2023, 09:49:22.124039   freeze begin, value - 0
10/19/2023, 09:49:22.124039   black begin
10/19/2023, 09:49:22.753874   freeze finish - f 9, value - 0.0
10/19/2023, 09:49:22.753874   black finish - 9
10/19/2023, 09:51:57.224740   freeze begin, value - 220.01810443537062
10/19/2023, 09:51:57.300247   freeze finish - f 1, value - 220.01810443537062
10/19/2023, 09:51:58.828681   freeze begin, value - 220.0173590857044
10/19/2023, 09:51:58.904703   freeze finish - f 1, value - 220.0173590857044
10/19/2023, 09:55:28.985793   freeze begin, value - 35.7957957957958
10/19/2023, 09:55:29.056898   freeze finish - f 1, value - 35.7957957957958
10/19/2023, 09:58:04.111660   freeze begin, value - 0
10/19/2023, 09:58:04.111660   black begin
10/19/2023, 09:58:04.642107   freeze finish - f 7, value - 0.0
10/19/2023, 09:58:04.643130   black finish - 7
10/19/2023, 09:58:14.989931   freeze begin, value - 0
10/19/2023, 09:58:14.989931   black begin
10/19/2023, 09:58:16.435244   freeze finish - f 20, value - 0.0
10/19/2023, 09:58:16.435244   black finish - 20
10/19/2023, 09:58:44.154713   black begin
 value - 0
10/19/2023, 09:58:45.863521   freeze finish - f 24, value - 0.0
10/19/2023, 09:58:45.864514   black finish - 24
10/19/2023, 09:59:05.321248   freeze begin, value - 191.6479141011515
10/19/2023, 09:59:05.389711   freeze finish - f 1, value - 191.6479141011515
10/19/2023, 09:59:30.401256   black begin
10/19/2023, 09:59:30.468775   black finish - 1
10/19/2023, 09:59:30.542591   freeze begin, value - 84.39784388705252
10/19/2023, 09:59:30.688042   freeze finish - f 2, value - 84.39784388705252
10/19/2023, 09:59:30.688042   black begin
10/19/2023, 09:59:30.761293   black finish - 1
10/19/2023, 09:59:30.831838   freeze begin, value - 84.46459048977034
10/19/2023, 09:59:30.907823   freeze finish - f 1, value - 84.46459048977034
10/19/2023, 10:00:05.142495   freeze begin, value - 0
10/19/2023, 10:00:05.143513   black begin
10/19/2023, 10:00:06.079068   freeze finish - f 13, value - 0.0
10/19/2023, 10:00:06.079579   black finish - 13
10/19/2023, 10:01:36.944582   freeze begin, value - 105.00492578909845
10/19/2023, 10:01:37.012396   freeze finish - f 1, value - 105.00492578909845
10/19/2023, 10:01:55.357330   black begin
10/19/2023, 10:01:55.430057   black finish - 1
10/19/2023, 10:01:55.508724   freeze begin, value - 77.96883574221704
10/19/2023, 10:01:56.392689   freeze finish - f 12, value - 77.96883574221704
10/19/2023, 10:01:56.470670   freeze begin, value - 77.96845766629939
10/19/2023, 10:01:56.554130   freeze finish - f 1, value - 77.96845766629939
10/19/2023, 10:02:20.138047   freeze begin, value - 0
10/19/2023, 10:02:20.138047   black begin
10/19/2023, 10:02:20.916529   freeze finish - f 11, value - 0.0
10/19/2023, 10:02:20.916529   black finish - 11
10/19/2023, 10:03:45.472208   black begin
10/19/2023, 10:03:45.535305   black finish - 1
10/19/2023, 10:03:45.611742   freeze begin, value - 100.97588955862336
10/19/2023, 10:03:45.754752   freeze finish - f 2, value - 100.97588955862336
10/19/2023, 10:03:45.755259   black begin
10/19/2023, 10:03:45.831900   black finish - 1
10/19/2023, 10:03:45.908070   black begin
10/19/2023, 10:03:45.972734   black finish - 1
10/19/2023, 10:03:52.198656   freeze begin, value - 0
10/19/2023, 10:03:52.198656   black begin
10/19/2023, 10:03:52.974234   freeze finish - f 11, value - 0.0
10/19/2023, 10:03:52.975231   black finish - 11
10/19/2023, 10:04:49.058416   freeze begin, value - 0
10/19/2023, 10:04:49.058416   black begin
10/19/2023, 10:04:49.554900   freeze finish - f 7, value - 0.0
10/19/2023, 10:04:49.554900   black finish - 7
10/19/2023, 10:05:55.676221   freeze begin, value - 98.90193790913216
10/19/2023, 10:05:56.555125   freeze finish - f 12, value - 98.90193790913216
10/19/2023, 10:05:56.556148   black begin
10/19/2023, 10:05:56.619798   black finish - 1
10/19/2023, 10:05:56.900377   black begin
10/19/2023, 10:05:56.974477   black finish - 1
10/19/2023, 10:06:12.488444   freeze begin, value - 131.70304837211313
10/19/2023, 10:06:12.566242   freeze finish - f 1, value - 131.70304837211313
10/19/2023, 10:06:27.159055   freeze begin, value - 0
10/19/2023, 10:06:27.160136   black begin
10/19/2023, 10:06:27.593564   freeze finish - f 6, value - 0.0
10/19/2023, 10:06:27.594561   black finish - 6
10/19/2023, 10:07:35.405432   black begin
10/19/2023, 10:07:35.477089   black finish - 1
10/19/2023, 10:07:35.623023   freeze begin, value - 99.25764253462096
10/19/2023, 10:07:35.694989   freeze finish - f 1, value - 99.25764253462096
