10/19/2023, 09:38:57.510712   freeze begin, value - 140.7624819063668
10/19/2023, 09:38:57.582983   freeze finish - f 1, value - 140.7624819063668
10/19/2023, 09:41:06.030223   freeze begin, value - 0
10/19/2023, 09:41:06.030729   black begin
10/19/2023, 09:41:06.816548   freeze finish - f 11, value - 0.0
10/19/2023, 09:41:06.817056   black finish - 11
10/19/2023, 09:43:14.089722   freeze begin, value - 0
10/19/2023, 09:43:14.090228   black begin
10/19/2023, 09:43:15.047112   freeze finish - f 13, value - 0.0
10/19/2023, 09:43:15.047112   black finish - 13
10/19/2023, 09:43:19.141586   freeze begin, value - 0
10/19/2023, 09:43:19.142097   black begin
10/19/2023, 09:43:19.775057   freeze finish - f 9, value - 0.0
10/19/2023, 09:43:19.777299   black finish - 9
10/19/2023, 09:45:06.047813   freeze begin, value - 0
10/19/2023, 09:45:06.048336   black begin
10/19/2023, 09:45:06.677283   freeze finish - f 9, value - 0.0
10/19/2023, 09:45:06.677283   black finish - 9
10/19/2023, 09:45:53.087632   freeze begin, value - 0
10/19/2023, 09:45:53.087632   black begin
10/19/2023, 09:45:53.581299   freeze finish - f 7, value - 0.0
10/19/2023, 09:45:53.581299   black finish - 7
10/19/2023, 09:49:22.137005   freeze begin, value - 0
10/19/2023, 09:49:22.137524   black begin
10/19/2023, 09:49:22.765133   freeze finish - f 9, value - 0.0
10/19/2023, 09:49:22.765133   black finish - 9
10/19/2023, 09:51:59.276211   freeze begin, value - 219.9561323913842
10/19/2023, 09:51:59.350858   freeze finish - f 1, value - 219.9561323913842
10/19/2023, 09:58:04.120904   freeze begin, value - 0
10/19/2023, 09:58:04.120904   black begin
10/19/2023, 09:58:04.649786   freeze finish - f 7, value - 0.0
10/19/2023, 09:58:04.649786   black finish - 7
10/19/2023, 09:58:14.998985   freeze begin, value - 0
10/19/2023, 09:58:14.998985   black begin
10/19/2023, 09:58:16.443787   freeze finish - f 20, value - 0.0
10/19/2023, 09:58:16.444272   black finish - 20
10/19/2023, 09:58:44.164001   freeze begin, value - 0
10/19/2023, 09:58:44.164001   black begin
10/19/2023, 09:58:45.875038   freeze finish - f 24, value - 0.0
10/19/2023, 09:58:45.876040   black finish - 24
10/19/2023, 10:00:05.154377   freeze begin, value - 0
10/19/2023, 10:00:05.154377   black begin
10/19/2023, 10:00:06.089239   freeze finish - f 13, value - 0.0
10/19/2023, 10:00:06.089239   black finish - 13
10/19/2023, 10:02:20.148641   freeze begin, value - 0
10/19/2023, 10:02:20.149648   black begin
10/19/2023, 10:02:20.925048   freeze finish - f 11, value - 0.0
10/19/2023, 10:02:20.925048   black finish - 11
10/19/2023, 10:03:52.208365   black begin
 value - 0
10/19/2023, 10:03:52.985204   freeze finish - f 11, value - 0.0
10/19/2023, 10:03:52.986202   black finish - 11
10/19/2023, 10:04:49.069201   freeze begin, value - 0
10/19/2023, 10:04:49.070217   black begin
10/19/2023, 10:04:49.562805   freeze finish - f 7, value - 0.0
10/19/2023, 10:04:49.562805   black finish - 7
10/19/2023, 10:05:58.523136   freeze begin, value - 164.90128977898763
10/19/2023, 10:05:58.594144   freeze finish - f 1, value - 164.90128977898763
10/19/2023, 10:06:27.166277   black begin
10/19/2023, 10:06:27.166277   freeze begin, value - 0
10/19/2023, 10:06:27.605696   freeze finish - f 6, value - 0.0
10/19/2023, 10:06:27.605696   black finish - 6
