10/19/2023, 09:41:06.015058   freeze begin, value - 0
10/19/2023, 09:41:06.016065   black begin
10/19/2023, 09:41:06.800923   freeze finish - f 11, value - 0.0
10/19/2023, 09:41:06.800923   black finish - 11
10/19/2023, 09:43:14.076569   freeze begin, value - 0
10/19/2023, 09:43:14.076569   black begin
10/19/2023, 09:43:15.034036   freeze finish - f 13, value - 0.0
10/19/2023, 09:43:15.035044   black finish - 13
10/19/2023, 09:43:19.122336   freeze begin, value - 0
10/19/2023, 09:43:19.122336   black begin
10/19/2023, 09:43:19.758804   freeze finish - f 9, value - 0.0
10/19/2023, 09:43:19.759310   black finish - 9
10/19/2023, 09:45:06.023543   freeze begin, value - 0
10/19/2023, 09:45:06.024565   black begin
10/19/2023, 09:45:06.662869   freeze finish - f 9, value - 0.0
10/19/2023, 09:45:06.662869   black finish - 9
10/19/2023, 09:45:53.073224   freeze begin, value - 0
10/19/2023, 09:45:53.073224   black begin
10/19/2023, 09:45:53.571179   freeze finish - f 7, value - 0.0
10/19/2023, 09:45:53.571179   black finish - 7
10/19/2023, 09:48:50.602978   freeze begin, value - 104.33024391297772
10/19/2023, 09:48:50.677888   freeze finish - f 1, value - 104.33024391297772
10/19/2023, 09:48:50.977659   black begin
10/19/2023, 09:48:51.048542   black finish - 1
10/19/2023, 09:49:22.112526   freeze begin, value - 0
10/19/2023, 09:49:22.113536   black begin
10/19/2023, 09:49:22.750882   freeze finish - f 9, value - 0.0
10/19/2023, 09:49:22.750882   black finish - 9
10/19/2023, 09:51:56.712824   freeze begin, value - 214.90549182275802
10/19/2023, 09:51:56.788705   freeze finish - f 1, value - 214.90549182275802
10/19/2023, 09:58:04.104246   freeze begin, value - 0
10/19/2023, 09:58:04.105255   black begin
10/19/2023, 09:58:04.637504   black finish - 7
10/19/2023, 09:58:04.637504   freeze finish - f 7, value - 0.0
10/19/2023, 09:58:14.984284   freeze begin, value - 0
10/19/2023, 09:58:14.984802   black begin
10/19/2023, 09:58:16.429724   freeze finish - f 20, value - 0.0
10/19/2023, 09:58:16.430245   black finish - 20
10/19/2023, 09:58:44.147990   freeze begin, value - 0
10/19/2023, 09:58:44.147990   black begin
10/19/2023, 09:58:45.857210   freeze finish - f 24, value - 0.0
10/19/2023, 09:58:45.858226   black finish - 24
10/19/2023, 09:59:13.041314   freeze begin, value - 203.36561021453107
10/19/2023, 09:59:13.114760   freeze finish - f 1, value - 203.36561021453107
10/19/2023, 09:59:30.540065   freeze begin, value - 84.40406593644003
10/19/2023, 09:59:30.683532   freeze finish - f 2, value - 84.40406593644003
10/19/2023, 09:59:30.684534   black begin
10/19/2023, 09:59:30.758590   black finish - 1
10/19/2023, 10:00:05.132836   freeze begin, value - 0
10/19/2023, 10:00:05.133347   black begin
10/19/2023, 10:00:06.073433   freeze finish - f 13, value - 0.0
10/19/2023, 10:00:06.074426   black finish - 13
10/19/2023, 10:01:56.330125   black begin
10/19/2023, 10:01:56.390751   freeze begin, value - 0.0
10/19/2023, 10:01:56.466603   freeze finish - f 1, value - 0.0
10/19/2023, 10:01:56.467111   black finish - 2
10/19/2023, 10:01:56.552133   freeze begin, value - 83.30196383433794
10/19/2023, 10:01:57.353858   freeze finish - f 11, value - 83.30196383433794
10/19/2023, 10:01:57.424811   black begin
10/19/2023, 10:01:57.501485   black finish - 1
10/19/2023, 10:02:20.130472   freeze begin, value - 0
10/19/2023, 10:02:20.131479   black begin
10/19/2023, 10:02:20.910229   freeze finish - f 11, value - 0.0
10/19/2023, 10:02:20.911504   black finish - 11
10/19/2023, 10:03:52.191282   freeze begin, value - 0
10/19/2023, 10:03:52.192302   black begin
10/19/2023, 10:03:52.967668   freeze finish - f 11, value - 0.0
10/19/2023, 10:03:52.967668   black finish - 11
10/19/2023, 10:04:49.053288   freeze begin, value - 0
10/19/2023, 10:04:49.053808   black begin
10/19/2023, 10:04:49.545682   freeze finish - f 7, value - 0.0
10/19/2023, 10:04:49.545682   black finish - 7
10/19/2023, 10:05:55.458998   black begin
10/19/2023, 10:05:55.521873   black finish - 1
10/19/2023, 10:05:55.593140   freeze begin, value - 99.67679910125953
10/19/2023, 10:05:56.552031   freeze finish - f 13, value - 99.67679910125953
10/19/2023, 10:05:56.553058   black begin
10/19/2023, 10:05:56.616750   black finish - 1
10/19/2023, 10:06:27.155065   freeze begin, value - 0
10/19/2023, 10:06:27.155065   black begin
10/19/2023, 10:06:27.589575   freeze finish - f 6, value - 0.0
10/19/2023, 10:06:27.589575   black finish - 6
10/19/2023, 10:07:35.331517   black begin
10/19/2023, 10:07:35.403388   freeze begin, value - 0.0
10/19/2023, 10:07:35.472002   freeze finish - f 1, value - 0.0
10/19/2023, 10:07:35.472991   black finish - 2
10/19/2023, 10:07:35.619986   freeze begin, value - 99.17780370298355
10/19/2023, 10:07:35.692924   freeze finish - f 1, value - 99.17780370298355
10/19/2023, 10:07:39.209105   black begin
10/19/2023, 10:07:39.283777   black finish - 1
