10/19/2023, 09:41:06.023645   black begin
10/19/2023, 09:41:06.023645   freeze begin, value - 0
10/19/2023, 09:41:06.809953   freeze finish - f 11, value - 0.0
10/19/2023, 09:41:06.810463   black finish - 11
10/19/2023, 09:43:14.082633   freeze begin, value - 0
10/19/2023, 09:43:14.082633   black begin
10/19/2023, 09:43:15.038577   freeze finish - f 13, value - 0.0
10/19/2023, 09:43:15.038577   black finish - 13
10/19/2023, 09:43:19.131438   freeze begin, value - 0
10/19/2023, 09:43:19.132446   black begin
10/19/2023, 09:43:19.764878   freeze finish - f 9, value - 0.0
10/19/2023, 09:43:19.764878   black finish - 9
10/19/2023, 09:45:06.035973   freeze begin, value - 0
10/19/2023, 09:45:06.036997   black begin
10/19/2023, 09:45:06.667950   freeze finish - f 9, value - 0.0
10/19/2023, 09:45:06.668958   black finish - 9
10/19/2023, 09:45:53.079941   freeze begin, value - 0
10/19/2023, 09:45:53.079941   black begin
10/19/2023, 09:45:53.574138   freeze finish - f 7, value - 0.0
10/19/2023, 09:45:53.575134   black finish - 7
10/19/2023, 09:49:22.126092   freeze begin, value - 0
10/19/2023, 09:49:22.126613   black begin
10/19/2023, 09:49:22.754871   freeze finish - f 9, value - 0.0
10/19/2023, 09:49:22.754871   black finish - 9
10/19/2023, 09:58:04.113199   black begin
 value - 0
10/19/2023, 09:58:04.643643   freeze finish - f 7, value - 0.0
10/19/2023, 09:58:04.643643   black finish - 7
10/19/2023, 09:58:14.990953   freeze begin, value - 0
10/19/2023, 09:58:14.990953   black begin
10/19/2023, 09:58:16.436000   freeze finish - f 20, value - 0.0
10/19/2023, 09:58:16.436516   black finish - 20
10/19/2023, 09:58:44.155234   freeze begin, value - 0
10/19/2023, 09:58:44.155234   black begin
10/19/2023, 09:58:45.867251   freeze finish - f 24, value - 0.0
10/19/2023, 09:58:45.867251   black finish - 24
10/19/2023, 09:59:17.571705   freeze begin, value - 228.6469959167801
10/19/2023, 09:59:17.638155   freeze finish - f 1, value - 228.6469959167801
10/19/2023, 10:00:05.144505   freeze begin, value - 0
10/19/2023, 10:00:05.145241   black begin
10/19/2023, 10:00:06.080600   freeze finish - f 13, value - 0.0
10/19/2023, 10:00:06.081111   black finish - 13
10/19/2023, 10:02:20.139560   freeze begin, value - 0
10/19/2023, 10:02:20.139560   black begin
10/19/2023, 10:02:20.917523   freeze finish - f 11, value - 0.0
10/19/2023, 10:02:20.917523   black finish - 11
10/19/2023, 10:03:20.333035   freeze begin, value - 101.36960701708904
10/19/2023, 10:03:20.400763   freeze finish - f 1, value - 101.36960701708904
10/19/2023, 10:03:52.199675   freeze begin, value - 0
10/19/2023, 10:03:52.200187   black begin
10/19/2023, 10:03:52.975231   freeze finish - f 11, value - 0.0
10/19/2023, 10:03:52.976229   black finish - 11
10/19/2023, 10:04:49.059960   freeze begin, value - 0
10/19/2023, 10:04:49.059960   black begin
10/19/2023, 10:04:49.555898   freeze finish - f 7, value - 0.0
10/19/2023, 10:04:49.555898   black finish - 7
10/19/2023, 10:06:27.160136   freeze begin, value - 0
10/19/2023, 10:06:27.161050   black begin
10/19/2023, 10:06:27.595559   freeze finish - f 6, value - 0.0
10/19/2023, 10:06:27.595717   black finish - 6
