10/19/2023, 09:38:35.796921   freeze begin, value - 110.12741158424612
10/19/2023, 09:38:36.094846   freeze finish - f 4, value - 110.12741158424612
10/19/2023, 09:38:38.867249   freeze begin, value - 110.16649383196146
10/19/2023, 09:38:39.093955   freeze finish - f 3, value - 110.16649383196146
10/19/2023, 09:38:41.865547   freeze begin, value - 110.16643982111609
10/19/2023, 09:38:42.080719   freeze finish - f 3, value - 110.16643982111609
10/19/2023, 09:38:44.905579   freeze begin, value - 110.12524034826193
10/19/2023, 09:38:45.117795   freeze finish - f 3, value - 110.12524034826193
10/19/2023, 09:38:47.946957   freeze begin, value - 110.23861991487891
10/19/2023, 09:38:48.225477   freeze finish - f 3, value - 110.23861991487891
10/19/2023, 09:38:50.982651   freeze begin, value - 110.22725603301143
10/19/2023, 09:38:51.274090   freeze finish - f 4, value - 110.22725603301143
10/19/2023, 09:38:54.047152   freeze begin, value - 110.254218247024
10/19/2023, 09:38:54.266124   freeze finish - f 3, value - 110.254218247024
10/19/2023, 09:38:57.072232   freeze begin, value - 110.09826733208028
10/19/2023, 09:38:57.285280   freeze finish - f 3, value - 110.09826733208028
10/19/2023, 09:39:00.162831   freeze begin, value - 110.16595372350768
10/19/2023, 09:39:00.383170   freeze finish - f 3, value - 110.16595372350768
10/19/2023, 09:39:03.161660   freeze begin, value - 110.12835137295569
10/19/2023, 09:39:03.383463   freeze finish - f 3, value - 110.12835137295569
10/19/2023, 09:39:06.247012   freeze begin, value - 110.12766003413485
10/19/2023, 09:39:07.375520   freeze finish - f 15, value - 110.12766003413485
10/19/2023, 09:39:10.183290   freeze begin, value - 110.11864022295677
10/19/2023, 09:39:10.412097   freeze finish - f 3, value - 110.11864022295677
10/19/2023, 09:39:13.207175   freeze begin, value - 110.11844578391342
10/19/2023, 09:39:13.428059   freeze finish - f 3, value - 110.11844578391342
10/19/2023, 09:39:16.286561   freeze begin, value - 110.07724631105926
10/19/2023, 09:39:16.507683   freeze finish - f 3, value - 110.07724631105926
10/19/2023, 09:39:19.298650   freeze begin, value - 110.2704755114827
10/19/2023, 09:39:19.519545   freeze finish - f 3, value - 110.2704755114827
10/19/2023, 09:39:22.419272   freeze begin, value - 110.25875515803574
10/19/2023, 09:39:22.566812   freeze finish - f 2, value - 110.25875515803574
10/19/2023, 09:39:25.410447   freeze begin, value - 110.28556614168124
10/19/2023, 09:39:25.631778   freeze finish - f 3, value - 110.28556614168124
10/19/2023, 09:39:28.497046   freeze begin, value - 110.11882385983105
10/19/2023, 09:39:28.709829   freeze finish - f 3, value - 110.11882385983105
10/19/2023, 09:39:31.486800   freeze begin, value - 110.18658586644199
10/19/2023, 09:39:31.704868   freeze finish - f 3, value - 110.18658586644199
10/19/2023, 09:39:34.573394   freeze begin, value - 110.14894030721369
10/19/2023, 09:39:34.791615   freeze finish - f 3, value - 110.14894030721369
10/19/2023, 09:39:37.583161   freeze begin, value - 110.14829217706915
10/19/2023, 09:39:37.799371   freeze finish - f 3, value - 110.14829217706915
10/19/2023, 09:39:40.620025   freeze begin, value - 110.1873744247845
10/19/2023, 09:39:40.837688   freeze finish - f 3, value - 110.1873744247845
10/19/2023, 09:39:43.702151   freeze begin, value - 110.18732041393912
10/19/2023, 09:39:43.921774   freeze finish - f 3, value - 110.18732041393912
10/19/2023, 09:39:46.732613   freeze begin, value - 110.1461101389159
10/19/2023, 09:39:46.956174   freeze finish - f 3, value - 110.1461101389159
10/19/2023, 09:39:49.748143   freeze begin, value - 110.25948970553287
10/19/2023, 09:39:49.966659   freeze finish - f 3, value - 110.25948970553287
10/19/2023, 09:39:52.752380   freeze begin, value - 110.24786657160757
10/19/2023, 09:39:53.043924   freeze finish - f 4, value - 110.24786657160757
10/19/2023, 09:39:55.816439   freeze begin, value - 110.27473156609847
10/19/2023, 09:39:56.114728   freeze finish - f 4, value - 110.27473156609847
10/19/2023, 09:39:58.936296   freeze begin, value - 110.11878065115475
10/19/2023, 09:39:59.140395   freeze finish - f 3, value - 110.11878065115475
10/19/2023, 09:40:01.909683   freeze begin, value - 110.18646704258215
10/19/2023, 09:40:02.176829   freeze finish - f 4, value - 110.18646704258215
10/19/2023, 09:40:04.963119   freeze begin, value - 110.14886469203016
10/19/2023, 09:40:05.177276   freeze finish - f 3, value - 110.14886469203016
10/19/2023, 09:40:08.020270   freeze begin, value - 110.14817335320933
10/19/2023, 09:40:08.245930   freeze finish - f 3, value - 110.14817335320933
10/19/2023, 09:40:11.057767   freeze begin, value - 110.11066822217902
10/19/2023, 09:40:11.274294   freeze finish - f 3, value - 110.11066822217902
10/19/2023, 09:40:14.139369   freeze begin, value - 110.11048458530473
10/19/2023, 09:40:14.357054   freeze finish - f 3, value - 110.11048458530473
10/19/2023, 09:40:17.213707   freeze begin, value - 110.06928511245059
10/19/2023, 09:40:17.404775   freeze finish - f 3, value - 110.06928511245059
10/19/2023, 09:40:20.191505   freeze begin, value - 110.26251431287403
10/19/2023, 09:40:20.411279   freeze finish - f 3, value - 110.26251431287403
10/19/2023, 09:40:23.203894   freeze begin, value - 110.25078315725797
10/19/2023, 09:40:23.422475   freeze finish - f 3, value - 110.25078315725797
10/19/2023, 09:40:26.276450   freeze begin, value - 110.27759414090349
10/19/2023, 09:40:26.453813   freeze finish - f 2, value - 110.27759414090349
10/19/2023, 09:40:29.288888   freeze begin, value - 110.1108518590533
10/19/2023, 09:40:29.508179   freeze finish - f 3, value - 110.1108518590533
10/19/2023, 09:40:32.373948   freeze begin, value - 110.17861386566423
10/19/2023, 09:40:32.592645   freeze finish - f 3, value - 110.17861386566423
10/19/2023, 09:40:35.367487   freeze begin, value - 110.14096830643594
10/19/2023, 09:40:35.655256   freeze finish - f 4, value - 110.14096830643594
10/19/2023, 09:40:38.413374   freeze begin, value - 110.1403201762914
10/19/2023, 09:40:38.659250   freeze finish - f 3, value - 110.1403201762914
10/19/2023, 09:40:41.497748   freeze begin, value - 110.17940242400674
10/19/2023, 09:40:41.724342   freeze finish - f 3, value - 110.17940242400674
10/19/2023, 09:40:44.549091   freeze begin, value - 110.17934841316136
10/19/2023, 09:40:44.771904   freeze finish - f 3, value - 110.17934841316136
10/19/2023, 09:40:47.578862   freeze begin, value - 110.13813813813813
10/19/2023, 09:40:47.804103   freeze finish - f 3, value - 110.13813813813813
10/19/2023, 09:40:50.584337   freeze begin, value - 110.25151770475512
10/19/2023, 09:40:50.799604   freeze finish - f 3, value - 110.25151770475512
10/19/2023, 09:40:53.650623   freeze begin, value - 110.23989457082982
10/19/2023, 09:40:53.868915   freeze finish - f 3, value - 110.23989457082982
10/19/2023, 09:40:56.651480   freeze begin, value - 110.26675956532071
10/19/2023, 09:40:56.945680   freeze finish - f 4, value - 110.26675956532071
10/19/2023, 09:41:06.017579   freeze begin, value - 0
10/19/2023, 09:41:06.018085   black begin
10/19/2023, 09:41:06.802443   freeze finish - f 11, value - 0.0
10/19/2023, 09:41:06.802443   black finish - 11
10/19/2023, 09:41:08.843170   freeze begin, value - 110.14020135243157
10/19/2023, 09:41:09.140621   freeze finish - f 4, value - 110.14020135243157
10/19/2023, 09:41:11.946649   freeze begin, value - 110.21275952211204
10/19/2023, 09:41:12.099002   freeze finish - f 2, value - 110.21275952211204
10/19/2023, 09:41:14.952436   freeze begin, value - 110.21256508306868
10/19/2023, 09:41:15.180361   freeze finish - f 3, value - 110.21256508306868
10/19/2023, 09:41:18.010562   freeze begin, value - 110.17162486227234
10/19/2023, 09:41:18.231342   freeze finish - f 3, value - 110.17162486227234
10/19/2023, 09:41:21.097471   freeze begin, value - 110.36495128221748
10/19/2023, 09:41:21.245628   freeze finish - f 2, value - 110.36495128221748
10/19/2023, 09:41:24.115248   freeze begin, value - 110.3532309287705
10/19/2023, 09:41:24.337730   freeze finish - f 3, value - 110.3532309287705
10/19/2023, 09:41:27.096163   freeze begin, value - 110.38004191241602
10/19/2023, 09:41:27.327194   freeze finish - f 3, value - 110.38004191241602
10/19/2023, 09:41:30.147425   freeze begin, value - 110.21294315898632
10/19/2023, 09:41:30.376503   freeze finish - f 3, value - 110.21294315898632
10/19/2023, 09:41:33.241660   freeze begin, value - 110.28070516559725
10/19/2023, 09:41:33.392479   freeze finish - f 2, value - 110.28070516559725
10/19/2023, 09:41:36.197669   freeze begin, value - 110.24305960636896
10/19/2023, 09:41:36.481705   freeze finish - f 4, value - 110.24305960636896
10/19/2023, 09:41:39.300295   freeze begin, value - 110.24263832177502
10/19/2023, 09:41:39.512431   freeze finish - f 3, value - 110.24263832177502
10/19/2023, 09:41:42.335441   freeze begin, value - 110.28172056949036
10/19/2023, 09:41:42.552200   freeze finish - f 3, value - 110.28172056949036
10/19/2023, 09:41:45.365529   freeze begin, value - 110.28166655864497
10/19/2023, 09:41:45.594248   freeze finish - f 3, value - 110.28166655864497
10/19/2023, 09:41:48.454464   freeze begin, value - 110.24046708579083
10/19/2023, 09:41:48.672476   freeze finish - f 3, value - 110.24046708579083
10/19/2023, 09:41:51.495657   freeze begin, value - 110.35384665240781
10/19/2023, 09:41:51.718954   freeze finish - f 3, value - 110.35384665240781
10/19/2023, 09:41:54.513952   freeze begin, value - 110.34222351848251
10/19/2023, 09:41:54.734166   freeze finish - f 3, value - 110.34222351848251
10/19/2023, 09:41:57.543689   freeze begin, value - 110.36884006308466
10/19/2023, 09:41:57.838610   freeze finish - f 4, value - 110.36884006308466
10/19/2023, 09:42:00.607384   freeze begin, value - 110.2132672240586
10/19/2023, 09:42:00.828019   freeze finish - f 3, value - 110.2132672240586
10/19/2023, 09:42:03.674245   freeze begin, value - 110.28095361548598
10/19/2023, 09:42:03.904273   freeze finish - f 3, value - 110.28095361548598
10/19/2023, 09:42:06.681006   freeze begin, value - 110.24335126493399
10/19/2023, 09:42:06.898990   freeze finish - f 3, value - 110.24335126493399
10/19/2023, 09:42:09.690636   freeze begin, value - 110.24251949791518
10/19/2023, 09:42:09.999064   freeze finish - f 4, value - 110.24251949791518
10/19/2023, 09:42:12.785346   freeze begin, value - 110.16197852528788
10/19/2023, 09:42:12.999906   freeze finish - f 3, value - 110.16197852528788
10/19/2023, 09:42:15.811768   freeze begin, value - 110.16178408624452
10/19/2023, 09:42:16.032663   freeze finish - f 3, value - 110.16178408624452
10/19/2023, 09:42:18.899076   freeze begin, value - 110.12058461339036
10/19/2023, 09:42:19.118969   freeze finish - f 3, value - 110.12058461339036
10/19/2023, 09:42:21.911224   freeze begin, value - 110.31350055091062
10/19/2023, 09:42:22.133987   freeze finish - f 3, value - 110.31350055091062
10/19/2023, 09:42:24.934099   freeze begin, value - 110.30210426253592
10/19/2023, 09:42:25.182517   freeze finish - f 3, value - 110.30210426253592
10/19/2023, 09:42:28.004846   freeze begin, value - 110.32891524618144
10/19/2023, 09:42:28.223353   freeze finish - f 3, value - 110.32891524618144
10/19/2023, 09:42:31.036824   freeze begin, value - 110.1618380970899
10/19/2023, 09:42:31.257981   freeze finish - f 3, value - 110.1618380970899
10/19/2023, 09:42:34.068797   freeze begin, value - 110.22983775142049
10/19/2023, 09:42:34.324589   freeze finish - f 3, value - 110.22983775142049
10/19/2023, 09:42:37.140262   freeze begin, value - 110.19177090759824
10/19/2023, 09:42:37.358153   freeze finish - f 3, value - 110.19177090759824
10/19/2023, 09:42:40.138958   freeze begin, value - 110.19140363384967
10/19/2023, 09:42:40.436858   freeze finish - f 4, value - 110.19140363384967
10/19/2023, 09:42:43.243178   freeze begin, value - 110.25180936332015
10/19/2023, 09:42:43.471179   freeze finish - f 3, value - 110.25180936332015
10/19/2023, 09:42:46.290995   freeze begin, value - 110.25176615464385
10/19/2023, 09:42:46.514612   freeze finish - f 3, value - 110.25176615464385
10/19/2023, 09:42:49.347251   freeze begin, value - 110.21054507745156
10/19/2023, 09:42:49.503722   freeze finish - f 2, value - 110.21054507745156
10/19/2023, 09:42:52.370359   freeze begin, value - 110.26314083868041
10/19/2023, 09:42:52.594745   freeze finish - f 3, value - 110.26314083868041
10/19/2023, 09:42:55.396338   freeze begin, value - 110.25148529824789
10/19/2023, 09:42:55.619371   freeze finish - f 3, value - 110.25148529824789
10/19/2023, 09:42:58.475288   freeze begin, value - 110.27838269924601
10/19/2023, 09:42:58.684090   freeze finish - f 3, value - 110.27838269924601
10/19/2023, 09:43:01.466153   freeze begin, value - 110.12827575777216
10/19/2023, 09:43:01.684410   freeze finish - f 3, value - 110.12827575777216
10/19/2023, 09:43:04.552032   freeze begin, value - 110.1959837535377
10/19/2023, 09:43:04.764961   freeze finish - f 3, value - 110.1959837535377
10/19/2023, 09:43:07.590642   freeze begin, value - 110.15835979864757
10/19/2023, 09:43:07.806711   freeze finish - f 3, value - 110.15835979864757
10/19/2023, 09:43:10.615736   freeze begin, value - 110.15764685548858
10/19/2023, 09:43:14.077077   freeze begin, value - 0
10/19/2023, 09:43:14.078084   black begin
10/19/2023, 09:43:15.035550   freeze finish - f 13, value - 0.0
10/19/2023, 09:43:15.035550   black finish - 13
10/19/2023, 09:43:19.124862   freeze begin, value - 0
10/19/2023, 09:43:19.125369   black begin
10/19/2023, 09:43:19.760833   freeze finish - f 9, value - 0.0
10/19/2023, 09:43:19.760833   black finish - 9
10/19/2023, 09:43:19.832467   freeze begin, value - 110.23847948668093
10/19/2023, 09:43:19.979209   freeze finish - f 2, value - 110.23847948668093
10/19/2023, 09:43:22.793487   freeze begin, value - 110.28029468317239
10/19/2023, 09:43:23.008013   freeze finish - f 3, value - 110.28029468317239
10/19/2023, 09:43:25.856435   freeze begin, value - 110.26859593406355
10/19/2023, 09:43:26.078837   freeze finish - f 3, value - 110.26859593406355
10/19/2023, 09:43:28.885419   freeze begin, value - 110.29537451120184
10/19/2023, 09:43:29.105253   freeze finish - f 3, value - 110.29537451120184
10/19/2023, 09:43:31.896762   freeze begin, value - 110.19715038779788
10/19/2023, 09:43:32.112211   freeze finish - f 3, value - 110.19715038779788
10/19/2023, 09:43:34.917317   freeze begin, value - 110.26479357054896
10/19/2023, 09:43:35.138305   freeze finish - f 3, value - 110.26479357054896
10/19/2023, 09:43:38.011565   freeze begin, value - 110.22723442867328
10/19/2023, 09:43:38.229734   freeze finish - f 3, value - 110.22723442867328
10/19/2023, 09:43:41.034442   freeze begin, value - 110.22653228768337
10/19/2023, 09:43:41.248073   freeze finish - f 3, value - 110.22653228768337
10/19/2023, 09:43:44.116472   freeze begin, value - 110.26886598829044
10/19/2023, 09:43:44.336510   freeze finish - f 3, value - 110.26886598829044
10/19/2023, 09:43:47.106792   freeze begin, value - 110.26881197744507
10/19/2023, 09:43:47.343894   freeze finish - f 3, value - 110.26881197744507
10/19/2023, 09:43:50.200799   freeze begin, value - 110.22759090025276
10/19/2023, 09:43:50.416041   freeze finish - f 3, value - 110.22759090025276
10/19/2023, 09:43:53.192039   freeze begin, value - 110.2801974636507
10/19/2023, 09:43:53.415651   freeze finish - f 3, value - 110.2801974636507
10/19/2023, 09:43:56.266772   freeze begin, value - 110.26854192321818
10/19/2023, 09:43:56.491177   freeze finish - f 3, value - 110.26854192321818
10/19/2023, 09:43:59.304918   freeze begin, value - 110.29569857627412
10/19/2023, 09:43:59.521230   freeze finish - f 3, value - 110.29569857627412
10/19/2023, 09:44:02.317508   freeze begin, value - 110.15040940220797
10/19/2023, 09:44:02.537581   freeze finish - f 3, value - 110.15040940220797
10/19/2023, 09:44:05.367383   freeze begin, value - 110.21811739797351
10/19/2023, 09:44:05.687894   freeze finish - f 4, value - 110.21811739797351
10/19/2023, 09:44:08.475332   freeze begin, value - 110.18049344308338
10/19/2023, 09:44:08.687154   freeze finish - f 3, value - 110.18049344308338
10/19/2023, 09:44:11.509320   freeze begin, value - 110.1794240283449
10/19/2023, 09:44:11.721857   freeze finish - f 3, value - 110.1794240283449
10/19/2023, 09:44:14.497622   freeze begin, value - 110.30155335191306
10/19/2023, 09:44:14.720053   freeze finish - f 3, value - 110.30155335191306
10/19/2023, 09:44:17.528843   freeze begin, value - 110.30151014323677
10/19/2023, 09:44:17.818415   freeze finish - f 4, value - 110.30151014323677
10/19/2023, 09:44:20.582721   freeze begin, value - 110.26024585736816
10/19/2023, 09:44:20.814319   freeze finish - f 3, value - 110.26024585736816
10/19/2023, 09:44:23.599131   freeze begin, value - 110.30206105385962
10/19/2023, 09:44:23.887664   freeze finish - f 4, value - 110.30206105385962
10/19/2023, 09:44:26.701781   freeze begin, value - 110.2903623047508
10/19/2023, 09:44:26.923361   freeze finish - f 3, value - 110.2903623047508
10/19/2023, 09:44:29.708275   freeze begin, value - 110.31713007972
10/19/2023, 09:44:29.927978   freeze finish - f 3, value - 110.31713007972
10/19/2023, 09:44:32.803540   freeze begin, value - 110.21890595631602
10/19/2023, 09:44:33.068364   freeze finish - f 3, value - 110.21890595631602
10/19/2023, 09:44:35.827763   freeze begin, value - 110.28654913906712
10/19/2023, 09:44:36.049127   freeze finish - f 3, value - 110.28654913906712
10/19/2023, 09:44:38.883704   freeze begin, value - 110.24900079936052
10/19/2023, 09:44:39.106780   freeze finish - f 3, value - 110.24900079936052
10/19/2023, 09:44:41.883681   freeze begin, value - 110.2482986583706
10/19/2023, 09:44:42.171009   freeze finish - f 4, value - 110.2482986583706
10/19/2023, 09:44:44.978384   freeze begin, value - 110.29063235897769
10/19/2023, 09:44:45.189407   freeze finish - f 3, value - 110.29063235897769
10/19/2023, 09:44:47.989273   freeze begin, value - 110.29058915030139
10/19/2023, 09:44:48.227999   freeze finish - f 3, value - 110.29058915030139
10/19/2023, 09:44:51.087379   freeze begin, value - 110.24936807310908
10/19/2023, 09:44:51.306589   freeze finish - f 3, value - 110.24936807310908
10/19/2023, 09:44:54.107518   freeze begin, value - 110.30196383433794
10/19/2023, 09:44:54.330829   freeze finish - f 3, value - 110.30196383433794
10/19/2023, 09:44:57.143821   freeze begin, value - 110.29030829390541
10/19/2023, 09:44:57.367451   freeze finish - f 3, value - 110.29030829390541
10/19/2023, 09:45:00.171226   freeze begin, value - 110.31719489273446
10/19/2023, 09:45:00.393607   freeze finish - f 3, value - 110.31719489273446
10/19/2023, 09:45:06.029776   freeze begin, value - 0
10/19/2023, 09:45:06.030794   black begin
10/19/2023, 09:45:06.663379   freeze finish - f 9, value - 0.0
10/19/2023, 09:45:06.664394   black finish - 9
10/19/2023, 09:45:09.319651   freeze begin, value - 110.14117354764836
10/19/2023, 09:45:09.577229   freeze finish - f 3, value - 110.14117354764836
10/19/2023, 09:45:12.322478   freeze begin, value - 110.14046060448938
10/19/2023, 09:45:12.557152   freeze finish - f 3, value - 110.14046060448938
10/19/2023, 09:45:15.411300   freeze begin, value - 110.26258992805755
10/19/2023, 09:45:15.628398   freeze finish - f 3, value - 110.26258992805755
10/19/2023, 09:45:18.442714   freeze begin, value - 110.26254671938125
10/19/2023, 09:45:18.659836   freeze finish - f 3, value - 110.26254671938125
10/19/2023, 09:45:21.506392   freeze begin, value - 110.22128243351266
10/19/2023, 09:45:21.731384   freeze finish - f 3, value - 110.22128243351266
10/19/2023, 09:45:24.487001   freeze begin, value - 110.26309763000411
10/19/2023, 09:45:24.783076   freeze finish - f 4, value - 110.26309763000411
10/19/2023, 09:45:27.580612   freeze begin, value - 110.25139888089528
10/19/2023, 09:45:27.803869   freeze finish - f 3, value - 110.25139888089528
10/19/2023, 09:45:30.610301   freeze begin, value - 110.2781666558645
10/19/2023, 09:45:30.826948   freeze finish - f 3, value - 110.2781666558645
10/19/2023, 09:45:33.625135   freeze begin, value - 110.17994253246052
10/19/2023, 09:45:33.843398   freeze finish - f 3, value - 110.17994253246052
10/19/2023, 09:45:36.694824   freeze begin, value - 110.24758571521161
10/19/2023, 09:45:36.916762   freeze finish - f 3, value - 110.24758571521161
10/19/2023, 09:45:39.752723   freeze begin, value - 110.21002657333592
10/19/2023, 09:45:39.968549   freeze finish - f 3, value - 110.21002657333592
10/19/2023, 09:45:42.764389   freeze begin, value - 110.20932443234601
10/19/2023, 09:45:42.983155   freeze finish - f 3, value - 110.20932443234601
10/19/2023, 09:45:45.817368   freeze begin, value - 110.2516581329531
10/19/2023, 09:45:46.037033   freeze finish - f 3, value - 110.2516581329531
10/19/2023, 09:45:53.074764   freeze begin, value - 0
10/19/2023, 09:45:53.074764   black begin
10/19/2023, 09:45:53.571179   freeze finish - f 7, value - 0.0
10/19/2023, 09:45:53.572143   black finish - 7
10/19/2023, 09:45:55.003046   freeze begin, value - 110.26298960831335
10/19/2023, 09:45:55.217588   freeze finish - f 3, value - 110.26298960831335
10/19/2023, 09:45:58.011081   freeze begin, value - 110.25133406788083
10/19/2023, 09:45:58.230165   freeze finish - f 3, value - 110.25133406788083
10/19/2023, 09:46:01.085968   freeze begin, value - 110.27823146887896
10/19/2023, 09:46:01.303841   freeze finish - f 3, value - 110.27823146887896
10/19/2023, 09:46:04.154754   freeze begin, value - 110.0908354397563
10/19/2023, 09:46:04.370037   freeze finish - f 3, value - 110.0908354397563
10/19/2023, 09:46:07.155510   freeze begin, value - 110.15864065504353
10/19/2023, 09:46:07.375558   freeze finish - f 3, value - 110.15864065504353
10/19/2023, 09:46:10.232225   freeze begin, value - 110.12101670015339
10/19/2023, 09:46:10.456272   freeze finish - f 3, value - 110.12101670015339
10/19/2023, 09:46:13.231009   freeze begin, value - 110.1203037569944
10/19/2023, 09:46:13.447105   freeze finish - f 3, value - 110.1203037569944
10/19/2023, 09:46:16.322691   freeze begin, value - 110.24243308056258
10/19/2023, 09:46:16.536582   freeze finish - f 3, value - 110.24243308056258
10/19/2023, 09:46:19.305999   freeze begin, value - 110.24238987188627
10/19/2023, 09:46:19.601100   freeze finish - f 4, value - 110.24238987188627
10/19/2023, 09:46:22.394293   freeze begin, value - 110.20113638818675
10/19/2023, 09:46:22.610392   freeze finish - f 3, value - 110.20113638818675
10/19/2023, 09:46:25.381017   freeze begin, value - 110.24295158467821
10/19/2023, 09:46:25.669479   freeze finish - f 4, value - 110.24295158467821
10/19/2023, 09:46:28.453316   freeze begin, value - 110.23125283556938
10/19/2023, 09:46:28.751498   freeze finish - f 4, value - 110.23125283556938
10/19/2023, 09:46:31.559852   freeze begin, value - 110.2580206105386
10/19/2023, 09:46:31.779101   freeze finish - f 3, value - 110.2580206105386
10/19/2023, 09:46:34.546185   freeze begin, value - 110.15979648713461
10/19/2023, 09:46:34.757631   freeze finish - f 3, value - 110.15979648713461
10/19/2023, 09:46:37.627133   freeze begin, value - 110.22743966988571
10/19/2023, 09:46:37.854213   freeze finish - f 3, value - 110.22743966988571
10/19/2023, 09:46:40.703436   freeze begin, value - 110.18988052801002
10/19/2023, 09:46:40.899834   freeze finish - f 3, value - 110.18988052801002
10/19/2023, 09:46:43.683553   freeze begin, value - 110.1891783870201
10/19/2023, 09:46:43.902147   freeze finish - f 3, value - 110.1891783870201
10/19/2023, 09:46:46.762369   freeze begin, value - 110.2315120876272
10/19/2023, 09:46:46.979653   freeze finish - f 3, value - 110.2315120876272
10/19/2023, 09:46:49.788468   freeze begin, value - 110.23146887895089
10/19/2023, 09:46:50.010948   freeze finish - f 3, value - 110.23146887895089
10/19/2023, 09:46:52.850284   freeze begin, value - 110.19024780175859
10/19/2023, 09:46:53.076270   freeze finish - f 3, value - 110.19024780175859
10/19/2023, 09:46:55.846996   freeze begin, value - 110.24284356298745
10/19/2023, 09:46:56.133305   freeze finish - f 4, value - 110.24284356298745
10/19/2023, 09:46:59.085565   freeze begin, value - 110.23118802255493
10/19/2023, 09:46:59.160957   freeze finish - f 1, value - 110.23118802255493
10/19/2023, 09:47:01.928632   freeze begin, value - 110.25808542355306
10/19/2023, 09:47:02.154260   freeze finish - f 3, value - 110.25808542355306
10/19/2023, 09:47:05.011436   freeze begin, value - 110.17824659191565
10/19/2023, 09:47:05.229579   freeze finish - f 3, value - 110.17824659191565
10/19/2023, 09:47:08.015803   freeze begin, value - 110.24595458768121
10/19/2023, 09:47:08.308640   freeze finish - f 4, value - 110.24595458768121
10/19/2023, 09:47:11.111188   freeze begin, value - 110.20833063279106
10/19/2023, 09:47:11.324795   freeze finish - f 3, value - 110.20833063279106
10/19/2023, 09:47:14.123718   freeze begin, value - 110.20761768963207
10/19/2023, 09:47:14.342935   freeze finish - f 3, value - 110.20761768963207
10/19/2023, 09:47:17.145172   freeze begin, value - 110.32974701320025
10/19/2023, 09:47:17.434560   freeze finish - f 4, value - 110.32974701320025
10/19/2023, 09:47:20.222793   freeze begin, value - 110.32970380452394
10/19/2023, 09:47:20.447405   freeze finish - f 3, value - 110.32970380452394
10/19/2023, 09:47:23.272793   freeze begin, value - 110.28845032082442
10/19/2023, 09:47:23.557966   freeze finish - f 4, value - 110.28845032082442
10/19/2023, 09:47:26.363371   freeze begin, value - 110.33026551731588
10/19/2023, 09:47:26.579999   freeze finish - f 3, value - 110.33026551731588
10/19/2023, 09:47:29.344835   freeze begin, value - 110.31856676820706
10/19/2023, 09:47:29.642521   freeze finish - f 4, value - 110.31856676820706
10/19/2023, 09:47:32.437351   freeze begin, value - 110.34533454317626
10/19/2023, 09:47:32.654742   freeze finish - f 3, value - 110.34533454317626
10/19/2023, 09:47:35.511292   freeze begin, value - 110.24712122194137
10/19/2023, 09:47:35.729833   freeze finish - f 3, value - 110.24712122194137
10/19/2023, 09:47:38.494366   freeze begin, value - 110.31476440469247
10/19/2023, 09:47:38.791369   freeze finish - f 4, value - 110.31476440469247
10/19/2023, 09:47:41.604396   freeze begin, value - 110.27719446064769
10/19/2023, 09:47:41.826927   freeze finish - f 3, value - 110.27719446064769
10/19/2023, 09:47:44.642152   freeze begin, value - 110.27649231965779
10/19/2023, 09:47:44.859933   freeze finish - f 3, value - 110.27649231965779
10/19/2023, 09:47:47.666931   freeze begin, value - 110.31846954868537
10/19/2023, 09:47:47.885311   freeze finish - f 3, value - 110.31846954868537
10/19/2023, 09:47:50.724062   freeze begin, value - 110.31842634000907
10/19/2023, 09:47:50.945405   freeze finish - f 3, value - 110.31842634000907
10/19/2023, 09:47:53.796275   freeze begin, value - 110.27720526281678
10/19/2023, 09:47:53.943203   freeze finish - f 2, value - 110.27720526281678
10/19/2023, 09:47:56.806262   freeze begin, value - 110.32980102404562
10/19/2023, 09:47:56.985037   freeze finish - f 2, value - 110.32980102404562
10/19/2023, 09:47:59.791622   freeze begin, value - 110.31814548361311
10/19/2023, 09:48:00.019376   freeze finish - f 3, value - 110.31814548361311
10/19/2023, 09:48:02.814087   freeze begin, value - 110.34504288461123
10/19/2023, 09:48:03.107708   freeze finish - f 4, value - 110.34504288461123
10/19/2023, 09:48:05.920206   freeze begin, value - 110.06932832112689
10/19/2023, 09:48:06.135696   freeze finish - f 3, value - 110.06932832112689
10/19/2023, 09:48:08.923941   freeze begin, value - 110.13713353641411
10/19/2023, 09:48:09.141246   freeze finish - f 3, value - 110.13713353641411
10/19/2023, 09:48:11.978886   freeze begin, value - 110.09950958152398
10/19/2023, 09:48:12.209890   freeze finish - f 3, value - 110.09950958152398
10/19/2023, 09:48:14.984205   freeze begin, value - 110.09879663836499
10/19/2023, 09:48:15.212086   freeze finish - f 3, value - 110.09879663836499
10/19/2023, 09:48:18.051024   freeze begin, value - 110.22092596193316
10/19/2023, 09:48:18.333257   freeze finish - f 4, value - 110.22092596193316
10/19/2023, 09:48:21.108355   freeze begin, value - 110.22088275325686
10/19/2023, 09:48:21.306201   freeze finish - f 3, value - 110.22088275325686
10/19/2023, 09:48:24.173828   freeze begin, value - 110.17962926955732
10/19/2023, 09:48:24.406816   freeze finish - f 3, value - 110.17962926955732
10/19/2023, 09:48:27.196620   freeze begin, value - 110.22144446604878
10/19/2023, 09:48:27.419970   freeze finish - f 3, value - 110.22144446604878
10/19/2023, 09:48:30.205504   freeze begin, value - 110.20938924536047
10/19/2023, 09:48:30.498089   freeze finish - f 4, value - 110.20938924536047
10/19/2023, 09:48:33.297894   freeze begin, value - 110.23615702032968
10/19/2023, 09:48:33.511220   freeze finish - f 3, value - 110.23615702032968
10/19/2023, 09:48:36.308077   freeze begin, value - 110.1379328969257
10/19/2023, 09:48:36.596409   freeze finish - f 4, value - 110.1379328969257
10/19/2023, 09:48:39.407403   freeze begin, value - 110.2055760796768
10/19/2023, 09:48:39.622834   freeze finish - f 3, value - 110.2055760796768
10/19/2023, 09:48:42.429339   freeze begin, value - 110.16801693780111
10/19/2023, 09:48:42.656152   freeze finish - f 3, value - 110.16801693780111
10/19/2023, 09:48:45.511419   freeze begin, value - 110.1673147968112
10/19/2023, 09:48:45.728191   freeze finish - f 3, value - 110.1673147968112
10/19/2023, 09:48:48.497873   freeze begin, value - 110.20964849741829
10/19/2023, 09:48:48.790661   freeze finish - f 4, value - 110.20964849741829
10/19/2023, 09:48:51.558630   freeze begin, value - 110.20960528874198
10/19/2023, 09:48:51.791302   freeze finish - f 3, value - 110.20960528874198
10/19/2023, 09:48:54.640703   freeze begin, value - 110.16838421154968
10/19/2023, 09:48:54.866608   freeze finish - f 3, value - 110.16838421154968
10/19/2023, 09:48:57.685723   freeze begin, value - 110.22097997277854
10/19/2023, 09:48:57.912044   freeze finish - f 3, value - 110.22097997277854
10/19/2023, 09:49:00.765781   freeze begin, value - 110.20932443234601
10/19/2023, 09:49:00.959493   freeze finish - f 3, value - 110.20932443234601
10/19/2023, 09:49:03.738932   freeze begin, value - 110.23622183334413
10/19/2023, 09:49:04.039849   freeze finish - f 4, value - 110.23622183334413
10/19/2023, 09:49:06.799314   freeze begin, value - 110.08957158597447
10/19/2023, 09:49:07.020625   freeze finish - f 3, value - 110.08957158597447
10/19/2023, 09:49:09.864358   freeze begin, value - 110.15727958174001
10/19/2023, 09:49:10.087068   freeze finish - f 3, value - 110.15727958174001
10/19/2023, 09:49:12.888898   freeze begin, value - 110.11965562684988
10/19/2023, 09:49:13.113644   freeze finish - f 3, value - 110.11965562684988
10/19/2023, 09:49:15.957143   freeze begin, value - 110.11920193574869
10/19/2023, 09:49:16.179159   freeze finish - f 3, value - 110.11920193574869
10/19/2023, 09:49:18.998153   freeze begin, value - 110.24142847883856
10/19/2023, 09:49:22.114087   freeze begin, value - 0
10/19/2023, 09:49:22.118849   black begin
10/19/2023, 09:49:22.750882   freeze finish - f 9, value - 0.0
10/19/2023, 09:49:22.751991   black finish - 9
10/19/2023, 09:49:25.074767   freeze begin, value - 110.20013178646272
10/19/2023, 09:49:25.287637   freeze finish - f 3, value - 110.20013178646272
10/19/2023, 09:49:28.071083   freeze begin, value - 110.24194698295418
10/19/2023, 09:49:28.372070   freeze finish - f 4, value - 110.24194698295418
10/19/2023, 09:49:31.168317   freeze begin, value - 110.23024823384536
10/19/2023, 09:49:31.385327   freeze finish - f 3, value - 110.23024823384536
10/19/2023, 09:49:34.174591   freeze begin, value - 110.25701600881457
10/19/2023, 09:49:34.398437   freeze finish - f 3, value - 110.25701600881457
10/19/2023, 09:49:37.259351   freeze begin, value - 110.15901873096118
10/19/2023, 09:49:37.479891   freeze finish - f 3, value - 110.15901873096118
10/19/2023, 09:49:40.261627   freeze begin, value - 110.22666191371228
10/19/2023, 09:49:40.480263   freeze finish - f 3, value - 110.22666191371228
10/19/2023, 09:49:43.292090   freeze begin, value - 110.18910277183659
10/19/2023, 09:49:43.507873   freeze finish - f 3, value - 110.18910277183659
10/19/2023, 09:49:46.354302   freeze begin, value - 110.18840063084667
10/19/2023, 09:49:46.615622   freeze finish - f 3, value - 110.18840063084667
10/19/2023, 09:49:49.390998   freeze begin, value - 110.23073433145376
10/19/2023, 09:49:49.684665   freeze finish - f 4, value - 110.23073433145376
10/19/2023, 09:49:52.488326   freeze begin, value - 110.23069112277746
10/19/2023, 09:49:52.700903   freeze finish - f 3, value - 110.23069112277746
10/19/2023, 09:49:55.467232   freeze begin, value - 110.18947004558515
10/19/2023, 09:49:55.748226   freeze finish - f 4, value - 110.18947004558515
10/19/2023, 09:49:58.528970   freeze begin, value - 110.24206580681401
10/19/2023, 09:49:58.827001   freeze finish - f 4, value - 110.24206580681401
10/19/2023, 09:50:01.616786   freeze begin, value - 110.23041026638148
10/19/2023, 09:50:01.837457   freeze finish - f 3, value - 110.23041026638148
10/19/2023, 09:50:04.614303   freeze begin, value - 110.2573076673796
10/19/2023, 09:50:04.898927   freeze finish - f 4, value - 110.2573076673796
10/19/2023, 09:50:07.678431   freeze begin, value - 110.02123706440253
10/19/2023, 09:50:07.905536   freeze finish - f 3, value - 110.02123706440253
10/19/2023, 09:50:10.734206   freeze begin, value - 110.08894506016809
10/19/2023, 09:50:10.960265   freeze finish - f 3, value - 110.08894506016809
10/19/2023, 09:50:13.732313   freeze begin, value - 110.05132110527794
10/19/2023, 09:50:14.032578   freeze finish - f 4, value - 110.05132110527794
10/19/2023, 09:50:16.816519   freeze begin, value - 110.05025169053945
10/19/2023, 09:50:17.010151   freeze finish - f 3, value - 110.05025169053945
10/19/2023, 09:50:19.875653   freeze begin, value - 110.17238101410763
10/19/2023, 09:50:20.093530   freeze finish - f 3, value - 110.17238101410763
10/19/2023, 09:50:22.886658   freeze begin, value - 110.17233780543133
10/19/2023, 09:50:23.084302   freeze finish - f 3, value - 110.17233780543133
10/19/2023, 09:50:25.944257   freeze begin, value - 110.1310843217318
10/19/2023, 09:50:26.177147   freeze finish - f 3, value - 110.1310843217318
10/19/2023, 09:50:28.982099   freeze begin, value - 110.17289951822326
10/19/2023, 09:50:29.198040   freeze finish - f 3, value - 110.17289951822326
10/19/2023, 09:50:32.039511   freeze begin, value - 110.16069306716788
10/19/2023, 09:50:32.258236   freeze finish - f 3, value - 110.16069306716788
10/19/2023, 09:50:35.128491   freeze begin, value - 110.18774169853306
10/19/2023, 09:50:35.349099   freeze finish - f 3, value - 110.18774169853306
10/19/2023, 09:50:38.113945   freeze begin, value - 110.08951757512908
10/19/2023, 09:50:38.400006   freeze finish - f 4, value - 110.08951757512908
10/19/2023, 09:50:41.181023   freeze begin, value - 110.15716075788018
10/19/2023, 09:50:41.411575   freeze finish - f 3, value - 110.15716075788018
10/19/2023, 09:50:44.224572   freeze begin, value - 110.11960161600449
10/19/2023, 09:50:44.447193   freeze finish - f 3, value - 110.11960161600449
10/19/2023, 09:50:47.248831   freeze begin, value - 110.11889947501459
10/19/2023, 09:50:47.468439   freeze finish - f 3, value - 110.11889947501459
10/19/2023, 09:50:50.305528   freeze begin, value - 110.16123317562166
10/19/2023, 09:50:50.523296   freeze finish - f 3, value - 110.16123317562166
10/19/2023, 09:50:53.335663   freeze begin, value - 110.16118996694536
10/19/2023, 09:50:53.554520   freeze finish - f 3, value - 110.16118996694536
10/19/2023, 09:50:56.388528   freeze begin, value - 110.11996888975307
10/19/2023, 09:50:56.615238   freeze finish - f 3, value - 110.11996888975307
10/19/2023, 09:50:59.419057   freeze begin, value - 110.17256465098191
10/19/2023, 09:50:59.631272   freeze finish - f 3, value - 110.17256465098191
10/19/2023, 09:51:02.514315   freeze begin, value - 110.1609091105494
10/19/2023, 09:51:02.728561   freeze finish - f 3, value - 110.1609091105494
10/19/2023, 09:51:05.485490   freeze begin, value - 110.18780651154752
10/19/2023, 09:51:05.773614   freeze finish - f 4, value - 110.18780651154752
10/19/2023, 09:51:08.561390   freeze begin, value - 110.1232203426448
10/19/2023, 09:51:08.782109   freeze finish - f 3, value - 110.1232203426448
10/19/2023, 09:51:11.618671   freeze begin, value - 110.19092833841036
10/19/2023, 09:51:11.838206   freeze finish - f 3, value - 110.19092833841036
10/19/2023, 09:51:14.656784   freeze begin, value - 110.15330438352021
10/19/2023, 09:51:14.870569   freeze finish - f 3, value - 110.15330438352021
10/19/2023, 09:51:17.711218   freeze begin, value - 110.15259144036122
10/19/2023, 09:51:17.926082   freeze finish - f 3, value - 110.15259144036122
10/19/2023, 09:51:20.706871   freeze begin, value - 110.2747207639294
10/19/2023, 09:51:20.921007   freeze finish - f 3, value - 110.2747207639294
10/19/2023, 09:51:23.786365   freeze begin, value - 110.27467755525309
10/19/2023, 09:51:24.009193   freeze finish - f 3, value - 110.27467755525309
10/19/2023, 09:51:26.768526   freeze begin, value - 110.23342407155357
10/19/2023, 09:51:26.992617   freeze finish - f 3, value - 110.23342407155357
10/19/2023, 09:51:29.824744   freeze begin, value - 110.27523926804503
10/19/2023, 09:51:30.111459   freeze finish - f 4, value - 110.27523926804503
10/19/2023, 09:51:32.878427   freeze begin, value - 110.2635405189362
10/19/2023, 09:51:33.096417   freeze finish - f 3, value - 110.2635405189362
10/19/2023, 09:51:35.969494   freeze begin, value - 110.29030829390541
10/19/2023, 09:51:36.168255   freeze finish - f 3, value - 110.29030829390541
10/19/2023, 09:51:38.987428   freeze begin, value - 110.19208417050143
10/19/2023, 09:51:39.213408   freeze finish - f 3, value - 110.19208417050143
10/19/2023, 09:51:42.014560   freeze begin, value - 110.25972735325253
10/19/2023, 09:51:42.234120   freeze finish - f 3, value - 110.25972735325253
10/19/2023, 09:51:45.102447   freeze begin, value - 110.22216821137684
10/19/2023, 09:51:45.319995   freeze finish - f 3, value - 110.22216821137684
10/19/2023, 09:51:48.091414   freeze begin, value - 110.22146607038694
10/19/2023, 09:51:48.309356   freeze finish - f 3, value - 110.22146607038694
10/19/2023, 09:51:51.159347   freeze begin, value - 110.26379977099401
10/19/2023, 09:51:51.378125   freeze finish - f 3, value - 110.26379977099401
10/19/2023, 09:51:54.175544   freeze begin, value - 110.26375656231771
10/19/2023, 09:51:54.392080   freeze finish - f 3, value - 110.26375656231771
10/19/2023, 09:51:57.223231   freeze begin, value - 110.22253548512542
10/19/2023, 09:51:57.444717   freeze finish - f 3, value - 110.22253548512542
10/19/2023, 09:52:00.293806   freeze begin, value - 110.27513124635426
10/19/2023, 09:52:00.520016   freeze finish - f 3, value - 110.27513124635426
10/19/2023, 09:52:03.352478   freeze begin, value - 110.26347570592175
10/19/2023, 09:52:03.566204   freeze finish - f 3, value - 110.26347570592175
10/19/2023, 09:52:06.351351   freeze begin, value - 110.29037310691987
10/19/2023, 09:52:06.566631   freeze finish - f 3, value - 110.29037310691987
10/19/2023, 09:52:09.411023   freeze begin, value - 110.07218009376282
10/19/2023, 09:52:09.634478   freeze finish - f 3, value - 110.07218009376282
10/19/2023, 09:52:12.472046   freeze begin, value - 110.13988808952838
10/19/2023, 09:52:12.686942   freeze finish - f 3, value - 110.13988808952838
10/19/2023, 09:52:15.513383   freeze begin, value - 110.10226413463823
10/19/2023, 09:52:15.731232   freeze finish - f 3, value - 110.10226413463823
10/19/2023, 09:52:18.599218   freeze begin, value - 110.10155119147925
10/19/2023, 09:52:18.823464   freeze finish - f 3, value - 110.10155119147925
10/19/2023, 09:52:21.634868   freeze begin, value - 110.22368051504742
10/19/2023, 09:52:21.856331   freeze finish - f 3, value - 110.22368051504742
10/19/2023, 09:52:24.626379   freeze begin, value - 110.22363730637112
10/19/2023, 09:52:24.842329   freeze finish - f 3, value - 110.22363730637112
10/19/2023, 09:52:27.687033   freeze begin, value - 110.1823838226716
10/19/2023, 09:52:27.902956   freeze finish - f 3, value - 110.1823838226716
10/19/2023, 09:52:30.760576   freeze begin, value - 110.22445827122085
10/19/2023, 09:52:30.972848   freeze finish - f 3, value - 110.22445827122085
10/19/2023, 09:52:33.749016   freeze begin, value - 110.21285674163371
10/19/2023, 09:52:33.968266   freeze finish - f 3, value - 110.21285674163371
10/19/2023, 09:52:36.817060   freeze begin, value - 110.23962451660293
10/19/2023, 09:52:37.035305   freeze finish - f 3, value - 110.23962451660293
10/19/2023, 09:52:39.871907   freeze begin, value - 110.14140039319895
10/19/2023, 09:52:40.097457   freeze finish - f 3, value - 110.14140039319895
10/19/2023, 09:52:42.890821   freeze begin, value - 110.20904357595005
10/19/2023, 09:52:43.111568   freeze finish - f 3, value - 110.20904357595005
10/19/2023, 09:52:45.968314   freeze begin, value - 110.17148443407436
10/19/2023, 09:52:46.190561   freeze finish - f 3, value - 110.17148443407436
10/19/2023, 09:52:48.952941   freeze begin, value - 110.17042582150496
10/19/2023, 09:52:49.170242   freeze finish - f 3, value - 110.17042582150496
10/19/2023, 09:52:52.030236   freeze begin, value - 110.12284226672716
10/19/2023, 09:52:52.249049   freeze finish - f 3, value - 110.12284226672716
10/19/2023, 09:52:55.108292   freeze begin, value - 110.19052865815456
10/19/2023, 09:52:55.334734   freeze finish - f 3, value - 110.19052865815456
10/19/2023, 09:52:58.100563   freeze begin, value - 110.15292630760257
10/19/2023, 09:52:58.321271   freeze finish - f 3, value - 110.15292630760257
10/19/2023, 09:53:01.162575   freeze begin, value - 110.15249422083954
10/19/2023, 09:53:01.378224   freeze finish - f 3, value - 110.15249422083954
10/19/2023, 09:53:04.165194   freeze begin, value - 110.14013653941711
10/19/2023, 09:53:04.454542   freeze finish - f 4, value - 110.14013653941711
10/19/2023, 09:53:07.291587   freeze begin, value - 110.13994210037376
10/19/2023, 09:53:07.523238   freeze finish - f 3, value - 110.13994210037376
10/19/2023, 09:53:10.283173   freeze begin, value - 110.09874262751961
10/19/2023, 09:53:10.503736   freeze finish - f 3, value - 110.09874262751961
10/19/2023, 09:53:13.306785   freeze begin, value - 110.29197182794304
10/19/2023, 09:53:13.523371   freeze finish - f 3, value - 110.29197182794304
10/19/2023, 09:53:16.373076   freeze begin, value - 110.28025147449608
10/19/2023, 09:53:16.597497   freeze finish - f 3, value - 110.28025147449608
10/19/2023, 09:53:19.438792   freeze begin, value - 110.30670598656211
10/19/2023, 09:53:19.658561   freeze finish - f 3, value - 110.30670598656211
10/19/2023, 09:53:22.438348   freeze begin, value - 110.1399637047119
10/19/2023, 09:53:22.658055   freeze finish - f 3, value - 110.1399637047119
10/19/2023, 09:53:25.501367   freeze begin, value - 110.20772571132284
10/19/2023, 09:53:25.725690   freeze finish - f 3, value - 110.20772571132284
10/19/2023, 09:53:28.554585   freeze begin, value - 110.17008015209454
10/19/2023, 09:53:28.770008   freeze finish - f 3, value - 110.17008015209454
10/19/2023, 09:53:31.593586   freeze begin, value - 110.16943202195
10/19/2023, 09:53:31.808254   freeze finish - f 3, value - 110.16943202195
10/19/2023, 09:53:34.622122   freeze begin, value - 110.20851426966534
10/19/2023, 09:53:34.837939   freeze finish - f 3, value - 110.20851426966534
10/19/2023, 09:53:37.597991   freeze begin, value - 110.20846025881997
10/19/2023, 09:53:37.812140   freeze finish - f 3, value - 110.20846025881997
10/19/2023, 09:53:40.657909   freeze begin, value - 110.16724998379675
10/19/2023, 09:53:40.943577   freeze finish - f 4, value - 110.16724998379675
10/19/2023, 09:53:43.723236   freeze begin, value - 110.28062955041372
10/19/2023, 09:53:43.941601   freeze finish - f 3, value - 110.28062955041372
10/19/2023, 09:53:46.739425   freeze begin, value - 110.26900641648844
10/19/2023, 09:53:47.020714   freeze finish - f 4, value - 110.26900641648844
10/19/2023, 09:53:49.857888   freeze begin, value - 110.29613066303713
10/19/2023, 09:53:50.077839   freeze finish - f 3, value - 110.29613066303713
10/19/2023, 09:53:52.845137   freeze begin, value - 110.1402769676151
10/19/2023, 09:53:53.061800   freeze finish - f 3, value - 110.1402769676151
10/19/2023, 09:53:55.913603   freeze begin, value - 110.2079633590425
10/19/2023, 09:53:56.136286   freeze finish - f 3, value - 110.2079633590425
10/19/2023, 09:53:58.913701   freeze begin, value - 110.1703610084905
10/19/2023, 09:53:59.203028   freeze finish - f 4, value - 110.1703610084905
10/19/2023, 09:54:01.976367   freeze begin, value - 110.16966966966967
10/19/2023, 09:54:02.196611   freeze finish - f 3, value - 110.16966966966967
10/19/2023, 09:54:05.046603   freeze begin, value - 110.16175167973729
10/19/2023, 09:54:05.263350   freeze finish - f 3, value - 110.16175167973729
10/19/2023, 09:54:08.042493   freeze begin, value - 110.16155724069394
10/19/2023, 09:54:08.261669   freeze finish - f 3, value - 110.16155724069394
10/19/2023, 09:54:11.115133   freeze begin, value - 110.12035776783978
10/19/2023, 09:54:11.338901   freeze finish - f 3, value - 110.12035776783978
10/19/2023, 09:54:14.122568   freeze begin, value - 110.31358696826322
10/19/2023, 09:54:14.357507   freeze finish - f 3, value - 110.31358696826322
10/19/2023, 09:54:17.191378   freeze begin, value - 110.30186661481625
10/19/2023, 09:54:17.412751   freeze finish - f 3, value - 110.30186661481625
10/19/2023, 09:54:20.264213   freeze begin, value - 110.32833192905136
10/19/2023, 09:54:20.484458   freeze finish - f 3, value - 110.32833192905136
10/19/2023, 09:54:23.250688   freeze begin, value - 110.16158964720115
10/19/2023, 09:54:23.535672   freeze finish - f 4, value - 110.16158964720115
10/19/2023, 09:54:26.299078   freeze begin, value - 110.22935165381209
10/19/2023, 09:54:26.526676   freeze finish - f 3, value - 110.22935165381209
10/19/2023, 09:54:29.354393   freeze begin, value - 110.1917060945838
10/19/2023, 09:54:29.587279   freeze finish - f 3, value - 110.1917060945838
10/19/2023, 09:54:32.360794   freeze begin, value - 110.19105796443925
10/19/2023, 09:54:32.645525   freeze finish - f 4, value - 110.19105796443925
10/19/2023, 09:54:35.483658   freeze begin, value - 110.2301402121546
10/19/2023, 09:54:35.714765   freeze finish - f 3, value - 110.2301402121546
10/19/2023, 09:54:38.464045   freeze begin, value - 110.23008620130922
10/19/2023, 09:54:38.699476   freeze finish - f 3, value - 110.23008620130922
10/19/2023, 09:54:41.541191   freeze begin, value - 110.188875926286
10/19/2023, 09:54:41.761972   freeze finish - f 3, value - 110.188875926286
10/19/2023, 09:54:44.598119   freeze begin, value - 110.30225549290297
10/19/2023, 09:54:44.823894   freeze finish - f 3, value - 110.30225549290297
10/19/2023, 09:54:47.658462   freeze begin, value - 110.29063235897769
10/19/2023, 09:54:47.883231   freeze finish - f 3, value - 110.29063235897769
10/19/2023, 09:54:50.659984   freeze begin, value - 110.31749735346858
10/19/2023, 09:54:50.875054   freeze finish - f 3, value - 110.31749735346858
10/19/2023, 09:54:53.716657   freeze begin, value - 110.16154643852485
10/19/2023, 09:54:53.942211   freeze finish - f 3, value - 110.16154643852485
10/19/2023, 09:54:56.732823   freeze begin, value - 110.22923282995225
10/19/2023, 09:54:57.032227   freeze finish - f 4, value - 110.22923282995225
10/19/2023, 09:54:59.784209   freeze begin, value - 110.19163047940026
10/19/2023, 09:55:00.003692   freeze finish - f 3, value - 110.19163047940026
10/19/2023, 09:55:02.812477   freeze begin, value - 110.19093914057943
10/19/2023, 09:55:03.102857   freeze finish - f 4, value - 110.19093914057943
10/19/2023, 09:55:05.896466   freeze begin, value - 110.12246419080951
10/19/2023, 09:55:06.116792   freeze finish - f 3, value - 110.12246419080951
10/19/2023, 09:55:08.932298   freeze begin, value - 110.12226975176615
10/19/2023, 09:55:09.166392   freeze finish - f 3, value - 110.12226975176615
10/19/2023, 09:55:11.948920   freeze begin, value - 110.08107027891201
10/19/2023, 09:55:12.244967   freeze finish - f 4, value - 110.08107027891201
10/19/2023, 09:55:15.040531   freeze begin, value - 110.27429947933545
10/19/2023, 09:55:15.264100   freeze finish - f 3, value - 110.27429947933545
10/19/2023, 09:55:18.092803   freeze begin, value - 110.26257912588848
10/19/2023, 09:55:18.317602   freeze finish - f 3, value - 110.26257912588848
10/19/2023, 09:55:21.064614   freeze begin, value - 110.289390109534
10/19/2023, 09:55:21.369552   freeze finish - f 4, value - 110.289390109534
10/19/2023, 09:55:24.173036   freeze begin, value - 110.12264782768379
10/19/2023, 09:55:24.395000   freeze finish - f 3, value - 110.12264782768379
10/19/2023, 09:55:27.203851   freeze begin, value - 110.19040983429473
10/19/2023, 09:55:27.499093   freeze finish - f 4, value - 110.19040983429473
10/19/2023, 09:55:30.302519   freeze begin, value - 110.15276427506643
10/19/2023, 09:55:30.534419   freeze finish - f 3, value - 110.15276427506643
10/19/2023, 09:55:33.298392   freeze begin, value - 110.1521161449219
10/19/2023, 09:55:33.515987   freeze finish - f 3, value - 110.1521161449219
10/19/2023, 09:55:36.311841   freeze begin, value - 110.19119839263725
10/19/2023, 09:55:36.606980   freeze finish - f 4, value - 110.19119839263725
10/19/2023, 09:55:39.425344   freeze begin, value - 110.19114438179186
10/19/2023, 09:55:39.635847   freeze finish - f 3, value - 110.19114438179186
10/19/2023, 09:55:42.444415   freeze begin, value - 110.14993410676864
10/19/2023, 09:55:42.663287   freeze finish - f 3, value - 110.14993410676864
10/19/2023, 09:55:45.444435   freeze begin, value - 110.26330287121654
10/19/2023, 09:55:45.673605   freeze finish - f 3, value - 110.26330287121654
10/19/2023, 09:55:48.460325   freeze begin, value - 110.25167973729125
10/19/2023, 09:55:48.677838   freeze finish - f 3, value - 110.25167973729125
10/19/2023, 09:55:51.561718   freeze begin, value - 110.27854473178215
10/19/2023, 09:55:51.799030   freeze finish - f 3, value - 110.27854473178215
10/19/2023, 09:55:54.627360   freeze begin, value - 110.12300429926329
10/19/2023, 09:55:54.840201   freeze finish - f 3, value - 110.12300429926329
10/19/2023, 09:55:57.647160   freeze begin, value - 110.19113357962279
10/19/2023, 09:55:57.853827   freeze finish - f 3, value - 110.19113357962279
10/19/2023, 09:56:00.697166   freeze begin, value - 110.1531747574913
10/19/2023, 09:56:00.919350   freeze finish - f 3, value - 110.1531747574913
10/19/2023, 09:56:03.733290   freeze begin, value - 110.15248341867047
10/19/2023, 09:56:03.954374   freeze finish - f 3, value - 110.15248341867047
10/19/2023, 09:56:06.730921   freeze begin, value - 110.10266381489403
10/19/2023, 09:56:06.949538   freeze finish - f 3, value - 110.10266381489403
10/19/2023, 09:56:09.808361   freeze begin, value - 110.10256659537235
10/19/2023, 09:56:10.030833   freeze finish - f 3, value - 110.10256659537235
10/19/2023, 09:56:12.854886   freeze begin, value - 110.0613671225182
10/19/2023, 09:56:13.069489   freeze finish - f 3, value - 110.0613671225182
10/19/2023, 09:56:15.874027   freeze begin, value - 110.25459632294165
10/19/2023, 09:56:16.088857   freeze finish - f 3, value - 110.25459632294165
10/19/2023, 09:56:18.955136   freeze begin, value - 110.24287596949468
10/19/2023, 09:56:19.174816   freeze finish - f 3, value - 110.24287596949468
10/19/2023, 09:56:21.994902   freeze begin, value - 110.2696869531402
10/19/2023, 09:56:22.227876   freeze finish - f 3, value - 110.2696869531402
10/19/2023, 09:56:25.013263   freeze begin, value - 110.10294467128999
10/19/2023, 09:56:25.237589   freeze finish - f 3, value - 110.10294467128999
10/19/2023, 09:56:28.084866   freeze begin, value - 110.17070667790092
10/19/2023, 09:56:28.309122   freeze finish - f 3, value - 110.17070667790092
10/19/2023, 09:56:31.110373   freeze begin, value - 110.13306111867263
10/19/2023, 09:56:31.339430   freeze finish - f 3, value - 110.13306111867263
10/19/2023, 09:56:34.110475   freeze begin, value - 110.1324129885281
10/19/2023, 09:56:34.334646   freeze finish - f 3, value - 110.1324129885281
10/19/2023, 09:56:37.185727   freeze begin, value - 110.17149523624344
10/19/2023, 09:56:37.414761   freeze finish - f 3, value - 110.17149523624344
10/19/2023, 09:56:40.220153   freeze begin, value - 110.17144122539806
10/19/2023, 09:56:40.438895   freeze finish - f 3, value - 110.17144122539806
10/19/2023, 09:56:43.265679   freeze begin, value - 110.13023095037484
10/19/2023, 09:56:43.490826   freeze finish - f 3, value - 110.13023095037484
10/19/2023, 09:56:46.319828   freeze begin, value - 110.24361051699181
10/19/2023, 09:56:46.538313   freeze finish - f 3, value - 110.24361051699181
10/19/2023, 09:56:49.384616   freeze begin, value - 110.23198738306652
10/19/2023, 09:56:49.599914   freeze finish - f 3, value - 110.23198738306652
10/19/2023, 09:56:52.393958   freeze begin, value - 110.25885237755742
10/19/2023, 09:56:52.618106   freeze finish - f 3, value - 110.25885237755742
10/19/2023, 09:56:55.453485   freeze begin, value - 110.10290146261369
10/19/2023, 09:56:55.668995   freeze finish - f 3, value - 110.10290146261369
10/19/2023, 09:57:01.549751   freeze begin, value - 110.1329855034891
10/19/2023, 09:57:01.791920   freeze finish - f 3, value - 110.1329855034891
10/19/2023, 09:57:04.572023   freeze begin, value - 110.13229416466827
10/19/2023, 09:57:04.794605   freeze finish - f 3, value - 110.13229416466827
10/19/2023, 09:57:07.655152   freeze begin, value - 110.19024780175859
10/19/2023, 09:57:07.880873   freeze finish - f 3, value - 110.19024780175859
10/19/2023, 09:57:10.687230   freeze begin, value - 110.19005336271523
10/19/2023, 09:57:10.896811   freeze finish - f 3, value - 110.19005336271523
10/19/2023, 09:57:13.695768   freeze begin, value - 110.14885388986109
10/19/2023, 09:57:13.996641   freeze finish - f 4, value - 110.14885388986109
10/19/2023, 09:57:16.815822   freeze begin, value - 110.34208309028453
10/19/2023, 09:57:17.023946   freeze finish - f 3, value - 110.34208309028453
10/19/2023, 09:57:19.783898   freeze begin, value - 110.33036273683756
10/19/2023, 09:57:20.083361   freeze finish - f 4, value - 110.33036273683756
10/19/2023, 09:57:22.887201   freeze begin, value - 110.35717372048308
10/19/2023, 09:57:23.124328   freeze finish - f 3, value - 110.35717372048308
10/19/2023, 09:57:25.917147   freeze begin, value - 110.19007496705339
10/19/2023, 09:57:26.132294   freeze finish - f 3, value - 110.19007496705339
10/19/2023, 09:57:28.895246   freeze begin, value - 110.25783697366431
10/19/2023, 09:57:29.193939   freeze finish - f 4, value - 110.25783697366431
10/19/2023, 09:57:31.984669   freeze begin, value - 110.22019141443602
10/19/2023, 09:57:32.214283   freeze finish - f 3, value - 110.22019141443602
10/19/2023, 09:57:35.016975   freeze begin, value - 110.21954328429149
10/19/2023, 09:57:35.257735   freeze finish - f 3, value - 110.21954328429149
10/19/2023, 09:57:38.085370   freeze begin, value - 110.25862553200683
10/19/2023, 09:57:38.305688   freeze finish - f 3, value - 110.25862553200683
10/19/2023, 09:57:41.073806   freeze begin, value - 110.25879836671204
10/19/2023, 09:57:41.306667   freeze finish - f 3, value - 110.25879836671204
10/19/2023, 09:57:44.120368   freeze begin, value - 110.21758809168881
10/19/2023, 09:57:44.338251   freeze finish - f 3, value - 110.21758809168881
10/19/2023, 09:57:47.195802   freeze begin, value - 110.33096765830578
10/19/2023, 09:57:47.430996   freeze finish - f 3, value - 110.33096765830578
10/19/2023, 09:57:50.284913   freeze begin, value - 110.3193445243805
10/19/2023, 09:57:50.428065   freeze finish - f 2, value - 110.3193445243805
10/19/2023, 09:57:53.232627   freeze begin, value - 110.34620951887139
10/19/2023, 09:57:53.529219   freeze finish - f 4, value - 110.34620951887139
10/19/2023, 09:57:56.334959   freeze begin, value - 110.19025860392767
10/19/2023, 09:57:56.556468   freeze finish - f 3, value - 110.19025860392767
10/19/2023, 09:57:59.372521   freeze begin, value - 110.25794499535506
10/19/2023, 09:58:04.106509   black begin
10/19/2023, 09:58:04.106509   freeze begin, value - 0
10/19/2023, 09:58:04.639046   freeze finish - f 7, value - 0.0
10/19/2023, 09:58:04.639046   black finish - 7
10/19/2023, 09:58:05.484233   freeze begin, value - 110.21965130598224
10/19/2023, 09:58:05.634360   freeze finish - f 2, value - 110.21965130598224
10/19/2023, 09:58:08.486885   freeze begin, value - 110.08112428975738
10/19/2023, 09:58:08.705034   freeze finish - f 3, value - 110.08112428975738
10/19/2023, 09:58:14.985832   freeze begin, value - 0
10/19/2023, 09:58:14.985832   black begin
10/19/2023, 09:58:16.431209   freeze finish - f 20, value - 0.0
10/19/2023, 09:58:16.431728   black finish - 20
10/19/2023, 09:58:17.598472   freeze begin, value - 110.23295957828331
10/19/2023, 09:58:17.827671   freeze finish - f 3, value - 110.23295957828331
10/19/2023, 09:58:20.657067   freeze begin, value - 110.22149847689415
10/19/2023, 09:58:20.870464   freeze finish - f 3, value - 110.22149847689415
10/19/2023, 09:58:23.728225   freeze begin, value - 110.24840668006135
10/19/2023, 09:58:23.932551   freeze finish - f 3, value - 110.24840668006135
10/19/2023, 09:58:26.733668   freeze begin, value - 110.08166439821116
10/19/2023, 09:58:26.952661   freeze finish - f 3, value - 110.08166439821116
10/19/2023, 09:58:29.735640   freeze begin, value - 110.1494264048221
10/19/2023, 09:58:30.022571   freeze finish - f 4, value - 110.1494264048221
10/19/2023, 09:58:32.831297   freeze begin, value - 110.1117808455938
10/19/2023, 09:58:33.044921   freeze finish - f 3, value - 110.1117808455938
10/19/2023, 09:58:35.839669   freeze begin, value - 110.11062501350271
10/19/2023, 09:58:36.131930   freeze finish - f 4, value - 110.11062501350271
10/19/2023, 09:58:38.939379   freeze begin, value - 110.14963164603452
10/19/2023, 09:58:39.147575   freeze finish - f 3, value - 110.14963164603452
10/19/2023, 09:58:44.149031   freeze begin, value - 0
10/19/2023, 09:58:44.150598   black begin
10/19/2023, 09:58:45.858750   freeze finish - f 24, value - 0.0
10/19/2023, 09:58:45.859773   black finish - 24
10/19/2023, 09:58:48.045346   freeze begin, value - 110.2217469267829
10/19/2023, 09:58:48.268807   freeze finish - f 3, value - 110.2217469267829
10/19/2023, 09:58:51.040177   freeze begin, value - 110.2101237928576
10/19/2023, 09:58:51.342767   freeze finish - f 4, value - 110.2101237928576
10/19/2023, 09:58:54.125329   freeze begin, value - 110.2369887873485
10/19/2023, 09:58:54.358921   freeze finish - f 3, value - 110.2369887873485
10/19/2023, 09:58:57.208481   freeze begin, value - 110.0805409726273
10/19/2023, 09:58:57.355530   freeze finish - f 2, value - 110.0805409726273
10/19/2023, 09:59:00.206519   freeze begin, value - 110.1482273640547
10/19/2023, 09:59:00.423283   freeze finish - f 3, value - 110.1482273640547
10/19/2023, 09:59:03.206348   freeze begin, value - 110.11062501350271
10/19/2023, 09:59:03.427862   freeze finish - f 3, value - 110.11062501350271
10/19/2023, 09:59:06.282264   freeze begin, value - 110.10993367468187
10/19/2023, 09:59:06.494501   freeze finish - f 3, value - 110.10993367468187
10/19/2023, 09:59:09.326256   freeze begin, value - 110.10094627001102
10/19/2023, 09:59:09.548628   freeze finish - f 3, value - 110.10094627001102
10/19/2023, 09:59:12.387616   freeze begin, value - 110.10075183096765
10/19/2023, 09:59:12.605007   freeze finish - f 3, value - 110.10075183096765
10/19/2023, 09:59:15.378899   freeze begin, value - 110.0595523581135
10/19/2023, 09:59:15.593816   freeze finish - f 3, value - 110.0595523581135
10/19/2023, 09:59:18.444560   freeze begin, value - 110.25304081059477
10/19/2023, 09:59:18.664720   freeze finish - f 3, value - 110.25304081059477
10/19/2023, 09:59:21.436985   freeze begin, value - 110.24141767666947
10/19/2023, 09:59:21.732275   freeze finish - f 4, value - 110.24141767666947
10/19/2023, 09:59:24.513840   freeze begin, value - 110.26822866031499
10/19/2023, 09:59:24.797729   freeze finish - f 4, value - 110.26822866031499
10/19/2023, 09:59:27.604747   freeze begin, value - 110.1014863784648
10/19/2023, 09:59:27.750135   freeze finish - f 2, value - 110.1014863784648
10/19/2023, 09:59:30.615478   freeze begin, value - 110.16924838507572
10/19/2023, 09:59:30.830838   freeze finish - f 3, value - 110.16924838507572
10/19/2023, 09:59:33.669194   freeze begin, value - 110.13160282584742
10/19/2023, 09:59:33.886944   freeze finish - f 3, value - 110.13160282584742
10/19/2023, 09:59:36.723320   freeze begin, value - 110.1309546957029
10/19/2023, 09:59:36.946615   freeze finish - f 3, value - 110.1309546957029
10/19/2023, 09:59:39.783223   freeze begin, value - 110.17003694341824
10/19/2023, 09:59:40.007223   freeze finish - f 3, value - 110.17003694341824
10/19/2023, 09:59:42.784059   freeze begin, value - 110.16998293257286
10/19/2023, 09:59:43.001153   freeze finish - f 3, value - 110.16998293257286
10/19/2023, 09:59:45.852552   freeze begin, value - 110.12877265754963
10/19/2023, 09:59:46.066325   freeze finish - f 3, value - 110.12877265754963
10/19/2023, 09:59:48.880711   freeze begin, value - 110.24215222416662
10/19/2023, 09:59:49.095961   freeze finish - f 3, value - 110.24215222416662
10/19/2023, 09:59:51.927028   freeze begin, value - 110.23052909024132
10/19/2023, 09:59:52.152242   freeze finish - f 3, value - 110.23052909024132
10/19/2023, 09:59:54.989187   freeze begin, value - 110.25739408473221
10/19/2023, 09:59:55.205869   freeze finish - f 3, value - 110.25739408473221
10/19/2023, 09:59:57.991623   freeze begin, value - 110.1014431697885
10/19/2023, 09:59:58.208495   freeze finish - f 3, value - 110.1014431697885
10/19/2023, 10:00:05.134871   freeze begin, value - 0
10/19/2023, 10:00:05.137919   black begin
10/19/2023, 10:00:06.075431   freeze finish - f 13, value - 0.0
10/19/2023, 10:00:06.075943   black finish - 13
10/19/2023, 10:00:07.160391   freeze begin, value - 110.13083587184306
10/19/2023, 10:00:07.377800   freeze finish - f 3, value - 110.13083587184306
10/19/2023, 10:00:10.204561   freeze begin, value - 110.09261779765377
10/19/2023, 10:00:10.430934   freeze finish - f 3, value - 110.09261779765377
10/19/2023, 10:00:13.266767   freeze begin, value - 110.09243416077949
10/19/2023, 10:00:13.485953   freeze finish - f 3, value - 110.09243416077949
10/19/2023, 10:00:16.337934   freeze begin, value - 110.05123468792533
10/19/2023, 10:00:16.561257   freeze finish - f 3, value - 110.05123468792533
10/19/2023, 10:00:19.332643   freeze begin, value - 110.24446388834878
10/19/2023, 10:00:19.620272   freeze finish - f 4, value - 110.24446388834878
10/19/2023, 10:00:22.415175   freeze begin, value - 110.23274353490181
10/19/2023, 10:00:22.646507   freeze finish - f 3, value - 110.23274353490181
10/19/2023, 10:00:25.424840   freeze begin, value - 110.25919804696782
10/19/2023, 10:00:25.720122   freeze finish - f 4, value - 110.25919804696782
10/19/2023, 10:00:28.501620   freeze begin, value - 110.09245576511763
10/19/2023, 10:00:28.721685   freeze finish - f 3, value - 110.09245576511763
10/19/2023, 10:00:31.522528   freeze begin, value - 110.16021777172857
10/19/2023, 10:00:31.798479   freeze finish - f 4, value - 110.16021777172857
10/19/2023, 10:00:34.517627   freeze begin, value - 110.12257221250027
10/19/2023, 10:00:34.809373   freeze finish - f 4, value - 110.12257221250027
10/19/2023, 10:00:37.581020   freeze begin, value - 110.12192408235573
10/19/2023, 10:00:37.872366   freeze finish - f 4, value - 110.12192408235573
10/19/2023, 10:00:40.638014   freeze begin, value - 110.16100633007107
10/19/2023, 10:00:40.878842   freeze finish - f 3, value - 110.16100633007107
10/19/2023, 10:00:43.657358   freeze begin, value - 110.1609523192257
10/19/2023, 10:00:43.948861   freeze finish - f 4, value - 110.1609523192257
10/19/2023, 10:00:46.722321   freeze begin, value - 110.11974204420248
10/19/2023, 10:00:46.937475   freeze finish - f 3, value - 110.11974204420248
10/19/2023, 10:00:49.768344   freeze begin, value - 110.23312161081945
10/19/2023, 10:00:50.048719   freeze finish - f 4, value - 110.23312161081945
10/19/2023, 10:00:52.846082   freeze begin, value - 110.22149847689415
10/19/2023, 10:00:53.063242   freeze finish - f 3, value - 110.22149847689415
10/19/2023, 10:00:55.902517   freeze begin, value - 110.24836347138505
10/19/2023, 10:00:56.119530   freeze finish - f 3, value - 110.24836347138505
10/19/2023, 10:00:58.892751   freeze begin, value - 110.09241255644133
10/19/2023, 10:00:59.111361   freeze finish - f 3, value - 110.09241255644133
10/19/2023, 10:01:01.931071   freeze begin, value - 110.16009894786873
10/19/2023, 10:01:02.149651   freeze finish - f 3, value - 110.16009894786873
10/19/2023, 10:01:04.983486   freeze begin, value - 110.12249659731674
10/19/2023, 10:01:05.200528   freeze finish - f 3, value - 110.12249659731674
10/19/2023, 10:01:08.022745   freeze begin, value - 110.12180525849591
10/19/2023, 10:01:08.248259   freeze finish - f 3, value - 110.12180525849591
10/19/2023, 10:01:11.033986   freeze begin, value - 110.19473070192495
10/19/2023, 10:01:11.252158   freeze finish - f 3, value - 110.19473070192495
10/19/2023, 10:01:14.086699   freeze begin, value - 110.19453626288158
10/19/2023, 10:01:14.300259   freeze finish - f 3, value - 110.19453626288158
10/19/2023, 10:01:17.126024   freeze begin, value - 110.15333679002744
10/19/2023, 10:01:17.337506   freeze finish - f 3, value - 110.15333679002744
10/19/2023, 10:01:20.178080   freeze begin, value - 110.34656599045088
10/19/2023, 10:01:20.425075   freeze finish - f 3, value - 110.34656599045088
10/19/2023, 10:01:23.166126   freeze begin, value - 110.33484563700391
10/19/2023, 10:01:23.492977   freeze finish - f 4, value - 110.33484563700391
10/19/2023, 10:01:26.248622   freeze begin, value - 110.36165662064943
10/19/2023, 10:01:26.467361   freeze finish - f 3, value - 110.36165662064943
10/19/2023, 10:01:29.293951   freeze begin, value - 110.19517359085704
10/19/2023, 10:01:29.507925   freeze finish - f 3, value - 110.19517359085704
10/19/2023, 10:01:32.266974   freeze begin, value - 110.26303281698965
10/19/2023, 10:01:32.557870   freeze finish - f 4, value - 110.26303281698965
10/19/2023, 10:01:35.349886   freeze begin, value - 110.22538725776135
10/19/2023, 10:01:35.639892   freeze finish - f 4, value - 110.22538725776135
10/19/2023, 10:01:38.396367   freeze begin, value - 110.22473912761683
10/19/2023, 10:01:38.607270   freeze finish - f 3, value - 110.22473912761683
10/19/2023, 10:01:41.451040   freeze begin, value - 110.26382137533217
10/19/2023, 10:01:41.670766   freeze finish - f 3, value - 110.26382137533217
10/19/2023, 10:01:44.504366   freeze begin, value - 110.2637673644868
10/19/2023, 10:01:44.724579   freeze finish - f 3, value - 110.2637673644868
10/19/2023, 10:01:47.586120   freeze begin, value - 110.22220061788407
10/19/2023, 10:01:47.790579   freeze finish - f 3, value - 110.22220061788407
10/19/2023, 10:01:50.623072   freeze begin, value - 110.33558018450105
10/19/2023, 10:01:50.850616   freeze finish - f 3, value - 110.33558018450105
10/19/2023, 10:01:53.618382   freeze begin, value - 110.32395705057576
10/19/2023, 10:01:53.910425   freeze finish - f 4, value - 110.32395705057576
10/19/2023, 10:01:56.677471   freeze begin, value - 110.35082204506665
10/19/2023, 10:01:56.895823   freeze finish - f 3, value - 110.35082204506665
10/19/2023, 10:01:59.730632   freeze begin, value - 110.19487113012293
10/19/2023, 10:01:59.949368   freeze finish - f 3, value - 110.19487113012293
10/19/2023, 10:02:02.809615   freeze begin, value - 110.26255752155032
10/19/2023, 10:02:03.027601   freeze finish - f 3, value - 110.26255752155032
10/19/2023, 10:02:05.782341   freeze begin, value - 110.22495517099834
10/19/2023, 10:02:06.065653   freeze finish - f 4, value - 110.22495517099834
10/19/2023, 10:02:08.826038   freeze begin, value - 110.2242638321775
10/19/2023, 10:02:09.043565   freeze finish - f 3, value - 110.2242638321775
10/19/2023, 10:02:11.903281   freeze begin, value - 110.1437228595502
10/19/2023, 10:02:12.121048   freeze finish - f 3, value - 110.1437228595502
10/19/2023, 10:02:14.947556   freeze begin, value - 110.14352842050684
10/19/2023, 10:02:15.164505   freeze finish - f 3, value - 110.14352842050684
10/19/2023, 10:02:20.132993   freeze begin, value - 0
10/19/2023, 10:02:20.133499   black begin
10/19/2023, 10:02:20.912504   freeze finish - f 11, value - 0.0
10/19/2023, 10:02:20.912504   black finish - 11
10/19/2023, 10:02:20.978178   freeze begin, value - 110.29555814807614
10/19/2023, 10:02:21.200767   freeze finish - f 3, value - 110.29555814807614
10/19/2023, 10:02:24.048772   freeze begin, value - 110.28383779462916
10/19/2023, 10:02:24.266688   freeze finish - f 3, value - 110.28383779462916
10/19/2023, 10:02:27.053958   freeze begin, value - 110.31064877827468
10/19/2023, 10:02:27.272016   freeze finish - f 3, value - 110.31064877827468
10/19/2023, 10:02:30.119606   freeze begin, value - 110.14390649642448
10/19/2023, 10:02:30.334128   freeze finish - f 3, value - 110.14390649642448
10/19/2023, 10:02:33.180179   freeze begin, value - 110.21166850303541
10/19/2023, 10:02:33.397271   freeze finish - f 3, value - 110.21166850303541
10/19/2023, 10:02:36.233586   freeze begin, value - 110.17402294380712
10/19/2023, 10:02:36.450743   freeze finish - f 3, value - 110.17402294380712
10/19/2023, 10:02:39.223582   freeze begin, value - 110.17337481366258
10/19/2023, 10:02:39.514546   freeze finish - f 4, value - 110.17337481366258
10/19/2023, 10:02:42.282775   freeze begin, value - 110.21245706137792
10/19/2023, 10:02:42.507888   freeze finish - f 3, value - 110.21245706137792
10/19/2023, 10:02:45.375967   freeze begin, value - 110.21240305053254
10/19/2023, 10:02:45.600379   freeze finish - f 3, value - 110.21240305053254
10/19/2023, 10:02:48.403743   freeze begin, value - 110.17119277550933
10/19/2023, 10:02:48.634145   freeze finish - f 3, value - 110.17119277550933
10/19/2023, 10:02:51.383343   freeze begin, value - 110.2845723421263
10/19/2023, 10:02:51.678315   freeze finish - f 4, value - 110.2845723421263
10/19/2023, 10:02:54.494893   freeze begin, value - 110.27294920820101
10/19/2023, 10:02:54.715175   freeze finish - f 3, value - 110.27294920820101
10/19/2023, 10:02:57.494920   freeze begin, value - 110.2998142026919
10/19/2023, 10:02:57.794909   freeze finish - f 4, value - 110.2998142026919
10/19/2023, 10:03:00.584126   freeze begin, value - 110.14386328774818
10/19/2023, 10:03:00.804140   freeze finish - f 3, value - 110.14386328774818
10/19/2023, 10:03:03.585187   freeze begin, value - 110.16076868235142
10/19/2023, 10:03:03.882190   freeze finish - f 4, value - 110.16076868235142
10/19/2023, 10:03:06.654447   freeze begin, value - 110.16057424330806
10/19/2023, 10:03:06.876758   freeze finish - f 3, value - 110.16057424330806
10/19/2023, 10:03:09.702910   freeze begin, value - 110.1193747704539
10/19/2023, 10:03:09.924666   freeze finish - f 3, value - 110.1193747704539
10/19/2023, 10:03:12.712088   freeze begin, value - 110.31260397087735
10/19/2023, 10:03:13.008683   freeze finish - f 4, value - 110.31260397087735
10/19/2023, 10:03:15.769569   freeze begin, value - 110.30088361743039
10/19/2023, 10:03:15.985231   freeze finish - f 3, value - 110.30088361743039
10/19/2023, 10:03:18.808916   freeze begin, value - 110.32769460107589
10/19/2023, 10:03:19.022855   freeze finish - f 3, value - 110.32769460107589
10/19/2023, 10:03:21.859460   freeze begin, value - 110.1609523192257
10/19/2023, 10:03:22.075338   freeze finish - f 3, value - 110.1609523192257
10/19/2023, 10:03:24.896598   freeze begin, value - 110.22871432583663
10/19/2023, 10:03:25.125841   freeze finish - f 3, value - 110.22871432583663
10/19/2023, 10:03:27.956469   freeze begin, value - 110.19132801866616
10/19/2023, 10:03:28.187589   freeze finish - f 3, value - 110.19132801866616
10/19/2023, 10:03:31.014653   freeze begin, value - 110.19077710804329
10/19/2023, 10:03:31.245902   freeze finish - f 3, value - 110.19077710804329
10/19/2023, 10:03:34.000780   freeze begin, value - 110.22985935575863
10/19/2023, 10:03:34.290991   freeze finish - f 4, value - 110.22985935575863
10/19/2023, 10:03:37.061219   freeze begin, value - 110.22864951282217
10/19/2023, 10:03:37.305630   freeze finish - f 3, value - 110.22864951282217
10/19/2023, 10:03:40.129925   freeze begin, value - 110.18743923779896
10/19/2023, 10:03:40.350492   freeze finish - f 3, value - 110.18743923779896
10/19/2023, 10:03:43.202819   freeze begin, value - 110.30081880441593
10/19/2023, 10:03:43.418252   freeze finish - f 3, value - 110.30081880441593
10/19/2023, 10:03:46.194974   freeze begin, value - 110.28919567049063
10/19/2023, 10:03:46.431777   freeze finish - f 3, value - 110.28919567049063
10/19/2023, 10:03:52.193045   freeze begin, value - 0
10/19/2023, 10:03:52.194057   black begin
10/19/2023, 10:03:52.968686   freeze finish - f 11, value - 0.0
10/19/2023, 10:03:52.969195   black finish - 11
10/19/2023, 10:03:55.331413   freeze begin, value - 110.22778533929613
10/19/2023, 10:03:55.559697   freeze finish - f 3, value - 110.22778533929613
10/19/2023, 10:03:58.360310   freeze begin, value - 110.19018298874414
10/19/2023, 10:03:58.650015   freeze finish - f 4, value - 110.19018298874414
10/19/2023, 10:04:01.437614   freeze begin, value - 110.1894916499233
10/19/2023, 10:04:01.664720   freeze finish - f 3, value - 110.1894916499233
10/19/2023, 10:04:04.462152   freeze begin, value - 110.18174649469613
10/19/2023, 10:04:04.752028   freeze finish - f 4, value - 110.18174649469613
10/19/2023, 10:04:07.517311   freeze begin, value - 110.18155205565277
10/19/2023, 10:04:07.735000   freeze finish - f 3, value - 110.18155205565277
10/19/2023, 10:04:10.589309   freeze begin, value - 110.14035258279863
10/19/2023, 10:04:10.803399   freeze finish - f 3, value - 110.14035258279863
10/19/2023, 10:04:13.569648   freeze begin, value - 110.33358178322207
10/19/2023, 10:04:13.866539   freeze finish - f 4, value - 110.33358178322207
10/19/2023, 10:04:16.649665   freeze begin, value - 110.3218614297751
10/19/2023, 10:04:16.866362   freeze finish - f 3, value - 110.3218614297751
10/19/2023, 10:04:19.709276   freeze begin, value - 110.34867241342062
10/19/2023, 10:04:19.942493   freeze finish - f 3, value - 110.34867241342062
10/19/2023, 10:04:22.728840   freeze begin, value - 110.18193013157043
10/19/2023, 10:04:22.957186   freeze finish - f 3, value - 110.18193013157043
10/19/2023, 10:04:25.743699   freeze begin, value - 110.24969213818135
10/19/2023, 10:04:26.035771   freeze finish - f 4, value - 110.24969213818135
10/19/2023, 10:04:28.822171   freeze begin, value - 110.21204657895305
10/19/2023, 10:04:29.049508   freeze finish - f 3, value - 110.21204657895305
10/19/2023, 10:04:31.916270   freeze begin, value - 110.2114092509776
10/19/2023, 10:04:32.071018   freeze finish - f 2, value - 110.2114092509776
10/19/2023, 10:04:34.924535   freeze begin, value - 110.25049149869294
10/19/2023, 10:04:35.146910   freeze finish - f 3, value - 110.25049149869294
10/19/2023, 10:04:37.906125   freeze begin, value - 110.25043748784756
10/19/2023, 10:04:38.130042   freeze finish - f 3, value - 110.25043748784756
10/19/2023, 10:04:40.939437   freeze begin, value - 110.20922721282433
10/19/2023, 10:04:41.232716   freeze finish - f 4, value - 110.20922721282433
10/19/2023, 10:04:44.024968   freeze begin, value - 110.32260677944132
10/19/2023, 10:04:49.054826   freeze begin, value - 0
10/19/2023, 10:04:49.055339   black begin
10/19/2023, 10:04:49.546579   freeze finish - f 7, value - 0.0
10/19/2023, 10:04:49.546579   black finish - 7
10/19/2023, 10:04:50.132688   freeze begin, value - 110.33784864000691
10/19/2023, 10:04:50.353636   freeze finish - f 3, value - 110.33784864000691
10/19/2023, 10:04:53.146463   freeze begin, value - 110.1818977250632
10/19/2023, 10:04:53.361729   freeze finish - f 3, value - 110.1818977250632
10/19/2023, 10:04:56.215776   freeze begin, value - 110.2495841164906
10/19/2023, 10:04:56.430467   freeze finish - f 3, value - 110.2495841164906
10/19/2023, 10:04:59.243936   freeze begin, value - 110.2119817659386
10/19/2023, 10:04:59.548810   freeze finish - f 4, value - 110.2119817659386
10/19/2023, 10:05:02.300202   freeze begin, value - 110.21129042711776
10/19/2023, 10:05:02.535849   freeze finish - f 3, value - 110.21129042711776
10/19/2023, 10:05:05.345056   freeze begin, value - 110.14278307084062
10/19/2023, 10:05:05.563282   freeze finish - f 3, value - 110.14278307084062
10/19/2023, 10:05:08.410479   freeze begin, value - 110.14258863179727
10/19/2023, 10:05:08.641742   freeze finish - f 3, value - 110.14258863179727
10/19/2023, 10:05:11.396412   freeze begin, value - 110.10103268736363
10/19/2023, 10:05:11.617253   freeze finish - f 3, value - 110.10103268736363
10/19/2023, 10:05:14.471455   freeze begin, value - 110.29426188778707
10/19/2023, 10:05:14.695020   freeze finish - f 3, value - 110.29426188778707
10/19/2023, 10:05:17.554174   freeze begin, value - 110.2825415343401
10/19/2023, 10:05:17.771297   freeze finish - f 3, value - 110.2825415343401
10/19/2023, 10:05:20.571334   freeze begin, value - 110.30935251798562
10/19/2023, 10:05:20.790918   freeze finish - f 3, value - 110.30935251798562
10/19/2023, 10:05:23.632372   freeze begin, value - 110.14261023613541
10/19/2023, 10:05:23.859747   freeze finish - f 3, value - 110.14261023613541
10/19/2023, 10:05:26.635847   freeze begin, value - 110.21037224274635
10/19/2023, 10:05:26.853572   freeze finish - f 3, value - 110.21037224274635
10/19/2023, 10:05:29.697120   freeze begin, value - 110.17272668351805
10/19/2023, 10:05:29.919277   freeze finish - f 3, value - 110.17272668351805
10/19/2023, 10:05:32.781576   freeze begin, value - 110.17207855337352
10/19/2023, 10:05:32.907910   freeze finish - f 2, value - 110.17207855337352
10/19/2023, 10:05:35.783253   freeze begin, value - 110.21116080108885
10/19/2023, 10:05:35.991586   freeze finish - f 3, value - 110.21116080108885
10/19/2023, 10:05:38.852395   freeze begin, value - 110.21110679024348
10/19/2023, 10:05:39.070094   freeze finish - f 3, value - 110.21110679024348
10/19/2023, 10:05:41.824959   freeze begin, value - 110.16989651522026
10/19/2023, 10:05:42.115811   freeze finish - f 4, value - 110.16989651522026
10/19/2023, 10:05:44.918458   freeze begin, value - 110.28350292738781
10/19/2023, 10:05:45.134364   freeze finish - f 3, value - 110.28350292738781
10/19/2023, 10:05:47.910193   freeze begin, value - 110.27187979346253
10/19/2023, 10:05:48.128881   freeze finish - f 3, value - 110.27187979346253
10/19/2023, 10:05:50.969985   freeze begin, value - 110.29874478795342
10/19/2023, 10:05:51.188935   freeze finish - f 3, value - 110.29874478795342
10/19/2023, 10:05:54.003670   freeze begin, value - 110.1427938730097
10/19/2023, 10:05:54.281205   freeze finish - f 4, value - 110.1427938730097
10/19/2023, 10:05:57.056251   freeze begin, value - 110.2104802644371
10/19/2023, 10:05:57.274690   freeze finish - f 3, value - 110.2104802644371
10/19/2023, 10:06:00.123253   freeze begin, value - 110.1728779138851
10/19/2023, 10:06:00.338726   freeze finish - f 3, value - 110.1728779138851
10/19/2023, 10:06:03.138352   freeze begin, value - 110.17218657506427
10/19/2023, 10:06:03.354613   freeze finish - f 3, value - 110.17218657506427
10/19/2023, 10:06:06.192957   freeze begin, value - 110.12214012573725
10/19/2023, 10:06:06.407244   freeze finish - f 3, value - 110.12214012573725
10/19/2023, 10:06:09.275923   freeze begin, value - 110.12194568669389
10/19/2023, 10:06:09.487884   freeze finish - f 3, value - 110.12194568669389
10/19/2023, 10:06:12.270027   freeze begin, value - 110.08074621383975
10/19/2023, 10:06:12.486933   freeze finish - f 3, value - 110.08074621383975
10/19/2023, 10:06:15.326216   freeze begin, value - 110.27346771231663
10/19/2023, 10:06:15.540085   freeze finish - f 3, value - 110.27346771231663
10/19/2023, 10:06:18.402262   freeze begin, value - 110.26202821526563
10/19/2023, 10:06:18.607953   freeze finish - f 3, value - 110.26202821526563
10/19/2023, 10:06:21.438369   freeze begin, value - 110.28883919891115
10/19/2023, 10:06:21.657790   freeze finish - f 3, value - 110.28883919891115
10/19/2023, 10:06:27.156145   freeze begin, value - 0
10/19/2023, 10:06:27.156145   black begin
10/19/2023, 10:06:27.590574   freeze finish - f 6, value - 0.0
10/19/2023, 10:06:27.590574   black finish - 6
10/19/2023, 10:06:27.653031   freeze begin, value - 110.19011817572968
10/19/2023, 10:06:27.767261   freeze finish - f 2, value - 110.19011817572968
10/19/2023, 10:06:30.557618   freeze begin, value - 110.15256983602308
10/19/2023, 10:06:30.774793   freeze finish - f 3, value - 110.15256983602308
10/19/2023, 10:06:33.576833   freeze begin, value - 110.15192170587854
10/19/2023, 10:06:33.865719   freeze finish - f 4, value - 110.15192170587854
10/19/2023, 10:06:36.712966   freeze begin, value - 110.1909931514248
10/19/2023, 10:06:36.931746   freeze finish - f 3, value - 110.1909931514248
10/19/2023, 10:06:39.745730   freeze begin, value - 110.19093914057943
10/19/2023, 10:06:39.960473   freeze finish - f 3, value - 110.19093914057943
10/19/2023, 10:06:42.817460   freeze begin, value - 110.1497288655562
10/19/2023, 10:06:43.040760   freeze finish - f 3, value - 110.1497288655562
10/19/2023, 10:06:45.838336   freeze begin, value - 110.26310843217318
10/19/2023, 10:06:46.067321   freeze finish - f 3, value - 110.26310843217318
10/19/2023, 10:06:48.833314   freeze begin, value - 110.25148529824789
10/19/2023, 10:06:49.120501   freeze finish - f 4, value - 110.25148529824789
10/19/2023, 10:06:51.895109   freeze begin, value - 110.27835029273878
10/19/2023, 10:06:52.190478   freeze finish - f 4, value - 110.27835029273878
10/19/2023, 10:06:54.955727   freeze begin, value - 110.12239937779506
10/19/2023, 10:06:55.174621   freeze finish - f 3, value - 110.12239937779506
10/19/2023, 10:07:01.076812   freeze begin, value - 110.15248341867047
10/19/2023, 10:07:01.285528   freeze finish - f 3, value - 110.15248341867047
10/19/2023, 10:07:04.074434   freeze begin, value - 110.15179207984963
10/19/2023, 10:07:04.368734   freeze finish - f 4, value - 110.15179207984963
10/19/2023, 10:07:07.150946   freeze begin, value - 110.20959448657291
10/19/2023, 10:07:07.448291   freeze finish - f 3, value - 110.20959448657291
10/19/2023, 10:07:10.232180   freeze begin, value - 110.20940004752954
10/19/2023, 10:07:10.375798   freeze finish - f 2, value - 110.20940004752954
10/19/2023, 10:07:13.241243   freeze begin, value - 110.1682005746754
10/19/2023, 10:07:13.465498   freeze finish - f 3, value - 110.1682005746754
10/19/2023, 10:07:16.284593   freeze begin, value - 110.36142977509884
10/19/2023, 10:07:16.498348   freeze finish - f 3, value - 110.36142977509884
10/19/2023, 10:07:19.315048   freeze begin, value - 110.34970942165187
10/19/2023, 10:07:19.591231   freeze finish - f 4, value - 110.34970942165187
10/19/2023, 10:07:22.373545   freeze begin, value - 110.37652040529738
10/19/2023, 10:07:22.593945   freeze finish - f 3, value - 110.37652040529738
10/19/2023, 10:07:25.403954   freeze begin, value - 110.2097781234472
10/19/2023, 10:07:25.621643   freeze finish - f 3, value - 110.2097781234472
10/19/2023, 10:07:28.487202   freeze begin, value - 110.27755093222719
10/19/2023, 10:07:28.714312   freeze finish - f 3, value - 110.27755093222719
10/19/2023, 10:07:31.509927   freeze begin, value - 110.2399053729989
10/19/2023, 10:07:31.732165   freeze finish - f 3, value - 110.2399053729989
10/19/2023, 10:07:34.519461   freeze begin, value - 110.23925724285436
10/19/2023, 10:07:34.812983   freeze finish - f 4, value - 110.23925724285436
10/19/2023, 10:07:37.615102   freeze begin, value - 110.2783394905697
10/19/2023, 10:07:37.836118   freeze finish - f 3, value - 110.2783394905697
10/19/2023, 10:07:40.654674   freeze begin, value - 110.27828547972433
10/19/2023, 10:07:40.880791   freeze finish - f 3, value - 110.27828547972433
10/19/2023, 10:07:43.699126   freeze begin, value - 110.2370752047011
10/19/2023, 10:07:43.922800   freeze finish - f 3, value - 110.2370752047011
10/19/2023, 10:07:46.698434   freeze begin, value - 110.35045477131808
10/19/2023, 10:07:46.926398   freeze finish - f 3, value - 110.35045477131808
