10/19/2023, 09:39:42.910701   black begin
10/19/2023, 09:39:42.981504   freeze begin, value - 0.0
10/19/2023, 09:40:27.835550   freeze finish - f 610, value - 0.0
10/19/2023, 09:40:27.835550   black finish - 611
10/19/2023, 09:41:06.032750   freeze begin, value - 0
10/19/2023, 09:41:06.032750   black begin
10/19/2023, 09:41:06.818576   freeze finish - f 11, value - 0.0
10/19/2023, 09:41:06.819587   black finish - 11
10/19/2023, 09:43:14.091745   freeze begin, value - 0
10/19/2023, 09:43:14.092252   black begin
10/19/2023, 09:43:15.048630   freeze finish - f 13, value - 0.0
10/19/2023, 09:43:15.049139   black finish - 13
10/19/2023, 09:43:19.146167   freeze begin, value - 0
10/19/2023, 09:43:19.146679   black begin
10/19/2023, 09:43:19.778813   freeze finish - f 9, value - 0.0
10/19/2023, 09:43:19.779823   black finish - 9
10/19/2023, 09:45:06.051419   freeze begin, value - 0
10/19/2023, 09:45:06.052439   black begin
10/19/2023, 09:45:06.681591   freeze finish - f 9, value - 0.0
10/19/2023, 09:45:06.681591   black finish - 9
10/19/2023, 09:45:53.089172   freeze begin, value - 0
10/19/2023, 09:45:53.090193   black begin
10/19/2023, 09:45:53.583200   freeze finish - f 7, value - 0.0
10/19/2023, 09:45:53.583200   black finish - 7
10/19/2023, 09:47:38.717378   freeze begin, value - 224.51478816946442
10/19/2023, 09:47:38.797997   freeze finish - f 1, value - 224.51478816946442
10/19/2023, 09:49:22.139065   freeze begin, value - 0
10/19/2023, 09:49:22.140083   black begin
10/19/2023, 09:49:22.768995   freeze finish - f 9, value - 0.0
10/19/2023, 09:49:22.768995   black finish - 9
10/19/2023, 09:58:04.123503   freeze begin, value - 0
10/19/2023, 09:58:04.123503   black begin
10/19/2023, 09:58:04.652326   freeze finish - f 7, value - 0.0
10/19/2023, 09:58:04.652326   black finish - 7
10/19/2023, 09:58:15.006007   freeze begin, value - 0
10/19/2023, 09:58:15.006007   black begin
10/19/2023, 09:58:16.445837   freeze finish - f 20, value - 0.0
10/19/2023, 09:58:16.446353   black finish - 20
10/19/2023, 09:58:44.170715   freeze begin, value - 0
10/19/2023, 09:58:44.170715   black begin
10/19/2023, 09:58:45.879477   black finish - 24
10/19/2023, 09:58:45.879477   freeze finish - f 24, value - 0.0
10/19/2023, 10:00:05.157426   freeze begin, value - 0
10/19/2023, 10:00:05.157426   black begin
10/19/2023, 10:00:06.092287   black finish - 13
3, value - 0.0
10/19/2023, 10:02:20.152674   freeze begin, value - 0
10/19/2023, 10:02:20.153187   black begin
10/19/2023, 10:02:20.926565   freeze finish - f 11, value - 0.0
10/19/2023, 10:02:20.927558   black finish - 11
10/19/2023, 10:03:52.211083   freeze begin, value - 0
10/19/2023, 10:03:52.211597   black begin
10/19/2023, 10:03:52.988196   freeze finish - f 11, value - 0.0
10/19/2023, 10:03:52.989193   black finish - 11
10/19/2023, 10:04:49.072290   freeze begin, value - 0
10/19/2023, 10:04:49.072290   black begin
10/19/2023, 10:04:49.564798   freeze finish - f 7, value - 0.0
10/19/2023, 10:04:49.564798   black finish - 7
10/19/2023, 10:06:27.167798   freeze begin, value - 0
10/19/2023, 10:06:27.168812   black begin
10/19/2023, 10:06:27.607690   freeze finish - f 6, value - 0.0
10/19/2023, 10:06:27.607690   black finish - 6
