10/19/2023, 09:41:06.029213   freeze begin, value - 0
10/19/2023, 09:41:06.029213   black begin
10/19/2023, 09:41:06.815019   freeze finish - f 11, value - 0.0
10/19/2023, 09:41:06.816028   black finish - 11
10/19/2023, 09:43:14.088702   freeze begin, value - 0
10/19/2023, 09:43:14.089208   black begin
10/19/2023, 09:43:15.043132   freeze finish - f 13, value - 0.0
10/19/2023, 09:43:15.046102   black finish - 13
10/19/2023, 09:43:19.139050   freeze begin, value - 0
10/19/2023, 09:43:19.140574   black begin
10/19/2023, 09:43:19.774035   freeze finish - f 9, value - 0.0
10/19/2023, 09:43:19.774541   black finish - 9
10/19/2023, 09:45:06.046788   freeze begin, value - 0
10/19/2023, 09:45:06.046788   black begin
10/19/2023, 09:45:06.675750   freeze finish - f 9, value - 0.0
10/19/2023, 09:45:06.676268   black finish - 9
10/19/2023, 09:45:53.086096   black begin
 value - 0
10/19/2023, 09:45:53.581205   black finish - 7
10/19/2023, 09:45:53.580208   freeze finish - f 7, value - 0.0
10/19/2023, 09:49:22.135454   freeze begin, value - 0
10/19/2023, 09:49:22.135970   black begin
10/19/2023, 09:49:22.764124   freeze finish - f 9, value - 0.0
10/19/2023, 09:49:22.764124   black finish - 9
10/19/2023, 09:58:04.119358   black begin
 value - 0
10/19/2023, 09:58:04.648257   freeze finish - f 7, value - 0.0
10/19/2023, 09:58:04.649273   black finish - 7
10/19/2023, 09:58:14.996944   freeze begin, value - 0
10/19/2023, 09:58:14.997452   black begin
10/19/2023, 09:58:16.442236   freeze finish - f 20, value - 0.0
10/19/2023, 09:58:16.442236   black finish - 20
10/19/2023, 09:58:44.161402   freeze begin, value - 0
10/19/2023, 09:58:44.162464   black begin
10/19/2023, 09:58:45.873672   freeze finish - f 24, value - 0.0
10/19/2023, 09:58:45.874524   black finish - 24
10/19/2023, 10:00:05.152857   black begin
 value - 0
10/19/2023, 10:00:06.087716   freeze finish - f 13, value - 0.0
10/19/2023, 10:00:06.088729   black finish - 13
10/19/2023, 10:00:23.081027   freeze begin, value - 92.00060492146824
10/19/2023, 10:00:23.156918   freeze finish - f 1, value - 92.00060492146824
10/19/2023, 10:00:23.452406   freeze begin, value - 91.72688875926286
10/19/2023, 10:00:23.514728   freeze finish - f 1, value - 91.72688875926286
10/19/2023, 10:02:20.147127   freeze begin, value - 0
10/19/2023, 10:02:20.148134   black begin
10/19/2023, 10:02:20.924057   freeze finish - f 11, value - 0.0
10/19/2023, 10:02:20.924057   black finish - 11
10/19/2023, 10:03:52.206825   freeze begin, value - 0
10/19/2023, 10:03:52.207336   black begin
10/19/2023, 10:03:52.984206   freeze finish - f 11, value - 0.0
10/19/2023, 10:03:52.984206   black finish - 11
10/19/2023, 10:04:49.067657   freeze begin, value - 0
10/19/2023, 10:04:49.067657   black begin
10/19/2023, 10:04:49.561909   freeze finish - f 7, value - 0.0
10/19/2023, 10:04:49.562805   black finish - 7
10/19/2023, 10:05:20.203944   freeze begin, value - 130.17238101410763
10/19/2023, 10:05:20.281460   freeze finish - f 1, value - 130.17238101410763
10/19/2023, 10:06:27.165156   freeze begin, value - 0
10/19/2023, 10:06:27.165156   black begin
10/19/2023, 10:06:27.602639   freeze finish - f 6, value - 0.0
10/19/2023, 10:06:27.602639   black finish - 6
