10/19/2023, 09:41:06.019094   freeze begin, value - 0
10/19/2023, 09:41:06.019094   black begin
10/19/2023, 09:41:06.803962   freeze finish - f 11, value - 0.0
10/19/2023, 09:41:06.803962   black finish - 11
10/19/2023, 09:42:29.335320   freeze begin, value - 116.41263205651696
10/19/2023, 09:42:29.410043   freeze finish - f 1, value - 116.41263205651696
10/19/2023, 09:43:14.078591   freeze begin, value - 0
10/19/2023, 09:43:14.078591   black begin
10/19/2023, 09:43:15.035550   freeze finish - f 13, value - 0.0
10/19/2023, 09:43:15.036557   black finish - 13
10/19/2023, 09:43:19.126883   freeze begin, value - 0
10/19/2023, 09:43:19.126883   black begin
10/19/2023, 09:43:19.761843   freeze finish - f 9, value - 0.0
10/19/2023, 09:43:19.762350   black finish - 9
10/19/2023, 09:44:08.384988   freeze begin, value - 111.44846285134055
10/19/2023, 09:44:08.476344   freeze finish - f 1, value - 111.44846285134055
10/19/2023, 09:45:06.031833   black begin
 value - 0
10/19/2023, 09:45:06.664904   freeze finish - f 9, value - 0.0
10/19/2023, 09:45:06.664904   black finish - 9
10/19/2023, 09:45:53.075786   freeze begin, value - 0
10/19/2023, 09:45:53.076305   black begin
10/19/2023, 09:45:53.572143   freeze finish - f 7, value - 0.0
10/19/2023, 09:45:53.572143   black finish - 7
10/19/2023, 09:49:22.120394   freeze begin, value - 0
10/19/2023, 09:49:22.120394   black begin
10/19/2023, 09:49:22.751991   freeze finish - f 9, value - 0.0
10/19/2023, 09:49:22.751991   black finish - 9
10/19/2023, 09:51:57.879036   freeze begin, value - 215.86120292954826
10/19/2023, 09:51:57.950213   freeze finish - f 1, value - 215.86120292954826
10/19/2023, 09:51:59.347820   freeze begin, value - 215.86192667487632
10/19/2023, 09:51:59.420083   freeze finish - f 1, value - 215.86192667487632
10/19/2023, 09:54:21.151853   freeze begin, value - 226.2395921100957
10/19/2023, 09:54:21.217724   freeze finish - f 1, value - 226.2395921100957
10/19/2023, 09:58:04.108584   black begin
 value - 0
10/19/2023, 09:58:04.640577   black finish - 7
7, value - 0.0
10/19/2023, 09:58:14.987373   freeze begin, value - 0
10/19/2023, 09:58:14.987373   black begin
10/19/2023, 09:58:16.431728   freeze finish - f 20, value - 0.0
10/19/2023, 09:58:16.432722   black finish - 20
10/19/2023, 09:58:44.151620   freeze begin, value - 0
10/19/2023, 09:58:44.152148   black begin
10/19/2023, 09:58:45.860290   freeze finish - f 24, value - 0.0
10/19/2023, 09:58:45.861156   black finish - 24
10/19/2023, 10:00:05.139447   freeze begin, value - 0
10/19/2023, 10:00:05.139447   black begin
10/19/2023, 10:00:06.076965   freeze finish - f 13, value - 0.0
10/19/2023, 10:00:06.076965   black finish - 13
10/19/2023, 10:02:20.135012   freeze begin, value - 0
10/19/2023, 10:02:20.135012   black begin
10/19/2023, 10:02:20.913509   freeze finish - f 11, value - 0.0
10/19/2023, 10:02:20.914021   black finish - 11
10/19/2023, 10:03:52.195590   freeze begin, value - 0
10/19/2023, 10:03:52.196103   black begin
10/19/2023, 10:03:52.970211   freeze finish - f 11, value - 0.0
10/19/2023, 10:03:52.970211   black finish - 11
10/19/2023, 10:04:49.056354   freeze begin, value - 0
10/19/2023, 10:04:49.056354   black begin
10/19/2023, 10:04:49.547578   freeze finish - f 7, value - 0.0
10/19/2023, 10:04:49.547578   black finish - 7
10/19/2023, 10:06:27.157060   freeze begin, value - 0
10/19/2023, 10:06:27.158057   black begin
10/19/2023, 10:06:27.591571   freeze finish - f 6, value - 0.0
10/19/2023, 10:06:27.591571   black finish - 6
