10/06/2023, 17:18:40.069729   freeze begin, value - 58.4214466264826
10/06/2023, 17:18:40.104652   freeze finish - f 1, value - 58.4214466264826
10/06/2023, 17:23:24.773388   freeze begin, value - 46.91039600751831
10/06/2023, 17:23:24.800352   freeze finish - f 1, value - 46.91039600751831
10/06/2023, 17:25:42.450895   freeze begin, value - 55.53593881651435
10/06/2023, 17:25:42.484877   freeze finish - f 1, value - 55.53593881651435
10/06/2023, 17:26:44.482527   freeze begin, value - 49.647784475122606
10/06/2023, 17:26:44.516153   freeze finish - f 1, value - 49.647784475122606
10/06/2023, 17:29:48.959696   freeze begin, value - 56.29901484218031
10/06/2023, 17:29:49.007812   freeze finish - f 1, value - 56.29901484218031
10/06/2023, 17:43:08.694160   freeze begin, value - 51.62355520988614
10/06/2023, 17:43:08.708690   freeze finish - f 1, value - 51.62355520988614
10/06/2023, 18:00:07.222687   freeze begin, value - 53.03022446907339
10/06/2023, 18:00:07.288827   freeze finish - f 2, value - 53.03022446907339
10/10/2023, 10:18:59.271277   freeze begin, value - 17.359042495733142
10/10/2023, 10:18:59.346725   freeze finish - f 1, value - 17.359042495733142
10/10/2023, 10:19:39.308418   freeze begin, value - 17.359064100071294
10/10/2023, 10:19:39.345423   freeze finish - f 1, value - 17.359064100071294
10/10/2023, 10:19:39.520274   freeze begin, value - 17.359107308747596
10/10/2023, 10:19:39.533722   freeze finish - f 1, value - 17.359107308747596
10/10/2023, 10:20:52.714493   freeze begin, value - 17.359042495733142
10/10/2023, 10:20:52.746682   freeze finish - f 1, value - 17.359042495733142
10/18/2023, 10:57:22.032772   freeze begin, value - 8.930045153066736
10/18/2023, 12:54:03.160076   freeze begin, value - 8.930045153066736
10/18/2023, 12:54:09.866668   freeze begin, value - 8.930045153066736
10/18/2023, 12:54:25.262230   freeze begin, value - 8.930045153066736
10/18/2023, 12:54:31.969819   freeze begin, value - 8.930045153066736
10/18/2023, 12:54:44.301413   freeze begin, value - 8.930045153066736
10/18/2023, 12:56:57.480534   freeze begin, value - 8.930045153066736
10/18/2023, 12:57:01.207584   freeze begin, value - 8.930045153066736
10/18/2023, 12:57:34.405247   freeze begin, value - 8.930045153066736
10/18/2023, 12:57:40.879151   freeze begin, value - 8.930045153066736
10/18/2023, 13:00:38.639465   freeze begin, value - 8.930045153066736
10/18/2023, 13:01:08.483506   freeze begin, value - 8.930045153066736
10/18/2023, 13:01:18.367254   freeze begin, value - 8.930045153066736
10/18/2023, 13:09:07.955690   freeze begin, value - 8.930045153066736
10/18/2023, 13:09:44.608891   freeze begin, value - 8.930045153066736
10/18/2023, 13:10:00.264771   freeze begin, value - 8.930045153066736
10/18/2023, 13:10:04.759283   freeze begin, value - 8.930045153066736
10/18/2023, 13:10:19.007102   freeze begin, value - 8.930045153066736
10/18/2023, 13:10:29.450356   freeze begin, value - 8.930045153066736
10/18/2023, 13:10:46.692471   freeze begin, value - 8.930045153066736
10/18/2023, 13:12:41.396129   freeze begin, value - 8.930045153066736
10/18/2023, 13:12:44.664024   freeze begin, value - 8.930045153066736
10/18/2023, 13:12:51.043556   freeze begin, value - 8.930045153066736
10/18/2023, 13:13:10.191897   freeze begin, value - 8.930045153066736
10/18/2023, 13:13:24.742773   freeze begin, value - 8.930045153066736
10/18/2023, 13:13:40.389808   freeze begin, value - 8.930045153066736
10/18/2023, 13:13:53.100720   freeze begin, value - 8.930045153066736
10/18/2023, 13:21:24.022276   freeze begin, value - 8.930045153066736
10/18/2023, 13:21:29.657460   freeze begin, value - 8.930045153066736
10/18/2023, 13:21:33.758551   freeze begin, value - 8.930045153066736
10/18/2023, 13:21:42.687593   freeze begin, value - 8.930045153066736
10/18/2023, 13:33:15.115797   freeze begin, value - 8.930045153066736
10/18/2023, 13:33:39.912317   freeze begin, value - 8.930045153066736
10/18/2023, 13:34:39.281568   freeze begin, value - 8.930045153066736
10/18/2023, 13:36:39.764434   freeze begin, value - 8.930045153066736
10/18/2023, 15:26:46.966265   freeze begin, value - 0
10/18/2023, 15:26:46.966265   black begin
10/18/2023, 15:29:17.477952   freeze begin, value - 0
10/18/2023, 15:29:17.477952   black begin
10/18/2023, 15:30:54.714408   freeze begin, value - 0
10/18/2023, 15:30:54.715415   black begin
10/18/2023, 15:31:26.292356   freeze begin, value - 0
10/18/2023, 15:31:26.292860   black begin
10/18/2023, 15:32:58.040918   freeze begin, value - 0
10/18/2023, 15:32:58.040918   black begin
10/18/2023, 15:34:14.205667   freeze begin, value - 0
10/18/2023, 15:34:14.206677   black begin
10/18/2023, 15:34:44.353840   freeze begin, value - 0
10/18/2023, 15:34:44.353840   black begin
10/18/2023, 15:36:23.610171   freeze begin, value - 0
10/18/2023, 15:36:23.610171   black begin
10/18/2023, 15:37:07.871982   freeze begin, value - 0
10/18/2023, 15:37:07.873003   black begin
10/18/2023, 15:38:46.516535   black begin
 value - 0
10/18/2023, 15:40:51.838520   freeze begin, value - 0.0
10/18/2023, 15:40:51.839031   black begin
10/18/2023, 15:41:41.665915   freeze begin, value - 0
10/18/2023, 15:41:41.666933   black begin
10/18/2023, 15:43:49.896048   freeze begin, value - 0
10/18/2023, 15:43:49.897061   black begin
10/18/2023, 15:43:50.651865   freeze finish - f 11, value - 0.0
10/18/2023, 15:43:50.652887   black finish - 11
10/18/2023, 15:43:51.555237   freeze begin, value - 96.37170263788968
10/18/2023, 15:43:51.627413   freeze finish - f 1, value - 96.37170263788968
10/18/2023, 15:43:55.681141   freeze begin, value - 96.37170263788968
10/18/2023, 15:43:55.694859   freeze finish - f 1, value - 96.37170263788968
10/18/2023, 15:44:22.269974   freeze begin, value - 1.4460431654676258
10/18/2023, 15:44:22.615765   freeze finish - f 5, value - 1.4460431654676258
10/18/2023, 15:44:27.612612   freeze begin, value - 96.37170263788968
10/18/2023, 15:44:27.682347   freeze finish - f 1, value - 96.37170263788968
10/18/2023, 15:44:58.331626   freeze begin, value - 1.4460431654676258
10/18/2023, 15:44:58.681893   freeze finish - f 5, value - 1.4460431654676258
10/18/2023, 15:45:34.338627   freeze begin, value - 1.4460431654676258
10/18/2023, 15:45:34.743102   freeze finish - f 5, value - 1.4460431654676258
10/18/2023, 15:45:59.689967   freeze begin, value - 96.37170263788968
10/18/2023, 15:45:59.757052   freeze finish - f 1, value - 96.37170263788968
10/18/2023, 15:46:10.368775   freeze begin, value - 1.4460431654676258
10/18/2023, 15:46:10.786856   freeze finish - f 6, value - 1.4460431654676258
10/18/2023, 15:46:37.060412   freeze begin, value - 0
10/18/2023, 15:46:37.061428   black begin
10/18/2023, 15:46:37.561152   freeze finish - f 7, value - 0.0
10/18/2023, 15:46:37.561665   black finish - 7
10/18/2023, 15:46:46.435773   freeze begin, value - 1.4460431654676258
10/18/2023, 15:46:46.786012   freeze finish - f 5, value - 1.4460431654676258
10/18/2023, 15:46:51.735475   freeze begin, value - 96.37170263788968
10/18/2023, 15:46:51.809055   freeze finish - f 1, value - 96.37170263788968
10/18/2023, 15:47:11.782505   freeze begin, value - 96.37170263788968
10/18/2023, 15:47:11.856778   freeze finish - f 1, value - 96.37170263788968
10/18/2023, 15:47:22.490222   freeze begin, value - 1.4460431654676258
10/18/2023, 15:47:22.838087   freeze finish - f 5, value - 1.4460431654676258
10/18/2023, 15:47:27.789451   freeze begin, value - 96.37170263788968
10/18/2023, 15:47:27.859986   freeze finish - f 1, value - 96.37170263788968
10/18/2023, 15:47:31.781176   freeze begin, value - 96.37170263788968
10/18/2023, 15:47:31.849599   freeze finish - f 1, value - 96.37170263788968
10/18/2023, 15:47:47.796641   freeze begin, value - 96.37170263788968
10/18/2023, 15:47:47.868268   freeze finish - f 1, value - 96.37170263788968
10/18/2023, 15:47:58.536568   freeze begin, value - 1.4460431654676258
10/18/2023, 15:47:58.893207   freeze finish - f 5, value - 1.4460431654676258
10/18/2023, 15:48:23.836761   freeze begin, value - 96.37170263788968
10/18/2023, 15:48:23.909640   freeze finish - f 1, value - 96.37170263788968
10/18/2023, 15:48:34.541003   freeze begin, value - 1.4460431654676258
10/18/2023, 15:48:34.892004   freeze finish - f 5, value - 1.4460431654676258
10/18/2023, 15:48:39.842211   freeze begin, value - 96.37170263788968
10/18/2023, 15:48:39.913306   freeze finish - f 1, value - 96.37170263788968
10/18/2023, 15:49:10.568165   freeze begin, value - 1.4460431654676258
10/18/2023, 15:49:10.916460   freeze finish - f 5, value - 1.4460431654676258
10/18/2023, 15:49:46.631147   freeze begin, value - 1.4460431654676258
10/18/2023, 15:49:46.984059   freeze finish - f 5, value - 1.4460431654676258
10/18/2023, 15:53:30.239403   black begin
 value - 0
10/18/2023, 15:53:30.728889   freeze finish - f 7, value - 0.0
10/18/2023, 15:53:30.728889   black finish - 7
10/18/2023, 15:54:45.641566   freeze begin, value - 0
10/18/2023, 15:54:45.642076   black begin
10/18/2023, 15:54:46.126227   freeze finish - f 7, value - 0.0
10/18/2023, 15:54:46.127242   black finish - 7
10/18/2023, 15:55:17.919417   freeze begin, value - 0
10/18/2023, 15:55:17.919417   black begin
10/18/2023, 15:55:18.397835   freeze finish - f 7, value - 0.0
10/18/2023, 15:55:18.397835   black finish - 7
10/18/2023, 15:55:27.191367   freeze begin, value - 96.37170263788968
10/18/2023, 15:55:27.218650   freeze finish - f 1, value - 96.37170263788968
10/18/2023, 15:55:46.831900   freeze begin, value - 1.4460431654676258
10/18/2023, 15:55:47.250221   freeze finish - f 6, value - 1.4460431654676258
10/18/2023, 15:55:56.184547   freeze begin, value - 96.37170263788968
10/18/2023, 15:55:56.257734   freeze finish - f 1, value - 96.37170263788968
