10/19/2023, 09:41:06.027182   freeze begin, value - 0
10/19/2023, 09:41:06.027182   black begin
10/19/2023, 09:41:06.813499   freeze finish - f 11, value - 0.0
10/19/2023, 09:41:06.813499   black finish - 11
10/19/2023, 09:43:14.085668   freeze begin, value - 0
10/19/2023, 09:43:14.086175   black begin
10/19/2023, 09:43:15.041097   freeze finish - f 13, value - 0.0
10/19/2023, 09:43:15.041097   black finish - 13
10/19/2023, 09:43:19.137016   black begin
 value - 0
10/19/2023, 09:43:19.771509   black finish - 9
9, value - 0.0
10/19/2023, 09:45:06.041624   freeze begin, value - 0
10/19/2023, 09:45:06.042159   black begin
10/19/2023, 09:45:06.673689   freeze finish - f 9, value - 0.0
10/19/2023, 09:45:06.673689   black finish - 9
10/19/2023, 09:45:53.083024   freeze begin, value - 0
10/19/2023, 09:45:53.084043   black begin
10/19/2023, 09:45:53.577210   freeze finish - f 7, value - 0.0
10/19/2023, 09:45:53.577210   black finish - 7
10/19/2023, 09:47:43.538527   freeze begin, value - 201.41217836541577
10/19/2023, 09:47:43.597498   freeze finish - f 1, value - 201.41217836541577
10/19/2023, 09:49:22.132346   freeze begin, value - 0
10/19/2023, 09:49:22.132882   black begin
10/19/2023, 09:49:22.762084   freeze finish - f 9, value - 0.0
10/19/2023, 09:49:22.762084   black finish - 9
10/19/2023, 09:57:09.648665   freeze begin, value - 90.92150063732798
10/19/2023, 09:57:09.722441   freeze finish - f 1, value - 90.92150063732798
10/19/2023, 09:58:04.117301   freeze begin, value - 0
10/19/2023, 09:58:04.117819   black begin
10/19/2023, 09:58:04.646711   freeze finish - f 7, value - 0.0
10/19/2023, 09:58:04.646711   black finish - 7
10/19/2023, 09:58:14.994043   freeze begin, value - 0
10/19/2023, 09:58:14.994387   black begin
10/19/2023, 09:58:16.439635   freeze finish - f 20, value - 0.0
10/19/2023, 09:58:16.440159   black finish - 20
10/19/2023, 09:58:44.158320   freeze begin, value - 0
10/19/2023, 09:58:44.159340   black begin
10/19/2023, 09:58:45.872019   black finish - 24
4, value - 0.0
10/19/2023, 09:59:01.087586   freeze begin, value - 184.61891027718366
10/19/2023, 09:59:01.168262   freeze finish - f 1, value - 184.61891027718366
10/19/2023, 10:00:05.149811   freeze begin, value - 0
10/19/2023, 10:00:05.150822   black begin
10/19/2023, 10:00:06.084929   freeze finish - f 13, value - 0.0
10/19/2023, 10:00:06.084929   black finish - 13
10/19/2023, 10:02:20.144603   freeze begin, value - 0
10/19/2023, 10:02:20.145109   black begin
10/19/2023, 10:02:20.921037   freeze finish - f 11, value - 0.0
10/19/2023, 10:02:20.921548   black finish - 11
10/19/2023, 10:03:52.203758   freeze begin, value - 0
10/19/2023, 10:03:52.204266   black begin
10/19/2023, 10:03:52.981215   freeze finish - f 11, value - 0.0
10/19/2023, 10:03:52.982213   black finish - 11
10/19/2023, 10:04:49.064575   freeze begin, value - 0
10/19/2023, 10:04:49.065596   black begin
10/19/2023, 10:04:49.560396   freeze finish - f 7, value - 0.0
10/19/2023, 10:04:49.560396   black finish - 7
10/19/2023, 10:06:27.163575   freeze begin, value - 0
10/19/2023, 10:06:27.163575   black begin
10/19/2023, 10:06:27.600067   freeze finish - f 6, value - 0.0
10/19/2023, 10:06:27.600067   black finish - 6
