10/19/2023, 09:41:06.024151   freeze begin, value - 0
10/19/2023, 09:41:06.024656   black begin
10/19/2023, 09:41:06.810463   freeze finish - f 11, value - 0.0
10/19/2023, 09:41:06.811471   black finish - 11
10/19/2023, 09:43:14.084151   freeze begin, value - 0
10/19/2023, 09:43:14.084151   black begin
10/19/2023, 09:43:15.039584   freeze finish - f 13, value - 0.0
10/19/2023, 09:43:15.039584   black finish - 13
10/19/2023, 09:43:19.132952   freeze begin, value - 0
10/19/2023, 09:43:19.133966   black begin
10/19/2023, 09:43:19.767348   freeze finish - f 9, value - 0.0
10/19/2023, 09:43:19.767348   black finish - 9
10/19/2023, 09:45:06.037517   freeze begin, value - 0
10/19/2023, 09:45:06.038541   black begin
10/19/2023, 09:45:06.669489   freeze finish - f 9, value - 0.0
10/19/2023, 09:45:06.669489   black finish - 9
10/19/2023, 09:45:53.080964   freeze begin, value - 0
10/19/2023, 09:45:53.081484   black begin
10/19/2023, 09:45:53.575134   freeze finish - f 7, value - 0.0
10/19/2023, 09:45:53.575134   black finish - 7
10/19/2023, 09:48:54.501029   freeze begin, value - 104.37118413377407
10/19/2023, 09:48:54.574926   freeze finish - f 1, value - 104.37118413377407
10/19/2023, 09:49:22.128174   freeze begin, value - 0
10/19/2023, 09:49:22.128694   black begin
10/19/2023, 09:49:22.755922   freeze finish - f 9, value - 0.0
10/19/2023, 09:49:22.755922   black finish - 9
10/19/2023, 09:50:13.816932   freeze begin, value - 154.2451120184933
10/19/2023, 09:50:13.892945   freeze finish - f 1, value - 154.2451120184933
10/19/2023, 09:51:25.397239   freeze begin, value - 56.83169140363385
10/19/2023, 09:51:25.470672   freeze finish - f 1, value - 56.83169140363385
10/19/2023, 09:51:56.880661   freeze begin, value - 216.10107589603993
10/19/2023, 09:51:56.937994   freeze finish - f 1, value - 216.10107589603993
10/19/2023, 09:56:39.185828   freeze begin, value - 140.50748590316937
10/19/2023, 09:56:39.257333   freeze finish - f 1, value - 140.50748590316937
10/19/2023, 09:58:04.114747   black begin
 value - 0
10/19/2023, 09:58:04.645174   freeze finish - f 7, value - 0.0
10/19/2023, 09:58:04.645174   black finish - 7
10/19/2023, 09:58:14.991973   freeze begin, value - 0
10/19/2023, 09:58:14.991973   black begin
10/19/2023, 09:58:16.437568   freeze finish - f 20, value - 0.0
10/19/2023, 09:58:16.437568   black finish - 20
10/19/2023, 09:58:44.156771   freeze begin, value - 0
10/19/2023, 09:58:44.156771   black begin
10/19/2023, 09:58:45.868942   freeze finish - f 24, value - 0.0
10/19/2023, 09:58:45.869465   black finish - 24
10/19/2023, 09:59:14.287154   freeze begin, value - 204.41306414327997
10/19/2023, 09:59:14.355586   freeze finish - f 1, value - 204.41306414327997
10/19/2023, 09:59:26.781900   freeze begin, value - 85.81189102771836
10/19/2023, 09:59:26.896604   freeze finish - f 1, value - 85.81189102771836
10/19/2023, 10:00:05.146765   freeze begin, value - 0
10/19/2023, 10:00:05.146765   black begin
10/19/2023, 10:00:06.081630   freeze finish - f 13, value - 0.0
10/19/2023, 10:00:06.082357   black finish - 13
10/19/2023, 10:02:20.141073   freeze begin, value - 0
10/19/2023, 10:02:20.142080   black begin
10/19/2023, 10:02:20.919039   freeze finish - f 11, value - 0.0
10/19/2023, 10:02:20.919039   black finish - 11
10/19/2023, 10:03:52.201211   freeze begin, value - 0
10/19/2023, 10:03:52.201719   black begin
10/19/2023, 10:03:52.977226   freeze finish - f 11, value - 0.0
10/19/2023, 10:03:52.977226   black finish - 11
10/19/2023, 10:04:49.061497   freeze begin, value - 0
10/19/2023, 10:04:49.061497   black begin
10/19/2023, 10:04:49.558437   freeze finish - f 7, value - 0.0
10/19/2023, 10:04:49.558437   black finish - 7
10/19/2023, 10:06:27.161050   freeze begin, value - 0
10/19/2023, 10:06:27.161988   black begin
10/19/2023, 10:06:27.596558   freeze finish - f 6, value - 0.0
10/19/2023, 10:06:27.596558   black finish - 6
