10/19/2023, 09:41:06.015054   black begin
10/19/2023, 09:41:06.014552   freeze begin, value - 0
10/19/2023, 09:41:06.799394   freeze finish - f 11, value - 0.0
10/19/2023, 09:41:06.799394   black finish - 11
10/19/2023, 09:43:14.074549   freeze begin, value - 0
10/19/2023, 09:43:14.075559   black begin
10/19/2023, 09:43:15.034036   freeze finish - f 13, value - 0.0
10/19/2023, 09:43:15.034036   black finish - 13
10/19/2023, 09:43:19.120304   freeze begin, value - 0
10/19/2023, 09:43:19.120814   black begin
10/19/2023, 09:43:19.757794   freeze finish - f 9, value - 0.0
10/19/2023, 09:43:19.758299   black finish - 9
10/19/2023, 09:43:48.955764   freeze begin, value - 204.30239592110095
10/19/2023, 09:43:49.028762   freeze finish - f 1, value - 204.30239592110095
10/19/2023, 09:43:49.755934   freeze begin, value - 204.28466956164797
10/19/2023, 09:43:49.827959   freeze finish - f 1, value - 204.28466956164797
10/19/2023, 09:45:06.021990   freeze begin, value - 0
10/19/2023, 09:45:06.023021   black begin
10/19/2023, 09:45:06.661337   freeze finish - f 9, value - 0.0
10/19/2023, 09:45:06.661337   black finish - 9
10/19/2023, 09:45:24.193351   black begin
10/19/2023, 09:45:24.265764   black finish - 1
10/19/2023, 09:45:24.634880   freeze begin, value - 99.64229697323222
10/19/2023, 09:45:24.708905   freeze finish - f 1, value - 99.64229697323222
10/19/2023, 09:45:24.709426   black begin
10/19/2023, 09:45:24.782062   black finish - 1
10/19/2023, 09:45:53.067561   freeze begin, value - 0
10/19/2023, 09:45:53.068580   black begin
10/19/2023, 09:45:53.570147   freeze finish - f 7, value - 0.0
10/19/2023, 09:45:53.570147   black finish - 7
10/19/2023, 09:49:22.110429   freeze begin, value - 0
10/19/2023, 09:49:22.111449   black begin
10/19/2023, 09:49:22.749918   freeze finish - f 9, value - 0.0
10/19/2023, 09:49:22.749918   black finish - 9
10/19/2023, 09:58:04.103201   black begin
10/19/2023, 09:58:04.103201   freeze begin, value - 0
10/19/2023, 09:58:04.635968   freeze finish - f 7, value - 0.0
10/19/2023, 09:58:04.635968   black finish - 7
10/19/2023, 09:58:14.983260   freeze begin, value - 0
10/19/2023, 09:58:14.983775   black begin
10/19/2023, 09:58:16.428108   freeze finish - f 20, value - 0.0
10/19/2023, 09:58:16.428108   black finish - 20
10/19/2023, 09:58:44.146969   black begin
10/19/2023, 09:58:44.145735   freeze begin, value - 0
10/19/2023, 09:58:45.856693   freeze finish - f 24, value - 0.0
10/19/2023, 09:58:45.856693   black finish - 24
10/19/2023, 10:00:05.130834   freeze begin, value - 0
10/19/2023, 10:00:05.131831   black begin
10/19/2023, 10:00:06.072923   freeze finish - f 13, value - 0.0
10/19/2023, 10:00:06.073433   black finish - 13
10/19/2023, 10:02:20.129464   freeze begin, value - 0
10/19/2023, 10:02:20.129464   black begin
10/19/2023, 10:02:20.907700   freeze finish - f 11, value - 0.0
10/19/2023, 10:02:20.907700   black finish - 11
10/19/2023, 10:03:52.190264   freeze begin, value - 0
10/19/2023, 10:03:52.190264   black begin
10/19/2023, 10:03:52.966016   freeze finish - f 11, value - 0.0
10/19/2023, 10:03:52.966016   black finish - 11
10/19/2023, 10:04:49.051744   freeze begin, value - 0
10/19/2023, 10:04:49.052272   black begin
10/19/2023, 10:04:49.544444   freeze finish - f 7, value - 0.0
10/19/2023, 10:04:49.545069   black finish - 7
10/19/2023, 10:05:14.911230   freeze begin, value - 131.26087238317453
10/19/2023, 10:05:14.985370   freeze finish - f 1, value - 131.26087238317453
10/19/2023, 10:06:27.154232   freeze begin, value - 0
10/19/2023, 10:06:27.155065   black begin
10/19/2023, 10:06:27.588579   freeze finish - f 6, value - 0.0
10/19/2023, 10:06:27.588579   black finish - 6
