10/19/2023, 09:41:06.013039   black begin
10/19/2023, 09:41:06.007224   freeze begin, value - 0
10/19/2023, 09:41:06.797874   freeze finish - f 11, value - 0.0
10/19/2023, 09:41:06.797874   black finish - 11
10/19/2023, 09:42:29.186284   freeze begin, value - 116.41263205651696
10/19/2023, 09:42:29.258015   freeze finish - f 1, value - 116.41263205651696
10/19/2023, 09:43:14.067935   freeze begin, value - 0
10/19/2023, 09:43:14.069968   black begin
10/19/2023, 09:43:15.032521   freeze finish - f 13, value - 0.0
10/19/2023, 09:43:15.033530   black finish - 13
10/19/2023, 09:43:19.117769   freeze begin, value - 0
10/19/2023, 09:43:19.117769   black begin
10/19/2023, 09:43:19.757288   black finish - 9
9, value - 0.0
10/19/2023, 09:45:06.020453   freeze begin, value - 0
10/19/2023, 09:45:06.020453   black begin
10/19/2023, 09:45:06.657668   freeze finish - f 9, value - 0.0
10/19/2023, 09:45:06.658182   black finish - 9
10/19/2023, 09:45:53.063106   freeze begin, value - 0
10/19/2023, 09:45:53.063632   black begin
10/19/2023, 09:45:53.565161   freeze finish - f 7, value - 0.0
10/19/2023, 09:45:53.565161   black finish - 7
10/19/2023, 09:49:22.105795   freeze begin, value - 0
10/19/2023, 09:49:22.106311   black begin
10/19/2023, 09:49:22.748500   freeze finish - f 9, value - 0.0
10/19/2023, 09:49:22.748500   black finish - 9
10/19/2023, 09:58:04.098288   freeze begin, value - 0
10/19/2023, 09:58:04.102179   black begin
10/19/2023, 09:58:04.634438   freeze finish - f 7, value - 0.0
10/19/2023, 09:58:04.634438   black finish - 7
10/19/2023, 09:58:14.981704   freeze begin, value - 0
10/19/2023, 09:58:14.982224   black begin
10/19/2023, 09:58:16.426362   freeze finish - f 20, value - 0.0
10/19/2023, 09:58:16.426880   black finish - 20
10/19/2023, 09:58:44.142668   freeze begin, value - 0
10/19/2023, 09:58:44.142668   black begin
10/19/2023, 09:58:45.853885   freeze finish - f 24, value - 0.0
10/19/2023, 09:58:45.854882   black finish - 24
10/19/2023, 10:00:05.125269   freeze begin, value - 0
10/19/2023, 10:00:05.128143   black begin
10/19/2023, 10:00:06.070926   black finish - 13
10/19/2023, 10:00:06.070926   freeze finish - f 13, value - 0.0
10/19/2023, 10:02:20.123002   black begin
10/19/2023, 10:02:20.123002   freeze begin, value - 0
10/19/2023, 10:02:20.906175   freeze finish - f 11, value - 0.0
10/19/2023, 10:02:20.906175   black finish - 11
10/19/2023, 10:03:52.183716   freeze begin, value - 0
10/19/2023, 10:03:52.188734   black begin
10/19/2023, 10:03:52.964501   freeze finish - f 11, value - 0.0
10/19/2023, 10:03:52.965509   black finish - 11
10/19/2023, 10:04:49.047545   freeze begin, value - 0
10/19/2023, 10:04:49.050202   black begin
10/19/2023, 10:04:49.542919   freeze finish - f 7, value - 0.0
10/19/2023, 10:04:49.543931   black finish - 7
10/19/2023, 10:06:27.153560   freeze begin, value - 0
10/19/2023, 10:06:27.153560   black begin
10/19/2023, 10:06:27.587628   freeze finish - f 6, value - 0.0
10/19/2023, 10:06:27.587628   black finish - 6
