10/18/2023, 13:33:14.620864   Create Decklink array...
10/18/2023, 13:33:14.620864   Create Decklink array...
10/18/2023, 13:33:14.620864   Create ROI array...
10/18/2023, 13:33:14.620864   Create ROI array...
10/18/2023, 13:33:14.620864   Create ROI array...
10/18/2023, 13:33:14.620864   Create ROI array...
10/18/2023, 13:33:14.620864   Create ROI array...
10/18/2023, 13:33:14.620864   Create ROI array...
10/18/2023, 13:33:14.620864   Create ROI array...
10/18/2023, 13:33:14.620864   Create ROI array...
10/18/2023, 13:33:14.620864   Create ROI array...
10/18/2023, 13:33:14.620864   Create ROI array...
10/18/2023, 13:33:14.620864   Create ROI array...
10/18/2023, 13:33:14.620864   Create ROI array...
10/18/2023, 13:33:14.620864   Create ROI array...
10/18/2023, 13:33:14.620864   Create ROI array...
10/18/2023, 13:33:14.620864   Create ROI array...
10/18/2023, 13:33:14.620864   Create ROI array...
10/18/2023, 13:33:14.620864   Create ROI array...
10/18/2023, 13:33:14.620864   Create ROI array...
10/18/2023, 13:33:14.620864   Create ROI array...
10/18/2023, 13:33:14.620864   Create ROI array...
10/18/2023, 13:33:14.620864   Create ROI array...
10/18/2023, 13:33:14.620864   Create ROI array...
10/18/2023, 13:33:14.620864   Create ROI array...
10/18/2023, 13:33:14.620864   Create ROI array...
10/18/2023, 13:33:14.620864   Create ROI array...
10/18/2023, 13:33:14.620864   Create ROI array...
10/18/2023, 13:33:14.620864   Create ROI array...
10/18/2023, 13:33:14.620864   Create ROI array...
10/18/2023, 13:33:14.620864   Create ROI array...
10/18/2023, 13:33:14.620864   Create ROI array...
10/18/2023, 13:33:14.620864   Create ROI array...
10/18/2023, 13:33:14.620864   Create ROI array...
10/18/2023, 13:33:14.620864   load status
10/18/2023, 13:33:14.636488   start Decklink pipeline play ...
10/18/2023, 13:33:14.636488   start Decklink pipeline play ...
10/18/2023, 13:33:14.636488   Decklin index minimum is 3
10/18/2023, 13:33:39.416674   Create Decklink array...
10/18/2023, 13:33:39.416674   Create Decklink array...
10/18/2023, 13:33:39.416674   Create ROI array...
10/18/2023, 13:33:39.416674   Create ROI array...
10/18/2023, 13:33:39.416674   Create ROI array...
10/18/2023, 13:33:39.416674   Create ROI array...
10/18/2023, 13:33:39.416674   Create ROI array...
10/18/2023, 13:33:39.416674   Create ROI array...
10/18/2023, 13:33:39.416674   Create ROI array...
10/18/2023, 13:33:39.416674   Create ROI array...
10/18/2023, 13:33:39.416674   Create ROI array...
10/18/2023, 13:33:39.416674   Create ROI array...
10/18/2023, 13:33:39.416674   Create ROI array...
10/18/2023, 13:33:39.416674   Create ROI array...
10/18/2023, 13:33:39.416674   Create ROI array...
10/18/2023, 13:33:39.416674   Create ROI array...
10/18/2023, 13:33:39.416674   Create ROI array...
10/18/2023, 13:33:39.416674   Create ROI array...
10/18/2023, 13:33:39.416674   Create ROI array...
10/18/2023, 13:33:39.416674   Create ROI array...
10/18/2023, 13:33:39.416674   Create ROI array...
10/18/2023, 13:33:39.416674   Create ROI array...
10/18/2023, 13:33:39.416674   Create ROI array...
10/18/2023, 13:33:39.416674   Create ROI array...
10/18/2023, 13:33:39.416674   Create ROI array...
10/18/2023, 13:33:39.416674   Create ROI array...
10/18/2023, 13:33:39.416674   Create ROI array...
10/18/2023, 13:33:39.416674   Create ROI array...
10/18/2023, 13:33:39.416674   Create ROI array...
10/18/2023, 13:33:39.416674   Create ROI array...
10/18/2023, 13:33:39.416674   Create ROI array...
10/18/2023, 13:33:39.416674   Create ROI array...
10/18/2023, 13:33:39.416674   Create ROI array...
10/18/2023, 13:33:39.416674   Create ROI array...
10/18/2023, 13:33:39.416674   load status
10/18/2023, 13:33:39.432291   start Decklink pipeline play ...
10/18/2023, 13:33:39.432291   start Decklink pipeline play ...
10/18/2023, 13:33:39.432291   Decklin index minimum is 3
10/18/2023, 13:34:38.765953   Create Decklink array...
10/18/2023, 13:34:38.765953   Create Decklink array...
10/18/2023, 13:34:38.765953   Create ROI array...
10/18/2023, 13:34:38.765953   Create ROI array...
10/18/2023, 13:34:38.765953   Create ROI array...
10/18/2023, 13:34:38.765953   Create ROI array...
10/18/2023, 13:34:38.765953   Create ROI array...
10/18/2023, 13:34:38.765953   Create ROI array...
10/18/2023, 13:34:38.765953   Create ROI array...
10/18/2023, 13:34:38.765953   Create ROI array...
10/18/2023, 13:34:38.765953   Create ROI array...
10/18/2023, 13:34:38.765953   Create ROI array...
10/18/2023, 13:34:38.765953   Create ROI array...
10/18/2023, 13:34:38.765953   Create ROI array...
10/18/2023, 13:34:38.765953   Create ROI array...
10/18/2023, 13:34:38.765953   Create ROI array...
10/18/2023, 13:34:38.765953   Create ROI array...
10/18/2023, 13:34:38.765953   Create ROI array...
10/18/2023, 13:34:38.765953   Create ROI array...
10/18/2023, 13:34:38.765953   Create ROI array...
10/18/2023, 13:34:38.765953   Create ROI array...
10/18/2023, 13:34:38.765953   Create ROI array...
10/18/2023, 13:34:38.765953   Create ROI array...
10/18/2023, 13:34:38.765953   Create ROI array...
10/18/2023, 13:34:38.765953   Create ROI array...
10/18/2023, 13:34:38.765953   Create ROI array...
10/18/2023, 13:34:38.765953   Create ROI array...
10/18/2023, 13:34:38.765953   Create ROI array...
10/18/2023, 13:34:38.765953   Create ROI array...
10/18/2023, 13:34:38.765953   Create ROI array...
10/18/2023, 13:34:38.765953   Create ROI array...
10/18/2023, 13:34:38.765953   Create ROI array...
10/18/2023, 13:34:38.765953   Create ROI array...
10/18/2023, 13:34:38.765953   Create ROI array...
10/18/2023, 13:34:38.765953   load status
10/18/2023, 13:34:38.765953   ['name1', '77', '60', '2']
10/18/2023, 13:34:38.765953   ['name2', '77', '60', '2']
10/18/2023, 13:34:38.765953   ['name3', '77', '60', '1']
10/18/2023, 13:34:38.781572   ['name4', '77', '60', '1']
10/18/2023, 13:34:38.781572   ['name5', '77', '60', '1']
10/18/2023, 13:34:38.781572   ['name6', '77', '60', '2']
10/18/2023, 13:34:38.781572   ['name7', '77', '60', '2']
10/18/2023, 13:34:38.781572   ['name8', '77', '60', '2']
10/18/2023, 13:34:38.781572   ['name9', '77', '60', '1']
10/18/2023, 13:34:38.781572   ['name10', '77', '60', '2']
10/18/2023, 13:34:38.781572   ['name11', '77', '60', '2']
10/18/2023, 13:34:38.781572   ['name12', '77', '60', '2']
10/18/2023, 13:34:38.781572   ['name13', '77', '60', '2']
10/18/2023, 13:34:38.781572   ['name14', '77', '60', '2']
10/18/2023, 13:34:38.781572   ['name15', '77', '60', '2']
10/18/2023, 13:34:38.781572   ['name16', '77', '60', '2']
10/18/2023, 13:34:38.781572   ['name17', '77', '60', '2']
10/18/2023, 13:34:38.781572   ['name18', '77', '60', '2']
10/18/2023, 13:34:38.781572   ['name19', '77', '60', '2']
10/18/2023, 13:34:38.781572   ['name20', '77', '60', '2']
10/18/2023, 13:34:38.781572   ['name21', '77', '60', '2']
10/18/2023, 13:34:38.781572   ['name22', '77', '60', '2']
10/18/2023, 13:34:38.781572   ['name23', '77', '60', '2']
10/18/2023, 13:34:38.781572   ['name24', '77', '60', '2']
10/18/2023, 13:34:38.781572   ['name25', '77', '60', '2']
10/18/2023, 13:34:38.781572   ['name26', '77', '60', '2']
10/18/2023, 13:34:38.781572   ['name27', '77', '60', '2']
10/18/2023, 13:34:38.781572   ['name28', '77', '60', '2']
10/18/2023, 13:34:38.781572   ['name29', '77', '60', '2']
10/18/2023, 13:34:38.781572   ['name30', '77', '60', '2']
10/18/2023, 13:34:38.781572   ['name31', '77', '60', '2']
10/18/2023, 13:34:38.781572   ['name32', '77', '60', '2']
10/18/2023, 13:34:38.781572   start Decklink pipeline play ...
10/18/2023, 13:34:38.781572   start Decklink pipeline play ...
10/18/2023, 13:34:38.781572   Decklin index minimum is 3
10/18/2023, 13:36:39.238342   Create Decklink array...
10/18/2023, 13:36:39.238342   Create Decklink array...
10/18/2023, 13:36:39.238342   Create ROI array...
10/18/2023, 13:36:39.238342   Create ROI array...
10/18/2023, 13:36:39.238342   Create ROI array...
10/18/2023, 13:36:39.238342   Create ROI array...
10/18/2023, 13:36:39.238342   Create ROI array...
10/18/2023, 13:36:39.238342   Create ROI array...
10/18/2023, 13:36:39.238342   Create ROI array...
10/18/2023, 13:36:39.238342   Create ROI array...
10/18/2023, 13:36:39.238342   Create ROI array...
10/18/2023, 13:36:39.238342   Create ROI array...
10/18/2023, 13:36:39.238342   Create ROI array...
10/18/2023, 13:36:39.238342   Create ROI array...
10/18/2023, 13:36:39.238342   Create ROI array...
10/18/2023, 13:36:39.238342   Create ROI array...
10/18/2023, 13:36:39.238342   Create ROI array...
10/18/2023, 13:36:39.238342   Create ROI array...
10/18/2023, 13:36:39.238342   Create ROI array...
10/18/2023, 13:36:39.238342   Create ROI array...
10/18/2023, 13:36:39.238342   Create ROI array...
10/18/2023, 13:36:39.238342   Create ROI array...
10/18/2023, 13:36:39.238342   Create ROI array...
10/18/2023, 13:36:39.238342   Create ROI array...
10/18/2023, 13:36:39.238342   Create ROI array...
10/18/2023, 13:36:39.238342   Create ROI array...
10/18/2023, 13:36:39.238342   Create ROI array...
10/18/2023, 13:36:39.238342   Create ROI array...
10/18/2023, 13:36:39.238342   Create ROI array...
10/18/2023, 13:36:39.238342   Create ROI array...
10/18/2023, 13:36:39.238342   Create ROI array...
10/18/2023, 13:36:39.238342   Create ROI array...
10/18/2023, 13:36:39.238342   Create ROI array...
10/18/2023, 13:36:39.238342   Create ROI array...
10/18/2023, 13:36:39.238342   load status
10/18/2023, 13:36:39.253957   ['name1', '77', '60', '2']
10/18/2023, 13:36:39.253957   ['name2', '77', '60', '2']
10/18/2023, 13:36:39.253957   ['name3', '77', '60', '1']
10/18/2023, 13:36:39.253957   ['name4', '77', '60', '1']
10/18/2023, 13:36:39.253957   ['name5', '77', '60', '1']
10/18/2023, 13:36:39.253957   ['name6', '77', '60', '2']
10/18/2023, 13:36:39.253957   ['name7', '77', '60', '2']
10/18/2023, 13:36:39.253957   ['name8', '77', '60', '2']
10/18/2023, 13:36:39.253957   ['name9', '77', '60', '1']
10/18/2023, 13:36:39.253957   ['name10', '77', '60', '2']
10/18/2023, 13:36:39.253957   ['name11', '77', '60', '2']
10/18/2023, 13:36:39.253957   ['name12', '77', '60', '2']
10/18/2023, 13:36:39.253957   ['name13', '77', '60', '2']
10/18/2023, 13:36:39.253957   ['name14', '77', '60', '2']
10/18/2023, 13:36:39.253957   ['name15', '77', '60', '2']
10/18/2023, 13:36:39.253957   ['name16', '77', '60', '2']
10/18/2023, 13:36:39.253957   ['name17', '77', '60', '2']
10/18/2023, 13:36:39.253957   ['name18', '77', '60', '2']
10/18/2023, 13:36:39.253957   ['name19', '77', '60', '2']
10/18/2023, 13:36:39.253957   ['name20', '77', '60', '2']
10/18/2023, 13:36:39.253957   ['name21', '77', '60', '2']
10/18/2023, 13:36:39.253957   ['name22', '77', '60', '2']
10/18/2023, 13:36:39.253957   ['name23', '77', '60', '2']
10/18/2023, 13:36:39.253957   ['name24', '77', '60', '2']
10/18/2023, 13:36:39.253957   ['name25', '77', '60', '2']
10/18/2023, 13:36:39.253957   ['name26', '77', '60', '2']
10/18/2023, 13:36:39.253957   ['name27', '77', '60', '2']
10/18/2023, 13:36:39.253957   ['name28', '77', '60', '2']
10/18/2023, 13:36:39.253957   ['name29', '77', '60', '2']
10/18/2023, 13:36:39.253957   ['name30', '77', '60', '2']
10/18/2023, 13:36:39.253957   ['name31', '77', '60', '2']
10/18/2023, 13:36:39.253957   ['name32', '77', '60', '2']
10/18/2023, 13:36:39.253957   start Decklink pipeline play ...
10/18/2023, 13:36:39.253957   start Decklink pipeline play ...
10/18/2023, 13:36:39.253957   Decklin index minimum is 3
